<?xml version="1.0" encoding="UTF-8"?>
<testsuite xmlns:xsi="http://www.w3.org/2001/XMLSchema-instance" xsi:noNamespaceSchemaLocation="https://maven.apache.org/surefire/maven-surefire-plugin/xsd/surefire-test-report-3.0.xsd" version="3.0" name="TestSuite" time="86.362" tests="1" errors="0" skipped="0" failures="0">
  <properties>
    <property name="sun.desktop" value="windows"/>
    <property name="awt.toolkit" value="sun.awt.windows.WToolkit"/>
    <property name="file.encoding.pkg" value="sun.io"/>
    <property name="java.specification.version" value="1.8"/>
    <property name="sun.cpu.isalist" value="amd64"/>
    <property name="sun.jnu.encoding" value="Cp1252"/>
    <property name="java.class.path" value="C:\Users\moham\Desktop\Appium\DemoProject\target\test-classes;C:\Users\moham\Desktop\Appium\DemoProject\target\classes;C:\Users\moham\.m2\repository\org\apache\maven\plugins\maven-surefire-plugin\3.0.0-M5\maven-surefire-plugin-3.0.0-M5.jar;C:\Users\moham\.m2\repository\org\apache\maven\surefire\maven-surefire-common\3.0.0-M5\maven-surefire-common-3.0.0-M5.jar;C:\Users\moham\.m2\repository\org\apache\maven\surefire\surefire-api\3.0.0-M5\surefire-api-3.0.0-M5.jar;C:\Users\moham\.m2\repository\org\apache\maven\surefire\surefire-logger-api\3.0.0-M5\surefire-logger-api-3.0.0-M5.jar;C:\Users\moham\.m2\repository\org\apache\maven\surefire\surefire-extensions-api\3.0.0-M5\surefire-extensions-api-3.0.0-M5.jar;C:\Users\moham\.m2\repository\org\apache\maven\surefire\surefire-booter\3.0.0-M5\surefire-booter-3.0.0-M5.jar;C:\Users\moham\.m2\repository\org\apache\maven\surefire\surefire-extensions-spi\3.0.0-M5\surefire-extensions-spi-3.0.0-M5.jar;C:\Users\moham\.m2\repository\org\apache\maven\maven-toolchain\3.0-alpha-2\maven-toolchain-3.0-alpha-2.jar;C:\Users\moham\.m2\repository\org\apache\maven\shared\maven-artifact-transfer\0.11.0\maven-artifact-transfer-0.11.0.jar;C:\Users\moham\.m2\repository\org\apache\maven\shared\maven-common-artifact-filters\3.0.1\maven-common-artifact-filters-3.0.1.jar;C:\Users\moham\.m2\repository\org\apache\maven\maven-model\3.0\maven-model-3.0.jar;C:\Users\moham\.m2\repository\org\apache\maven\maven-plugin-api\3.0\maven-plugin-api-3.0.jar;C:\Users\moham\.m2\repository\org\sonatype\sisu\sisu-inject-plexus\1.4.2\sisu-inject-plexus-1.4.2.jar;C:\Users\moham\.m2\repository\org\codehaus\plexus\plexus-classworlds\2.2.3\plexus-classworlds-2.2.3.jar;C:\Users\moham\.m2\repository\org\sonatype\sisu\sisu-inject-bean\1.4.2\sisu-inject-bean-1.4.2.jar;C:\Users\moham\.m2\repository\org\sonatype\sisu\sisu-guice\2.1.7\sisu-guice-2.1.7-noaop.jar;C:\Users\moham\.m2\repository\org\apache\maven\shared\maven-shared-utils\3.1.0\maven-shared-utils-3.1.0.jar;C:\Users\moham\.m2\repository\org\codehaus\plexus\plexus-java\1.0.5\plexus-java-1.0.5.jar;C:\Users\moham\.m2\repository\com\thoughtworks\qdox\qdox\2.0-M9\qdox-2.0-M9.jar;C:\Users\moham\.m2\repository\org\apache\maven\surefire\surefire-shared-utils\3.0.0-M4\surefire-shared-utils-3.0.0-M4.jar;C:\Users\moham\.m2\repository\org\testng\testng\6.14.3\testng-6.14.3.jar;C:\Users\moham\.m2\repository\com\beust\jcommander\1.72\jcommander-1.72.jar;C:\Users\moham\.m2\repository\org\apache-extras\beanshell\bsh\2.0b6\bsh-2.0b6.jar;C:\Users\moham\.m2\repository\io\appium\java-client\7.0.0\java-client-7.0.0.jar;C:\Users\moham\.m2\repository\org\seleniumhq\selenium\selenium-support\3.141.59\selenium-support-3.141.59.jar;C:\Users\moham\.m2\repository\org\seleniumhq\selenium\selenium-api\3.141.59\selenium-api-3.141.59.jar;C:\Users\moham\.m2\repository\com\google\code\gson\gson\2.8.5\gson-2.8.5.jar;C:\Users\moham\.m2\repository\org\apache\httpcomponents\httpclient\4.5.6\httpclient-4.5.6.jar;C:\Users\moham\.m2\repository\org\apache\httpcomponents\httpcore\4.4.10\httpcore-4.4.10.jar;C:\Users\moham\.m2\repository\commons-codec\commons-codec\1.10\commons-codec-1.10.jar;C:\Users\moham\.m2\repository\cglib\cglib\3.2.8\cglib-3.2.8.jar;C:\Users\moham\.m2\repository\org\ow2\asm\asm\6.2.1\asm-6.2.1.jar;C:\Users\moham\.m2\repository\org\apache\ant\ant\1.10.3\ant-1.10.3.jar;C:\Users\moham\.m2\repository\org\apache\ant\ant-launcher\1.10.3\ant-launcher-1.10.3.jar;C:\Users\moham\.m2\repository\org\springframework\spring-context\5.1.0.RELEASE\spring-context-5.1.0.RELEASE.jar;C:\Users\moham\.m2\repository\org\springframework\spring-aop\5.1.0.RELEASE\spring-aop-5.1.0.RELEASE.jar;C:\Users\moham\.m2\repository\org\springframework\spring-beans\5.1.0.RELEASE\spring-beans-5.1.0.RELEASE.jar;C:\Users\moham\.m2\repository\org\springframework\spring-core\5.1.0.RELEASE\spring-core-5.1.0.RELEASE.jar;C:\Users\moham\.m2\repository\org\springframework\spring-jcl\5.1.0.RELEASE\spring-jcl-5.1.0.RELEASE.jar;C:\Users\moham\.m2\repository\org\springframework\spring-expression\5.1.0.RELEASE\spring-expression-5.1.0.RELEASE.jar;C:\Users\moham\.m2\repository\org\aspectj\aspectjweaver\1.9.1\aspectjweaver-1.9.1.jar;C:\Users\moham\.m2\repository\org\seleniumhq\selenium\selenium-java\3.141.59\selenium-java-3.141.59.jar;C:\Users\moham\.m2\repository\org\seleniumhq\selenium\selenium-chrome-driver\3.141.59\selenium-chrome-driver-3.141.59.jar;C:\Users\moham\.m2\repository\org\seleniumhq\selenium\selenium-edge-driver\3.141.59\selenium-edge-driver-3.141.59.jar;C:\Users\moham\.m2\repository\org\seleniumhq\selenium\selenium-firefox-driver\3.141.59\selenium-firefox-driver-3.141.59.jar;C:\Users\moham\.m2\repository\org\seleniumhq\selenium\selenium-ie-driver\3.141.59\selenium-ie-driver-3.141.59.jar;C:\Users\moham\.m2\repository\org\seleniumhq\selenium\selenium-opera-driver\3.141.59\selenium-opera-driver-3.141.59.jar;C:\Users\moham\.m2\repository\org\seleniumhq\selenium\selenium-remote-driver\3.141.59\selenium-remote-driver-3.141.59.jar;C:\Users\moham\.m2\repository\org\seleniumhq\selenium\selenium-safari-driver\3.141.59\selenium-safari-driver-3.141.59.jar;C:\Users\moham\.m2\repository\net\bytebuddy\byte-buddy\1.8.15\byte-buddy-1.8.15.jar;C:\Users\moham\.m2\repository\org\apache\commons\commons-exec\1.3\commons-exec-1.3.jar;C:\Users\moham\.m2\repository\com\google\guava\guava\25.0-jre\guava-25.0-jre.jar;C:\Users\moham\.m2\repository\com\google\code\findbugs\jsr305\1.3.9\jsr305-1.3.9.jar;C:\Users\moham\.m2\repository\org\checkerframework\checker-compat-qual\2.0.0\checker-compat-qual-2.0.0.jar;C:\Users\moham\.m2\repository\com\google\errorprone\error_prone_annotations\2.1.3\error_prone_annotations-2.1.3.jar;C:\Users\moham\.m2\repository\com\google\j2objc\j2objc-annotations\1.1\j2objc-annotations-1.1.jar;C:\Users\moham\.m2\repository\org\codehaus\mojo\animal-sniffer-annotations\1.14\animal-sniffer-annotations-1.14.jar;C:\Users\moham\.m2\repository\com\squareup\okhttp3\okhttp\3.11.0\okhttp-3.11.0.jar;C:\Users\moham\.m2\repository\com\squareup\okio\okio\1.14.0\okio-1.14.0.jar;C:\Users\moham\.m2\repository\com\aventstack\extentreports\4.0.0\extentreports-4.0.0.jar;C:\Users\moham\.m2\repository\org\freemarker\freemarker\2.3.23\freemarker-2.3.23.jar;C:\Users\moham\.m2\repository\org\mongodb\mongodb-driver\3.3.0\mongodb-driver-3.3.0.jar;C:\Users\moham\.m2\repository\org\mongodb\mongodb-driver-core\3.3.0\mongodb-driver-core-3.3.0.jar;C:\Users\moham\.m2\repository\org\mongodb\bson\3.3.0\bson-3.3.0.jar;C:\Users\moham\.m2\repository\org\apache\httpcomponents\httpmime\4.5.2\httpmime-4.5.2.jar;C:\Users\moham\.m2\repository\org\slf4j\slf4j-simple\1.7.26\slf4j-simple-1.7.26.jar;C:\Users\moham\.m2\repository\org\slf4j\slf4j-api\1.7.26\slf4j-api-1.7.26.jar;C:\Users\moham\.m2\repository\org\apache\commons\commons-lang3\3.9\commons-lang3-3.9.jar;C:\Users\moham\.m2\repository\commons-io\commons-io\2.6\commons-io-2.6.jar;C:\Users\moham\.m2\repository\log4j\log4j\1.2.17\log4j-1.2.17.jar;C:\Users\moham\.m2\repository\commons-validator\commons-validator\1.6\commons-validator-1.6.jar;C:\Users\moham\.m2\repository\commons-beanutils\commons-beanutils\1.9.2\commons-beanutils-1.9.2.jar;C:\Users\moham\.m2\repository\commons-digester\commons-digester\1.8.1\commons-digester-1.8.1.jar;C:\Users\moham\.m2\repository\commons-logging\commons-logging\1.2\commons-logging-1.2.jar;C:\Users\moham\.m2\repository\commons-collections\commons-collections\3.2.2\commons-collections-3.2.2.jar;"/>
    <property name="java.vm.vendor" value="Oracle Corporation"/>
    <property name="sun.arch.data.model" value="64"/>
    <property name="user.variant" value=""/>
    <property name="java.vendor.url" value="http://java.oracle.com/"/>
    <property name="user.timezone" value="Asia/Calcutta"/>
    <property name="java.vm.specification.version" value="1.8"/>
    <property name="os.name" value="Windows 10"/>
    <property name="user.country" value="IN"/>
    <property name="sun.java.launcher" value="SUN_STANDARD"/>
    <property name="sun.boot.library.path" value="C:\Program Files\Java\jdk1.8.0_112\jre\bin"/>
    <property name="sun.java.command" value="C:\Users\moham\AppData\Local\Temp\surefire2902580012714097454\surefirebooter3462374166440196498.jar C:\Users\moham\AppData\Local\Temp\surefire2902580012714097454 2020-07-06T09-41-45_813-jvmRun1 surefire4717044099104635566tmp surefire_06619875133472315502tmp"/>
    <property name="surefire.test.class.path" value="C:\Users\moham\Desktop\Appium\DemoProject\target\test-classes;C:\Users\moham\Desktop\Appium\DemoProject\target\classes;C:\Users\moham\.m2\repository\org\apache\maven\plugins\maven-surefire-plugin\3.0.0-M5\maven-surefire-plugin-3.0.0-M5.jar;C:\Users\moham\.m2\repository\org\apache\maven\surefire\maven-surefire-common\3.0.0-M5\maven-surefire-common-3.0.0-M5.jar;C:\Users\moham\.m2\repository\org\apache\maven\surefire\surefire-api\3.0.0-M5\surefire-api-3.0.0-M5.jar;C:\Users\moham\.m2\repository\org\apache\maven\surefire\surefire-logger-api\3.0.0-M5\surefire-logger-api-3.0.0-M5.jar;C:\Users\moham\.m2\repository\org\apache\maven\surefire\surefire-extensions-api\3.0.0-M5\surefire-extensions-api-3.0.0-M5.jar;C:\Users\moham\.m2\repository\org\apache\maven\surefire\surefire-booter\3.0.0-M5\surefire-booter-3.0.0-M5.jar;C:\Users\moham\.m2\repository\org\apache\maven\surefire\surefire-extensions-spi\3.0.0-M5\surefire-extensions-spi-3.0.0-M5.jar;C:\Users\moham\.m2\repository\org\apache\maven\maven-toolchain\3.0-alpha-2\maven-toolchain-3.0-alpha-2.jar;C:\Users\moham\.m2\repository\org\apache\maven\shared\maven-artifact-transfer\0.11.0\maven-artifact-transfer-0.11.0.jar;C:\Users\moham\.m2\repository\org\apache\maven\shared\maven-common-artifact-filters\3.0.1\maven-common-artifact-filters-3.0.1.jar;C:\Users\moham\.m2\repository\org\apache\maven\maven-model\3.0\maven-model-3.0.jar;C:\Users\moham\.m2\repository\org\apache\maven\maven-plugin-api\3.0\maven-plugin-api-3.0.jar;C:\Users\moham\.m2\repository\org\sonatype\sisu\sisu-inject-plexus\1.4.2\sisu-inject-plexus-1.4.2.jar;C:\Users\moham\.m2\repository\org\codehaus\plexus\plexus-classworlds\2.2.3\plexus-classworlds-2.2.3.jar;C:\Users\moham\.m2\repository\org\sonatype\sisu\sisu-inject-bean\1.4.2\sisu-inject-bean-1.4.2.jar;C:\Users\moham\.m2\repository\org\sonatype\sisu\sisu-guice\2.1.7\sisu-guice-2.1.7-noaop.jar;C:\Users\moham\.m2\repository\org\apache\maven\shared\maven-shared-utils\3.1.0\maven-shared-utils-3.1.0.jar;C:\Users\moham\.m2\repository\org\codehaus\plexus\plexus-java\1.0.5\plexus-java-1.0.5.jar;C:\Users\moham\.m2\repository\com\thoughtworks\qdox\qdox\2.0-M9\qdox-2.0-M9.jar;C:\Users\moham\.m2\repository\org\apache\maven\surefire\surefire-shared-utils\3.0.0-M4\surefire-shared-utils-3.0.0-M4.jar;C:\Users\moham\.m2\repository\org\testng\testng\6.14.3\testng-6.14.3.jar;C:\Users\moham\.m2\repository\com\beust\jcommander\1.72\jcommander-1.72.jar;C:\Users\moham\.m2\repository\org\apache-extras\beanshell\bsh\2.0b6\bsh-2.0b6.jar;C:\Users\moham\.m2\repository\io\appium\java-client\7.0.0\java-client-7.0.0.jar;C:\Users\moham\.m2\repository\org\seleniumhq\selenium\selenium-support\3.141.59\selenium-support-3.141.59.jar;C:\Users\moham\.m2\repository\org\seleniumhq\selenium\selenium-api\3.141.59\selenium-api-3.141.59.jar;C:\Users\moham\.m2\repository\com\google\code\gson\gson\2.8.5\gson-2.8.5.jar;C:\Users\moham\.m2\repository\org\apache\httpcomponents\httpclient\4.5.6\httpclient-4.5.6.jar;C:\Users\moham\.m2\repository\org\apache\httpcomponents\httpcore\4.4.10\httpcore-4.4.10.jar;C:\Users\moham\.m2\repository\commons-codec\commons-codec\1.10\commons-codec-1.10.jar;C:\Users\moham\.m2\repository\cglib\cglib\3.2.8\cglib-3.2.8.jar;C:\Users\moham\.m2\repository\org\ow2\asm\asm\6.2.1\asm-6.2.1.jar;C:\Users\moham\.m2\repository\org\apache\ant\ant\1.10.3\ant-1.10.3.jar;C:\Users\moham\.m2\repository\org\apache\ant\ant-launcher\1.10.3\ant-launcher-1.10.3.jar;C:\Users\moham\.m2\repository\org\springframework\spring-context\5.1.0.RELEASE\spring-context-5.1.0.RELEASE.jar;C:\Users\moham\.m2\repository\org\springframework\spring-aop\5.1.0.RELEASE\spring-aop-5.1.0.RELEASE.jar;C:\Users\moham\.m2\repository\org\springframework\spring-beans\5.1.0.RELEASE\spring-beans-5.1.0.RELEASE.jar;C:\Users\moham\.m2\repository\org\springframework\spring-core\5.1.0.RELEASE\spring-core-5.1.0.RELEASE.jar;C:\Users\moham\.m2\repository\org\springframework\spring-jcl\5.1.0.RELEASE\spring-jcl-5.1.0.RELEASE.jar;C:\Users\moham\.m2\repository\org\springframework\spring-expression\5.1.0.RELEASE\spring-expression-5.1.0.RELEASE.jar;C:\Users\moham\.m2\repository\org\aspectj\aspectjweaver\1.9.1\aspectjweaver-1.9.1.jar;C:\Users\moham\.m2\repository\org\seleniumhq\selenium\selenium-java\3.141.59\selenium-java-3.141.59.jar;C:\Users\moham\.m2\repository\org\seleniumhq\selenium\selenium-chrome-driver\3.141.59\selenium-chrome-driver-3.141.59.jar;C:\Users\moham\.m2\repository\org\seleniumhq\selenium\selenium-edge-driver\3.141.59\selenium-edge-driver-3.141.59.jar;C:\Users\moham\.m2\repository\org\seleniumhq\selenium\selenium-firefox-driver\3.141.59\selenium-firefox-driver-3.141.59.jar;C:\Users\moham\.m2\repository\org\seleniumhq\selenium\selenium-ie-driver\3.141.59\selenium-ie-driver-3.141.59.jar;C:\Users\moham\.m2\repository\org\seleniumhq\selenium\selenium-opera-driver\3.141.59\selenium-opera-driver-3.141.59.jar;C:\Users\moham\.m2\repository\org\seleniumhq\selenium\selenium-remote-driver\3.141.59\selenium-remote-driver-3.141.59.jar;C:\Users\moham\.m2\repository\org\seleniumhq\selenium\selenium-safari-driver\3.141.59\selenium-safari-driver-3.141.59.jar;C:\Users\moham\.m2\repository\net\bytebuddy\byte-buddy\1.8.15\byte-buddy-1.8.15.jar;C:\Users\moham\.m2\repository\org\apache\commons\commons-exec\1.3\commons-exec-1.3.jar;C:\Users\moham\.m2\repository\com\google\guava\guava\25.0-jre\guava-25.0-jre.jar;C:\Users\moham\.m2\repository\com\google\code\findbugs\jsr305\1.3.9\jsr305-1.3.9.jar;C:\Users\moham\.m2\repository\org\checkerframework\checker-compat-qual\2.0.0\checker-compat-qual-2.0.0.jar;C:\Users\moham\.m2\repository\com\google\errorprone\error_prone_annotations\2.1.3\error_prone_annotations-2.1.3.jar;C:\Users\moham\.m2\repository\com\google\j2objc\j2objc-annotations\1.1\j2objc-annotations-1.1.jar;C:\Users\moham\.m2\repository\org\codehaus\mojo\animal-sniffer-annotations\1.14\animal-sniffer-annotations-1.14.jar;C:\Users\moham\.m2\repository\com\squareup\okhttp3\okhttp\3.11.0\okhttp-3.11.0.jar;C:\Users\moham\.m2\repository\com\squareup\okio\okio\1.14.0\okio-1.14.0.jar;C:\Users\moham\.m2\repository\com\aventstack\extentreports\4.0.0\extentreports-4.0.0.jar;C:\Users\moham\.m2\repository\org\freemarker\freemarker\2.3.23\freemarker-2.3.23.jar;C:\Users\moham\.m2\repository\org\mongodb\mongodb-driver\3.3.0\mongodb-driver-3.3.0.jar;C:\Users\moham\.m2\repository\org\mongodb\mongodb-driver-core\3.3.0\mongodb-driver-core-3.3.0.jar;C:\Users\moham\.m2\repository\org\mongodb\bson\3.3.0\bson-3.3.0.jar;C:\Users\moham\.m2\repository\org\apache\httpcomponents\httpmime\4.5.2\httpmime-4.5.2.jar;C:\Users\moham\.m2\repository\org\slf4j\slf4j-simple\1.7.26\slf4j-simple-1.7.26.jar;C:\Users\moham\.m2\repository\org\slf4j\slf4j-api\1.7.26\slf4j-api-1.7.26.jar;C:\Users\moham\.m2\repository\org\apache\commons\commons-lang3\3.9\commons-lang3-3.9.jar;C:\Users\moham\.m2\repository\commons-io\commons-io\2.6\commons-io-2.6.jar;C:\Users\moham\.m2\repository\log4j\log4j\1.2.17\log4j-1.2.17.jar;C:\Users\moham\.m2\repository\commons-validator\commons-validator\1.6\commons-validator-1.6.jar;C:\Users\moham\.m2\repository\commons-beanutils\commons-beanutils\1.9.2\commons-beanutils-1.9.2.jar;C:\Users\moham\.m2\repository\commons-digester\commons-digester\1.8.1\commons-digester-1.8.1.jar;C:\Users\moham\.m2\repository\commons-logging\commons-logging\1.2\commons-logging-1.2.jar;C:\Users\moham\.m2\repository\commons-collections\commons-collections\3.2.2\commons-collections-3.2.2.jar;"/>
    <property name="sun.cpu.endian" value="little"/>
    <property name="user.home" value="C:\Users\moham"/>
    <property name="user.language" value="en"/>
    <property name="java.specification.vendor" value="Oracle Corporation"/>
    <property name="java.home" value="C:\Program Files\Java\jdk1.8.0_112\jre"/>
    <property name="basedir" value="C:\Users\moham\Desktop\Appium\DemoProject"/>
    <property name="file.separator" value="\"/>
    <property name="line.separator" value="&#10;"/>
    <property name="java.vm.specification.vendor" value="Oracle Corporation"/>
    <property name="java.specification.name" value="Java Platform API Specification"/>
    <property name="java.awt.graphicsenv" value="sun.awt.Win32GraphicsEnvironment"/>
    <property name="surefire.real.class.path" value="C:\Users\moham\AppData\Local\Temp\surefire2902580012714097454\surefirebooter3462374166440196498.jar"/>
    <property name="sun.boot.class.path" value="C:\Program Files\Java\jdk1.8.0_112\jre\lib\resources.jar;C:\Program Files\Java\jdk1.8.0_112\jre\lib\rt.jar;C:\Program Files\Java\jdk1.8.0_112\jre\lib\sunrsasign.jar;C:\Program Files\Java\jdk1.8.0_112\jre\lib\jsse.jar;C:\Program Files\Java\jdk1.8.0_112\jre\lib\jce.jar;C:\Program Files\Java\jdk1.8.0_112\jre\lib\charsets.jar;C:\Program Files\Java\jdk1.8.0_112\jre\lib\jfr.jar;C:\Program Files\Java\jdk1.8.0_112\jre\classes"/>
    <property name="user.script" value=""/>
    <property name="sun.management.compiler" value="HotSpot 64-Bit Tiered Compilers"/>
    <property name="java.runtime.version" value="1.8.0_112-b15"/>
    <property name="user.name" value="moham"/>
    <property name="path.separator" value=";"/>
    <property name="os.version" value="10.0"/>
    <property name="java.endorsed.dirs" value="C:\Program Files\Java\jdk1.8.0_112\jre\lib\endorsed"/>
    <property name="java.runtime.name" value="Java(TM) SE Runtime Environment"/>
    <property name="file.encoding" value="Cp1252"/>
    <property name="java.vm.name" value="Java HotSpot(TM) 64-Bit Server VM"/>
    <property name="localRepository" value="C:\Users\moham\.m2\repository"/>
    <property name="java.vendor.url.bug" value="http://bugreport.sun.com/bugreport/"/>
    <property name="java.io.tmpdir" value="C:\Users\moham\AppData\Local\Temp\"/>
    <property name="java.version" value="1.8.0_112"/>
    <property name="user.dir" value="C:\Users\moham\Desktop\Appium\DemoProject"/>
    <property name="os.arch" value="amd64"/>
    <property name="java.vm.specification.name" value="Java Virtual Machine Specification"/>
    <property name="java.awt.printerjob" value="sun.awt.windows.WPrinterJob"/>
    <property name="sun.os.patch.level" value=""/>
    <property name="java.library.path" value="C:\Program Files\Java\jdk1.8.0_112\jre\bin;C:\WINDOWS\Sun\Java\bin;C:\WINDOWS\system32;C:\WINDOWS;C:\Program Files (x86)\Common Files\Oracle\Java\javapath;C:\Program Files\Java\jdk-11.0.1\bin;C:\WINDOWS\system32;C:\WINDOWS;C:\WINDOWS\System32\Wbem;C:\WINDOWS\System32\WindowsPowerShell\v1.0\;C:\WINDOWS\System32\OpenSSH\;C:\Users\moham\AppData\Local\Android\Sdk\tools;C:\Users\moham\AppData\Local\Android\Sdk\platform-tools;C:\Users\moham\Downloads\apache-maven-3.6.0-bin\apache-maven-3.6.0\bin;C:\Program Files\Git\cmd;C:\Users\moham\AppData\Local\Android\Sdk\tools\bin;C:\Program Files\nodejs\;C:\Program Files\nodejs\node_modules\npm\bin;C:\Users\moham\AppData\Local\Android\Sdk;C:\Users\moham\AppData\Local\Programs\Python\Python37\Scripts\;C:\Users\moham\AppData\Local\Programs\Python\Python37\;C:\Users\moham\AppData\Local\Microsoft\WindowsApps;C:\Program Files\Java\jdk-11.0.1\bin;C:\Users\moham\AppData\Local\Programs\Microsoft VS Code\bin;C:\Users\moham\AppData\Local\GitHubDesktop\bin;C:\Users\moham\AppData\Roaming\npm;."/>
    <property name="java.vm.info" value="mixed mode"/>
    <property name="java.vendor" value="Oracle Corporation"/>
    <property name="java.vm.version" value="25.112-b15"/>
    <property name="java.ext.dirs" value="C:\Program Files\Java\jdk1.8.0_112\jre\lib\ext;C:\WINDOWS\Sun\Java\lib\ext"/>
    <property name="sun.io.unicode.encoding" value="UnicodeLittle"/>
    <property name="java.class.version" value="52.0"/>
  </properties>
  <testcase name="productInStockValidation" classname="com.amazon.DempProject.TC_ProductInStockValidation" time="42.166">
    <system-out><![CDATA[&amp#27;[35m[Appium]&amp#27;[39m Welcome to Appium v1.17.1
&amp#27;[35m[Appium]&amp#27;[39m Appium REST http interface listener started on 0.0.0.0:4723
&amp#27;[35m[HTTP]&amp#27;[39m &amp#27;[37m-->&amp#27;[39m &amp#27;[37mGET&amp#27;[39m &amp#27;[37m/wd/hub/status&amp#27;[39m
&amp#27;[35m[HTTP]&amp#27;[39m &amp#27;[90m{}&amp#27;[39m
[debug] &amp#27;[35m[GENERIC]&amp#27;[39m Calling AppiumDriver.getStatus() with args: []
[debug] &amp#27;[35m[GENERIC]&amp#27;[39m Responding to client with driver.getStatus() result: {"build":{"version":"1.17.1"}}
&amp#27;[35m[HTTP]&amp#27;[39m &amp#27;[37m<-- GET /wd/hub/status &amp#27;[39m&amp#27;[32m200&amp#27;[39m &amp#27;[90m9 ms - 68&amp#27;[39m
&amp#27;[35m[HTTP]&amp#27;[39m &amp#27;[90m&amp#27;[39m
&amp#27;[35m[HTTP]&amp#27;[39m &amp#27;[37m-->&amp#27;[39m &amp#27;[37mPOST&amp#27;[39m &amp#27;[37m/wd/hub/session&amp#27;[39m
&amp#27;[35m[HTTP]&amp#27;[39m &amp#27;[90m{"desiredCapabilities":{"app":"C:\\Users\\moham\\Desktop\\Appium\\DemoProject\\src\\Amazon.apk","appActivity":"com.amazon.mShop.home.HomeActivity","appPackage":"in.amazon.mShop.android.shopping","platformName":"Android","udid":"3300a0bd18c31465"},"capabilities":{"firstMatch":[{"appium:app":"C:\\Users\\moham\\Desktop\\Appium\\DemoProject\\src\\Amazon.apk","appium:appActivity":"com.amazon.mShop.home.HomeActivity","appium:appPackage":"in.amazon.mShop.android.shopping","platformName":"android","appium:udid":"3300a0bd18c31465"}]}}&amp#27;[39m
[debug] &amp#27;[35m[W3C]&amp#27;[39m Calling AppiumDriver.createSession() with args: [{"app":"C:\\Users\\moham\\Desktop\\Appium\\DemoProject\\src\\Amazon.apk","appActivity":"com.amazon.mShop.home.HomeActivity","appPackage":"in.amazon.mShop.android.shopping","platformName":"Android","udid":"3300a0bd18c31465"},null,{"firstMatch":[{"appium:app":"C:\\Users\\moham\\Desktop\\Appium\\DemoProject\\src\\Amazon.apk","appium:appActivity":"com.amazon.mShop.home.HomeActivity","appium:appPackage":"in.amazon.mShop.android.shopping","platformName":"android","appium:udid":"3300a0bd18c31465"}]}]
[debug] &amp#27;[35m[BaseDriver]&amp#27;[39m Event 'newSessionRequested' logged at 1594008712512 (09:41:52 GMT+0530 (India Standard Time))
&amp#27;[35m[Appium]&amp#27;[39m 
&amp#27;[35m[Appium]&amp#27;[39m ======================================================================
&amp#27;[35m[Appium]&amp#27;[39m   DEPRECATION WARNING:
&amp#27;[35m[Appium]&amp#27;[39m 
&amp#27;[35m[Appium]&amp#27;[39m   The 'automationName' capability was not provided in the desired 
&amp#27;[35m[Appium]&amp#27;[39m   capabilities for this Android session
&amp#27;[35m[Appium]&amp#27;[39m 
&amp#27;[35m[Appium]&amp#27;[39m   Setting 'automationName=UiAutomator2' by default and using the 
&amp#27;[35m[Appium]&amp#27;[39m   UiAutomator2 Driver
&amp#27;[35m[Appium]&amp#27;[39m 
&amp#27;[35m[Appium]&amp#27;[39m   The next major version of Appium (2.x) will **require** the 
&amp#27;[35m[Appium]&amp#27;[39m   'automationName' capability to be set for all sessions on all 
&amp#27;[35m[Appium]&amp#27;[39m   platforms
&amp#27;[35m[Appium]&amp#27;[39m 
&amp#27;[35m[Appium]&amp#27;[39m   In previous versions (Appium <= 1.13.x), the default was 
&amp#27;[35m[Appium]&amp#27;[39m   'automationName=UiAutomator1'
&amp#27;[35m[Appium]&amp#27;[39m 
&amp#27;[35m[Appium]&amp#27;[39m   If you wish to use that automation instead of UiAutomator2, please 
&amp#27;[35m[Appium]&amp#27;[39m   add 'automationName=UiAutomator1' to your desired capabilities
&amp#27;[35m[Appium]&amp#27;[39m 
&amp#27;[35m[Appium]&amp#27;[39m   For more information about drivers, please visit 
&amp#27;[35m[Appium]&amp#27;[39m   http://appium.io/docs/en/about-appium/intro/ and explore the 
&amp#27;[35m[Appium]&amp#27;[39m   'Drivers' menu
&amp#27;[35m[Appium]&amp#27;[39m 
&amp#27;[35m[Appium]&amp#27;[39m ======================================================================
&amp#27;[35m[Appium]&amp#27;[39m 
&amp#27;[35m[Appium]&amp#27;[39m Appium v1.17.1 creating new AndroidUiautomator2Driver (v1.44.2) session
[debug] &amp#27;[35m[BaseDriver]&amp#27;[39m W3C capabilities and MJSONWP desired capabilities were provided
[debug] &amp#27;[35m[BaseDriver]&amp#27;[39m Creating session with W3C capabilities: {
[debug] &amp#27;[35m[BaseDriver]&amp#27;[39m   "alwaysMatch": {
[debug] &amp#27;[35m[BaseDriver]&amp#27;[39m     "platformName": "android",
[debug] &amp#27;[35m[BaseDriver]&amp#27;[39m     "appium:app": "C:\\Users\\moham\\Desktop\\Appium\\DemoProject\\src\\Amazon.apk",
[debug] &amp#27;[35m[BaseDriver]&amp#27;[39m     "appium:appActivity": "com.amazon.mShop.home.HomeActivity",
[debug] &amp#27;[35m[BaseDriver]&amp#27;[39m     "appium:appPackage": "in.amazon.mShop.android.shopping",
[debug] &amp#27;[35m[BaseDriver]&amp#27;[39m     "appium:udid": "3300a0bd18c31465"
[debug] &amp#27;[35m[BaseDriver]&amp#27;[39m   },
[debug] &amp#27;[35m[BaseDriver]&amp#27;[39m   "firstMatch": [
[debug] &amp#27;[35m[BaseDriver]&amp#27;[39m     {}
[debug] &amp#27;[35m[BaseDriver]&amp#27;[39m   ]
[debug] &amp#27;[35m[BaseDriver]&amp#27;[39m }
&amp#27;[35m[BaseDriver]&amp#27;[39m Session created with session id: 346d4f1e-c621-4bc0-a119-ffc83ca9b2b7
&amp#27;[35m[BaseDriver]&amp#27;[39m Using local app 'C:\Users\moham\Desktop\Appium\DemoProject\src\Amazon.apk'
[debug] &amp#27;[35m[UiAutomator2]&amp#27;[39m Checking whether app is actually present
&amp#27;[35m[ADB]&amp#27;[39m Found 2 'build-tools' folders under 'C:\Users\moham\AppData\Local\Android\Sdk' (newest first):
&amp#27;[35m[ADB]&amp#27;[39m     C:/Users/moham/AppData/Local/Android/Sdk/build-tools/29.0.2
&amp#27;[35m[ADB]&amp#27;[39m     C:/Users/moham/AppData/Local/Android/Sdk/build-tools/28.0.3
&amp#27;[35m[ADB]&amp#27;[39m Using 'adb.exe' from 'C:\Users\moham\AppData\Local\Android\Sdk\platform-tools\adb.exe'
&amp#27;[35m[AndroidDriver]&amp#27;[39m Retrieving device list
[debug] &amp#27;[35m[ADB]&amp#27;[39m Trying to find a connected android device
[debug] &amp#27;[35m[ADB]&amp#27;[39m Getting connected devices...
[debug] &amp#27;[35m[ADB]&amp#27;[39m Connected devices: [{"udid":"3300a0bd18c31465","state":"device"}]
&amp#27;[35m[AndroidDriver]&amp#27;[39m Using device: 3300a0bd18c31465
&amp#27;[35m[ADB]&amp#27;[39m Using 'adb.exe' from 'C:\Users\moham\AppData\Local\Android\Sdk\platform-tools\adb.exe'
[debug] &amp#27;[35m[ADB]&amp#27;[39m Setting device id to 3300a0bd18c31465
[debug] &amp#27;[35m[ADB]&amp#27;[39m Running 'C:\Users\moham\AppData\Local\Android\Sdk\platform-tools\adb.exe -P 5037 -s 3300a0bd18c31465 shell getprop ro.build.version.sdk'
[debug] &amp#27;[35m[ADB]&amp#27;[39m Current device property 'ro.build.version.sdk': 23
[debug] &amp#27;[35m[ADB]&amp#27;[39m Device API level: 23
[debug] &amp#27;[35m[ADB]&amp#27;[39m Running 'C:\Users\moham\AppData\Local\Android\Sdk\platform-tools\adb.exe -P 5037 -s 3300a0bd18c31465 wait-for-device'
[debug] &amp#27;[35m[ADB]&amp#27;[39m Running 'C:\Users\moham\AppData\Local\Android\Sdk\platform-tools\adb.exe -P 5037 -s 3300a0bd18c31465 shell echo ping'
[debug] &amp#27;[35m[AndroidDriver]&amp#27;[39m Pushing settings apk to device...
[debug] &amp#27;[35m[ADB]&amp#27;[39m Getting install status for io.appium.settings
[debug] &amp#27;[35m[ADB]&amp#27;[39m Running 'C:\Users\moham\AppData\Local\Android\Sdk\platform-tools\adb.exe -P 5037 -s 3300a0bd18c31465 shell dumpsys package io.appium.settings'
[debug] &amp#27;[35m[ADB]&amp#27;[39m 'io.appium.settings' is installed
[debug] &amp#27;[35m[ADB]&amp#27;[39m Getting package info for 'io.appium.settings'
[debug] &amp#27;[35m[ADB]&amp#27;[39m Running 'C:\Users\moham\AppData\Local\Android\Sdk\platform-tools\adb.exe -P 5037 -s 3300a0bd18c31465 shell dumpsys package io.appium.settings'
[debug] &amp#27;[35m[ADB]&amp#27;[39m The version name of the installed 'io.appium.settings' is greater or equal to the application version name ('3.1.0' >= '3.1.0')
[debug] &amp#27;[35m[ADB]&amp#27;[39m There is no need to install/upgrade 'C:\Users\moham\AppData\Roaming\npm\node_modules\appium\node_modules\io.appium.settings\apks\settings_apk-debug.apk'
[debug] &amp#27;[35m[ADB]&amp#27;[39m Getting IDs of all 'io.appium.settings' processes
[debug] &amp#27;[35m[ADB]&amp#27;[39m Running 'C:\Users\moham\AppData\Local\Android\Sdk\platform-tools\adb.exe -P 5037 -s 3300a0bd18c31465 shell 'pgrep --help; echo $?''
[debug] &amp#27;[35m[ADB]&amp#27;[39m Running 'C:\Users\moham\AppData\Local\Android\Sdk\platform-tools\adb.exe -P 5037 -s 3300a0bd18c31465 shell pgrep -f io\\.appium\\.settings'
&amp#27;[35m[AndroidDriver]&amp#27;[39m Granting permissions SET_ANIMATION_SCALE,CHANGE_CONFIGURATION,ACCESS_FINE_LOCATION to 'io.appium.settings'
[debug] &amp#27;[35m[ADB]&amp#27;[39m Granting permissions ["android.permission.SET_ANIMATION_SCALE","android.permission.CHANGE_CONFIGURATION","android.permission.ACCESS_FINE_LOCATION"] to 'io.appium.settings'
[debug] &amp#27;[35m[ADB]&amp#27;[39m Got the following command chunks to execute: [["pm","grant","io.appium.settings","android.permission.SET_ANIMATION_SCALE",";","pm","grant","io.appium.settings","android.permission.CHANGE_CONFIGURATION",";","pm","grant","io.appium.settings","android.permission.ACCESS_FINE_LOCATION",";"]]
[debug] &amp#27;[35m[ADB]&amp#27;[39m Running 'C:\Users\moham\AppData\Local\Android\Sdk\platform-tools\adb.exe -P 5037 -s 3300a0bd18c31465 shell pm grant io.appium.settings android.permission.SET_ANIMATION_SCALE \; pm grant io.appium.settings android.permission.CHANGE_CONFIGURATION \; pm grant io.appium.settings android.permission.ACCESS_FINE_LOCATION \;'
[debug] &amp#27;[35m[ADB]&amp#27;[39m Getting IDs of all 'io.appium.settings' processes
[debug] &amp#27;[35m[ADB]&amp#27;[39m Running 'C:\Users\moham\AppData\Local\Android\Sdk\platform-tools\adb.exe -P 5037 -s 3300a0bd18c31465 shell pgrep -f io\\.appium\\.settings'
[debug] &amp#27;[35m[ADB]&amp#27;[39m Starting Appium Settings app
[debug] &amp#27;[35m[ADB]&amp#27;[39m Running 'C:\Users\moham\AppData\Local\Android\Sdk\platform-tools\adb.exe -P 5037 -s 3300a0bd18c31465 shell am start -n io.appium.settings/.Settings -a android.intent.action.MAIN -c android.intent.category.LAUNCHER'
[debug] &amp#27;[35m[ADB]&amp#27;[39m Getting IDs of all 'io.appium.settings' processes
[debug] &amp#27;[35m[ADB]&amp#27;[39m Running 'C:\Users\moham\AppData\Local\Android\Sdk\platform-tools\adb.exe -P 5037 -s 3300a0bd18c31465 shell pgrep -f io\\.appium\\.settings'
[debug] &amp#27;[35m[ADB]&amp#27;[39m Running 'C:\Users\moham\AppData\Local\Android\Sdk\platform-tools\adb.exe -P 5037 -s 3300a0bd18c31465 shell appops set io.appium.settings android\:mock_location allow'
[debug] &amp#27;[35m[Logcat]&amp#27;[39m Starting logcat capture
[debug] &amp#27;[35m[UiAutomator2]&amp#27;[39m Forwarding UiAutomator2 Server port 6790 to 8204
[debug] &amp#27;[35m[ADB]&amp#27;[39m Forwarding system: 8204 to device: 6790
[debug] &amp#27;[35m[ADB]&amp#27;[39m Running 'C:\Users\moham\AppData\Local\Android\Sdk\platform-tools\adb.exe -P 5037 -s 3300a0bd18c31465 forward tcp\:8204 tcp\:6790'
[debug] &amp#27;[35m[ADB]&amp#27;[39m Getting install status for io.appium.uiautomator2.server
[debug] &amp#27;[35m[ADB]&amp#27;[39m Running 'C:\Users\moham\AppData\Local\Android\Sdk\platform-tools\adb.exe -P 5037 -s 3300a0bd18c31465 shell dumpsys package io.appium.uiautomator2.server'
[debug] &amp#27;[35m[ADB]&amp#27;[39m 'io.appium.uiautomator2.server' is installed
[debug] &amp#27;[35m[ADB]&amp#27;[39m Getting package info for 'io.appium.uiautomator2.server'
[debug] &amp#27;[35m[ADB]&amp#27;[39m Running 'C:\Users\moham\AppData\Local\Android\Sdk\platform-tools\adb.exe -P 5037 -s 3300a0bd18c31465 shell dumpsys package io.appium.uiautomator2.server'
[debug] &amp#27;[35m[ADB]&amp#27;[39m The version name of the installed 'io.appium.uiautomator2.server' is greater or equal to the application version name ('4.5.5' >= '4.5.5')
[debug] &amp#27;[35m[UiAutomator2]&amp#27;[39m io.appium.uiautomator2.server installation state: sameVersionInstalled
[debug] &amp#27;[35m[ADB]&amp#27;[39m Checking app cert for C:\Users\moham\AppData\Roaming\npm\node_modules\appium\node_modules\appium-uiautomator2-server\apks\appium-uiautomator2-server-v4.5.5.apk
&amp#27;[35m[ADB]&amp#27;[39m Using 'apksigner.jar' from 'C:\Users\moham\AppData\Local\Android\Sdk\build-tools\29.0.2\lib\apksigner.jar'
[debug] &amp#27;[35m[ADB]&amp#27;[39m Starting apksigner: 'C:\\Program Files\\Java\\jdk1.8.0_112\\bin\\java.exe' -Xmx1024M -Xss1m -jar C:\\Users\\moham\\AppData\\Local\\Android\\Sdk\\build-tools\\29.0.2\\lib\\apksigner.jar verify --print-certs C:\\Users\\moham\\AppData\\Roaming\\npm\\node_modules\\appium\\node_modules\\appium-uiautomator2-server\\apks\\appium-uiautomator2-server-v4.5.5.apk
[debug] &amp#27;[35m[ADB]&amp#27;[39m apksigner stdout: Signer #1 certificate DN: EMAILADDRESS=android@android.com, CN=Android, OU=Android, O=Android, L=Mountain View, ST=California, C=US
[debug] &amp#27;[35m[ADB]&amp#27;[39m Signer #1 certificate SHA-256 digest: a40da80a59d170caa950cf15c18c454d47a39b26989d8b640ecd745ba71bf5dc
[debug] &amp#27;[35m[ADB]&amp#27;[39m Signer #1 certificate SHA-1 digest: 61ed377e85d386a8dfee6b864bd85b0bfaa5af81
[debug] &amp#27;[35m[ADB]&amp#27;[39m Signer #1 certificate MD5 digest: e89b158e4bcf988ebd09eb83f5378e87
[debug] &amp#27;[35m[ADB]&amp#27;[39m 
[debug] &amp#27;[35m[ADB]&amp#27;[39m 'C:\Users\moham\AppData\Roaming\npm\node_modules\appium\node_modules\appium-uiautomator2-server\apks\appium-uiautomator2-server-v4.5.5.apk' is signed with the default certificate
[debug] &amp#27;[35m[ADB]&amp#27;[39m Getting install status for io.appium.uiautomator2.server.test
[debug] &amp#27;[35m[ADB]&amp#27;[39m Running 'C:\Users\moham\AppData\Local\Android\Sdk\platform-tools\adb.exe -P 5037 -s 3300a0bd18c31465 shell dumpsys package io.appium.uiautomator2.server.test'
[debug] &amp#27;[35m[ADB]&amp#27;[39m 'io.appium.uiautomator2.server.test' is installed
[debug] &amp#27;[35m[ADB]&amp#27;[39m Checking app cert for C:\Users\moham\AppData\Roaming\npm\node_modules\appium\node_modules\appium-uiautomator2-server\apks\appium-uiautomator2-server-debug-androidTest.apk
[debug] &amp#27;[35m[ADB]&amp#27;[39m Starting apksigner: 'C:\\Program Files\\Java\\jdk1.8.0_112\\bin\\java.exe' -Xmx1024M -Xss1m -jar C:\\Users\\moham\\AppData\\Local\\Android\\Sdk\\build-tools\\29.0.2\\lib\\apksigner.jar verify --print-certs C:\\Users\\moham\\AppData\\Roaming\\npm\\node_modules\\appium\\node_modules\\appium-uiautomator2-server\\apks\\appium-uiautomator2-server-debug-androidTest.apk
[debug] &amp#27;[35m[ADB]&amp#27;[39m apksigner stdout: Signer #1 certificate DN: EMAILADDRESS=android@android.com, CN=Android, OU=Android, O=Android, L=Mountain View, ST=California, C=US
[debug] &amp#27;[35m[ADB]&amp#27;[39m Signer #1 certificate SHA-256 digest: a40da80a59d170caa950cf15c18c454d47a39b26989d8b640ecd745ba71bf5dc
[debug] &amp#27;[35m[ADB]&amp#27;[39m Signer #1 certificate SHA-1 digest: 61ed377e85d386a8dfee6b864bd85b0bfaa5af81
[debug] &amp#27;[35m[ADB]&amp#27;[39m Signer #1 certificate MD5 digest: e89b158e4bcf988ebd09eb83f5378e87
[debug] &amp#27;[35m[ADB]&amp#27;[39m 
[debug] &amp#27;[35m[ADB]&amp#27;[39m 'C:\Users\moham\AppData\Roaming\npm\node_modules\appium\node_modules\appium-uiautomator2-server\apks\appium-uiautomator2-server-debug-androidTest.apk' is signed with the default certificate
&amp#27;[35m[UiAutomator2]&amp#27;[39m Server packages are not going to be (re)installed
[debug] &amp#27;[35m[UiAutomator2]&amp#27;[39m Waiting up to 30000ms for services to be available
[debug] &amp#27;[35m[ADB]&amp#27;[39m Running 'C:\Users\moham\AppData\Local\Android\Sdk\platform-tools\adb.exe -P 5037 -s 3300a0bd18c31465 shell pm list instrumentation'
[debug] &amp#27;[35m[UiAutomator2]&amp#27;[39m Instrumentation target 'io.appium.uiautomator2.server.test/androidx.test.runner.AndroidJUnitRunner' is available
[debug] &amp#27;[35m[ADB]&amp#27;[39m Checking app cert for C:\Users\moham\Desktop\Appium\DemoProject\src\Amazon.apk
[debug] &amp#27;[35m[ADB]&amp#27;[39m Starting apksigner: 'C:\\Program Files\\Java\\jdk1.8.0_112\\bin\\java.exe' -Xmx1024M -Xss1m -jar C:\\Users\\moham\\AppData\\Local\\Android\\Sdk\\build-tools\\29.0.2\\lib\\apksigner.jar verify --print-certs C:\\Users\\moham\\Desktop\\Appium\\DemoProject\\src\\Amazon.apk
[debug] &amp#27;[35m[ADB]&amp#27;[39m apksigner stdout: Signer #1 certificate DN: EMAILADDRESS=android@android.com, CN=Android, OU=Android, O=Android, L=Mountain View, ST=California, C=US
[debug] &amp#27;[35m[ADB]&amp#27;[39m Signer #1 certificate SHA-256 digest: a40da80a59d170caa950cf15c18c454d47a39b26989d8b640ecd745ba71bf5dc
[debug] &amp#27;[35m[ADB]&amp#27;[39m Signer #1 certificate SHA-1 digest: 61ed377e85d386a8dfee6b864bd85b0bfaa5af81
[debug] &amp#27;[35m[ADB]&amp#27;[39m Signer #1 certificate MD5 digest: e89b158e4bcf988ebd09eb83f5378e87
[debug] &amp#27;[35m[ADB]&amp#27;[39m 
[debug] &amp#27;[35m[ADB]&amp#27;[39m 'C:\Users\moham\Desktop\Appium\DemoProject\src\Amazon.apk' is signed with the default certificate
[debug] &amp#27;[35m[ADB]&amp#27;[39m Getting install status for in.amazon.mShop.android.shopping
[debug] &amp#27;[35m[ADB]&amp#27;[39m Running 'C:\Users\moham\AppData\Local\Android\Sdk\platform-tools\adb.exe -P 5037 -s 3300a0bd18c31465 shell dumpsys package in.amazon.mShop.android.shopping'
[debug] &amp#27;[35m[ADB]&amp#27;[39m 'in.amazon.mShop.android.shopping' is installed
[debug] &amp#27;[35m[ADB]&amp#27;[39m Getting package info for 'in.amazon.mShop.android.shopping'
[debug] &amp#27;[35m[ADB]&amp#27;[39m Running 'C:\Users\moham\AppData\Local\Android\Sdk\platform-tools\adb.exe -P 5037 -s 3300a0bd18c31465 shell dumpsys package in.amazon.mShop.android.shopping'
[debug] &amp#27;[35m[ADB]&amp#27;[39m The version code of the installed 'in.amazon.mShop.android.shopping' is greater than the application version code (1241185010 > 1241184011)
[debug] &amp#27;[35m[ADB]&amp#27;[39m There is no need to downgrade 'in.amazon.mShop.android.shopping'
&amp#27;[35m[AndroidDriver]&amp#27;[39m Performing fast reset on 'in.amazon.mShop.android.shopping'
[debug] &amp#27;[35m[ADB]&amp#27;[39m Getting install status for in.amazon.mShop.android.shopping
[debug] &amp#27;[35m[ADB]&amp#27;[39m Running 'C:\Users\moham\AppData\Local\Android\Sdk\platform-tools\adb.exe -P 5037 -s 3300a0bd18c31465 shell dumpsys package in.amazon.mShop.android.shopping'
[debug] &amp#27;[35m[ADB]&amp#27;[39m 'in.amazon.mShop.android.shopping' is installed
[debug] &amp#27;[35m[ADB]&amp#27;[39m Running 'C:\Users\moham\AppData\Local\Android\Sdk\platform-tools\adb.exe -P 5037 -s 3300a0bd18c31465 shell am force-stop in.amazon.mShop.android.shopping'
[debug] &amp#27;[35m[ADB]&amp#27;[39m Running 'C:\Users\moham\AppData\Local\Android\Sdk\platform-tools\adb.exe -P 5037 -s 3300a0bd18c31465 shell pm clear in.amazon.mShop.android.shopping'
[debug] &amp#27;[35m[AndroidDriver]&amp#27;[39m Performed fast reset on the installed 'in.amazon.mShop.android.shopping' application (stop and clear)
[debug] &amp#27;[35m[UiAutomator2]&amp#27;[39m Performing shallow cleanup of automation leftovers
[debug] &amp#27;[35m[UiAutomator2]&amp#27;[39m The following obsolete sessions are still running: ["95edf01f-d609-422f-b454-06caa1405dba"]
[debug] &amp#27;[35m[UiAutomator2]&amp#27;[39m Cleaning up the obsolete sessions
[debug] &amp#27;[35m[ADB]&amp#27;[39m Running 'C:\Users\moham\AppData\Local\Android\Sdk\platform-tools\adb.exe -P 5037 -s 3300a0bd18c31465 shell am force-stop io.appium.uiautomator2.server.test'
&amp#27;[35m[UiAutomator2]&amp#27;[39m Starting UIAutomator2 server 4.5.5
&amp#27;[35m[UiAutomator2]&amp#27;[39m Using UIAutomator2 server from 'C:\Users\moham\AppData\Roaming\npm\node_modules\appium\node_modules\appium-uiautomator2-server\apks\appium-uiautomator2-server-v4.5.5.apk' and test from 'C:\Users\moham\AppData\Roaming\npm\node_modules\appium\node_modules\appium-uiautomator2-server\apks\appium-uiautomator2-server-debug-androidTest.apk'
&amp#27;[35m[UiAutomator2]&amp#27;[39m Waiting up to 30000ms for UiAutomator2 to be online...
[debug] &amp#27;[35m[ADB]&amp#27;[39m Creating ADB subprocess with args: ["-P",5037,"-s","3300a0bd18c31465","shell","am","instrument","-w","io.appium.uiautomator2.server.test/androidx.test.runner.AndroidJUnitRunner"]
[debug] &amp#27;[35m[WD Proxy]&amp#27;[39m Matched '/status' to command name 'getStatus'
[debug] &amp#27;[35m[WD Proxy]&amp#27;[39m Proxying [GET /status] to [GET http://127.0.0.1:8204/wd/hub/status] with no body
&amp#27;[35m[WD Proxy]&amp#27;[39m Got response with unknown status: {"code":"ECONNRESET"}
[debug] &amp#27;[35m[WD Proxy]&amp#27;[39m Matched '/status' to command name 'getStatus'
[debug] &amp#27;[35m[WD Proxy]&amp#27;[39m Proxying [GET /status] to [GET http://127.0.0.1:8204/wd/hub/status] with no body
&amp#27;[35m[WD Proxy]&amp#27;[39m Got response with unknown status: {"code":"ECONNRESET"}
[debug] &amp#27;[35m[Instrumentation]&amp#27;[39m io.appium.uiautomator2.server.test.AppiumUiAutomator2Server:
[debug] &amp#27;[35m[WD Proxy]&amp#27;[39m Matched '/status' to command name 'getStatus'
[debug] &amp#27;[35m[WD Proxy]&amp#27;[39m Proxying [GET /status] to [GET http://127.0.0.1:8204/wd/hub/status] with no body
&amp#27;[35m[WD Proxy]&amp#27;[39m Got response with unknown status: {"code":"ECONNRESET"}
[debug] &amp#27;[35m[WD Proxy]&amp#27;[39m Matched '/status' to command name 'getStatus'
[debug] &amp#27;[35m[WD Proxy]&amp#27;[39m Proxying [GET /status] to [GET http://127.0.0.1:8204/wd/hub/status] with no body
[debug] &amp#27;[35m[WD Proxy]&amp#27;[39m Got response with status 200: {"sessionId":"None","value":{"ready":true,"message":"UiAutomator2 Server is ready to accept commands"}}
[debug] &amp#27;[35m[UiAutomator2]&amp#27;[39m The initialization of the instrumentation process took 4128ms
[debug] &amp#27;[35m[WD Proxy]&amp#27;[39m Matched '/session' to command name 'createSession'
[debug] &amp#27;[35m[WD Proxy]&amp#27;[39m Proxying [POST /session] to [POST http://127.0.0.1:8204/wd/hub/session] with body: {"capabilities":{"firstMatch":[{"platform":"LINUX","webStorageEnabled":false,"takesScreenshot":true,"javascriptEnabled":true,"databaseEnabled":false,"networkConnectionEnabled":true,"locationContextEnabled":false,"warnings":{},"desired":{"platformName":"android","app":"C:\\Users\\moham\\Desktop\\Appium\\DemoProject\\src\\Amazon.apk","appActivity":"com.amazon.mShop.home.HomeActivity","appPackage":"in.amazon.mShop.android.shopping","udid":"3300a0bd18c31465"},"platformName":"android","app":"C:\\Users\\moham\\Desktop\\Appium\\DemoProject\\src\\Amazon.apk","appActivity":"com.amazon.mShop.home.HomeActivity","appPackage":"in.amazon.mShop.android.shopping","udid":"3300a0bd18c31465","deviceName":"3300a0bd18c31465","deviceUDID":"3300a0bd18c31465"}],"alwaysMatch":{}}}
[debug] &amp#27;[35m[WD Proxy]&amp#27;[39m Got response with status 200: {"sessionId":"282f3bb7-b195-4c8a-a389-a2752d774f80","value":{"sessionId":"282f3bb7-b195-4c8a-a389-a2752d774f80","capabilities":{"firstMatch":[{"platform":"LINUX","webStorageEnabled":false,"takesScreenshot":true,"javascriptEnabled":true,"databaseEnabled":false,"networkConnectionEnabled":true,"locationContextEnabled":false,"warnings":{},"desired":{"platformName":"android","app":"C:\\Users\\moham\\Desktop\\Appium\\DemoProject\\src\\Amazon.apk","appActivity":"com.amazon.mShop.home.HomeActivity","appPackage":"in.amazon.mShop.android.shopping","udid":"3300a0bd18c31465"},"platformName":"android","app":"C:\\Users\\moham\\Desktop\\Appium\\DemoProject\\src\\Amazon.apk","appActivity":"com.amazon.mShop.home.HomeActivity","appPackage":"in.amazon.mShop.android.shopping","udid":"3300a0bd18c31465","deviceName":"3300a0bd18c31465","deviceUDID":"3300a0bd18c31465"}],"alwaysMatch":{}}}}
&amp#27;[35m[WD Proxy]&amp#27;[39m Determined the downstream protocol as 'W3C'
[debug] &amp#27;[35m[WD Proxy]&amp#27;[39m Proxying [GET /appium/device/info] to [GET http://127.0.0.1:8204/wd/hub/session/282f3bb7-b195-4c8a-a389-a2752d774f80/appium/device/info] with no body
[debug] &amp#27;[35m[WD Proxy]&amp#27;[39m Got response with status 200: {"sessionId":"282f3bb7-b195-4c8a-a389-a2752d774f80","value":{"androidId":"8125f0623c29398a","manufacturer":"samsung","model":"SM-J700F","brand":"samsung","apiVersion":"23","platformVersion":"6.0.1","carrierName":"airtel","realDisplaySize":"720x1280","displayDensity":320,"networks":[{"type":13,"typeName":"WIFI_P2P","subtype":0,"subtypeName":"","isConnected":false,"detailedState":"DISCONNECTED","state":"DISCONNECTED","extraInfo":null,"isAvailable":false,"isFailover":false,"isRoaming":false,"capabilities":{"transportTypes":"TRANSPORT_WIFI","networkCapabilities":"NET_CAPABILITY_NOT_RESTRICTED,NET_CAPABILITY_NOT_VPN,NET_CAPABILITY_WIFI_P2P,NET_CAPABILITY_TRUSTED","linkUpstreamBandwidthKbps":1048576,"linkDownBandwidthKbps":1048576,"signalStrength":-2147483648,"networkSpecifier":null,"SSID":null}},{"type":11,"typeName":"MOBILE","subtype":13,"subtypeName":"LTE","isConnected":true,"detailedState":"CONNECTED","state":"CONNECTED","extraInfo":"IMS","isAvailable":true,"isFailover":false,"isRoaming":false,"capabilities"...
[debug] &amp#27;[35m[ADB]&amp#27;[39m Running 'C:\Users\moham\AppData\Local\Android\Sdk\platform-tools\adb.exe -P 5037 -s 3300a0bd18c31465 shell dumpsys window'
&amp#27;[35m[AndroidDriver]&amp#27;[39m Screen already unlocked, doing nothing
&amp#27;[35m[UiAutomator2]&amp#27;[39m Starting 'in.amazon.mShop.android.shopping/com.amazon.mShop.home.HomeActivity and waiting for 'in.amazon.mShop.android.shopping/com.amazon.mShop.home.HomeActivity'
[debug] &amp#27;[35m[ADB]&amp#27;[39m Running 'C:\Users\moham\AppData\Local\Android\Sdk\platform-tools\adb.exe -P 5037 -s 3300a0bd18c31465 shell am start -W -n in.amazon.mShop.android.shopping/com.amazon.mShop.home.HomeActivity -S -a android.intent.action.MAIN -c android.intent.category.LAUNCHER -f 0x10200000'
[debug] &amp#27;[35m[WD Proxy]&amp#27;[39m Proxying [GET /appium/device/pixel_ratio] to [GET http://127.0.0.1:8204/wd/hub/session/282f3bb7-b195-4c8a-a389-a2752d774f80/appium/device/pixel_ratio] with body: {}
[debug] &amp#27;[35m[WD Proxy]&amp#27;[39m Got response with status 200: {"sessionId":"282f3bb7-b195-4c8a-a389-a2752d774f80","value":2}
[debug] &amp#27;[35m[WD Proxy]&amp#27;[39m Matched '/appium/device/system_bars' to command name 'getSystemBars'
[debug] &amp#27;[35m[WD Proxy]&amp#27;[39m Proxying [GET /appium/device/system_bars] to [GET http://127.0.0.1:8204/wd/hub/session/282f3bb7-b195-4c8a-a389-a2752d774f80/appium/device/system_bars] with body: {}
[debug] &amp#27;[35m[WD Proxy]&amp#27;[39m Got response with status 200: {"sessionId":"282f3bb7-b195-4c8a-a389-a2752d774f80","value":{"statusBar":48}}
[debug] &amp#27;[35m[WD Proxy]&amp#27;[39m Matched '/window/current/size' to command name 'getWindowSize'
[debug] &amp#27;[35m[WD Proxy]&amp#27;[39m Proxying [GET /window/current/size] to [GET http://127.0.0.1:8204/wd/hub/session/282f3bb7-b195-4c8a-a389-a2752d774f80/window/current/size] with body: {}
[debug] &amp#27;[35m[WD Proxy]&amp#27;[39m Got response with status 200: {"sessionId":"282f3bb7-b195-4c8a-a389-a2752d774f80","value":{"height":1280,"width":720}}
&amp#27;[35m[Appium]&amp#27;[39m New AndroidUiautomator2Driver session created successfully, session 346d4f1e-c621-4bc0-a119-ffc83ca9b2b7 added to master session list
[debug] &amp#27;[35m[BaseDriver]&amp#27;[39m Event 'newSessionStarted' logged at 1594008746997 (09:42:26 GMT+0530 (India Standard Time))
[debug] &amp#27;[35m[W3C (346d4f1e)]&amp#27;[39m Cached the protocol value 'W3C' for the new session 346d4f1e-c621-4bc0-a119-ffc83ca9b2b7
[debug] &amp#27;[35m[W3C (346d4f1e)]&amp#27;[39m Responding to client with driver.createSession() result: {"capabilities":{"platform":"LINUX","webStorageEnabled":false,"takesScreenshot":true,"javascriptEnabled":true,"databaseEnabled":false,"networkConnectionEnabled":true,"locationContextEnabled":false,"warnings":{},"desired":{"platformName":"android","app":"C:\\Users\\moham\\Desktop\\Appium\\DemoProject\\src\\Amazon.apk","appActivity":"com.amazon.mShop.home.HomeActivity","appPackage":"in.amazon.mShop.android.shopping","udid":"3300a0bd18c31465"},"platformName":"android","app":"C:\\Users\\moham\\Desktop\\Appium\\DemoProject\\src\\Amazon.apk","appActivity":"com.amazon.mShop.home.HomeActivity","appPackage":"in.amazon.mShop.android.shopping","udid":"3300a0bd18c31465","deviceName":"3300a0bd18c31465","deviceUDID":"3300a0bd18c31465","deviceApiLevel":23,"platformVersion":"6.0.1","deviceScreenSize":"720x1280","deviceScreenDensity":320,"deviceModel":"SM-J700F","deviceManufacturer":"samsung","pixelRatio":2,"statBarHeight":48,"viewportRect":{"left":0,"top":48,"width":720,"height":1232}}}
&amp#27;[35m[HTTP]&amp#27;[39m &amp#27;[37m<-- POST /wd/hub/session &amp#27;[39m&amp#27;[32m200&amp#27;[39m &amp#27;[90m34493 ms - 1046&amp#27;[39m
&amp#27;[35m[HTTP]&amp#27;[39m &amp#27;[90m&amp#27;[39m
&amp#27;[35m[HTTP]&amp#27;[39m &amp#27;[37m-->&amp#27;[39m &amp#27;[37mGET&amp#27;[39m &amp#27;[37m/wd/hub/session/346d4f1e-c621-4bc0-a119-ffc83ca9b2b7&amp#27;[39m
&amp#27;[35m[HTTP]&amp#27;[39m &amp#27;[90m{}&amp#27;[39m
[debug] &amp#27;[35m[W3C (346d4f1e)]&amp#27;[39m Calling AppiumDriver.getSession() with args: ["346d4f1e-c621-4bc0-a119-ffc83ca9b2b7"]
[debug] &amp#27;[35m[UiAutomator2]&amp#27;[39m Getting session details from server to mix in
[debug] &amp#27;[35m[WD Proxy]&amp#27;[39m Matched '/' to command name 'getSession'
[debug] &amp#27;[35m[WD Proxy]&amp#27;[39m Proxying [GET /] to [GET http://127.0.0.1:8204/wd/hub/session/282f3bb7-b195-4c8a-a389-a2752d774f80] with body: {}
[debug] &amp#27;[35m[WD Proxy]&amp#27;[39m Got response with status 200: {"sessionId":"282f3bb7-b195-4c8a-a389-a2752d774f80","value":{}}
[debug] &amp#27;[35m[W3C (346d4f1e)]&amp#27;[39m Responding to client with driver.getSession() result: {"platform":"LINUX","webStorageEnabled":false,"takesScreenshot":true,"javascriptEnabled":true,"databaseEnabled":false,"networkConnectionEnabled":true,"locationContextEnabled":false,"warnings":{},"desired":{"platformName":"android","app":"C:\\Users\\moham\\Desktop\\Appium\\DemoProject\\src\\Amazon.apk","appActivity":"com.amazon.mShop.home.HomeActivity","appPackage":"in.amazon.mShop.android.shopping","udid":"3300a0bd18c31465"},"platformName":"android","app":"C:\\Users\\moham\\Desktop\\Appium\\DemoProject\\src\\Amazon.apk","appActivity":"com.amazon.mShop.home.HomeActivity","appPackage":"in.amazon.mShop.android.shopping","udid":"3300a0bd18c31465","deviceName":"3300a0bd18c31465","deviceUDID":"3300a0bd18c31465","deviceApiLevel":23,"platformVersion":"6.0.1","deviceScreenSize":"720x1280","deviceScreenDensity":320,"deviceModel":"SM-J700F","deviceManufacturer":"samsung","pixelRatio":2,"statBarHeight":48,"viewportRect":{"left":0,"top":48,"width":720,"height":1232}}
&amp#27;[35m[HTTP]&amp#27;[39m &amp#27;[37m<-- GET /wd/hub/session/346d4f1e-c621-4bc0-a119-ffc83ca9b2b7 &amp#27;[39m&amp#27;[32m200&amp#27;[39m &amp#27;[90m34 ms - 978&amp#27;[39m
&amp#27;[35m[HTTP]&amp#27;[39m &amp#27;[90m&amp#27;[39m
&amp#27;[35m[HTTP]&amp#27;[39m &amp#27;[37m-->&amp#27;[39m &amp#27;[37mGET&amp#27;[39m &amp#27;[37m/wd/hub/session/346d4f1e-c621-4bc0-a119-ffc83ca9b2b7&amp#27;[39m
&amp#27;[35m[HTTP]&amp#27;[39m &amp#27;[90m{}&amp#27;[39m
[debug] &amp#27;[35m[W3C (346d4f1e)]&amp#27;[39m Calling AppiumDriver.getSession() with args: ["346d4f1e-c621-4bc0-a119-ffc83ca9b2b7"]
[debug] &amp#27;[35m[UiAutomator2]&amp#27;[39m Getting session details from server to mix in
[debug] &amp#27;[35m[WD Proxy]&amp#27;[39m Matched '/' to command name 'getSession'
[debug] &amp#27;[35m[WD Proxy]&amp#27;[39m Proxying [GET /] to [GET http://127.0.0.1:8204/wd/hub/session/282f3bb7-b195-4c8a-a389-a2752d774f80] with body: {}
[debug] &amp#27;[35m[WD Proxy]&amp#27;[39m Got response with status 200: {"sessionId":"282f3bb7-b195-4c8a-a389-a2752d774f80","value":{}}
[debug] &amp#27;[35m[W3C (346d4f1e)]&amp#27;[39m Responding to client with driver.getSession() result: {"platform":"LINUX","webStorageEnabled":false,"takesScreenshot":true,"javascriptEnabled":true,"databaseEnabled":false,"networkConnectionEnabled":true,"locationContextEnabled":false,"warnings":{},"desired":{"platformName":"android","app":"C:\\Users\\moham\\Desktop\\Appium\\DemoProject\\src\\Amazon.apk","appActivity":"com.amazon.mShop.home.HomeActivity","appPackage":"in.amazon.mShop.android.shopping","udid":"3300a0bd18c31465"},"platformName":"android","app":"C:\\Users\\moham\\Desktop\\Appium\\DemoProject\\src\\Amazon.apk","appActivity":"com.amazon.mShop.home.HomeActivity","appPackage":"in.amazon.mShop.android.shopping","udid":"3300a0bd18c31465","deviceName":"3300a0bd18c31465","deviceUDID":"3300a0bd18c31465","deviceApiLevel":23,"platformVersion":"6.0.1","deviceScreenSize":"720x1280","deviceScreenDensity":320,"deviceModel":"SM-J700F","deviceManufacturer":"samsung","pixelRatio":2,"statBarHeight":48,"viewportRect":{"left":0,"top":48,"width":720,"height":1232}}
&amp#27;[35m[HTTP]&amp#27;[39m &amp#27;[37m<-- GET /wd/hub/session/346d4f1e-c621-4bc0-a119-ffc83ca9b2b7 &amp#27;[39m&amp#27;[32m200&amp#27;[39m &amp#27;[90m35 ms - 978&amp#27;[39m
&amp#27;[35m[HTTP]&amp#27;[39m &amp#27;[90m&amp#27;[39m
&amp#27;[35m[HTTP]&amp#27;[39m &amp#27;[37m-->&amp#27;[39m &amp#27;[37mPOST&amp#27;[39m &amp#27;[37m/wd/hub/session/346d4f1e-c621-4bc0-a119-ffc83ca9b2b7/timeouts&amp#27;[39m
&amp#27;[35m[HTTP]&amp#27;[39m &amp#27;[90m{"implicit":10000}&amp#27;[39m
[debug] &amp#27;[35m[W3C (346d4f1e)]&amp#27;[39m Calling AppiumDriver.timeouts() with args: [null,null,null,null,10000,"346d4f1e-c621-4bc0-a119-ffc83ca9b2b7"]
[debug] &amp#27;[35m[BaseDriver]&amp#27;[39m W3C timeout argument: {"implicit":10000}}
[debug] &amp#27;[35m[BaseDriver]&amp#27;[39m Set implicit wait to 10000ms
[debug] &amp#27;[35m[W3C (346d4f1e)]&amp#27;[39m Responding to client with driver.timeouts() result: null
&amp#27;[35m[HTTP]&amp#27;[39m &amp#27;[37m<-- POST /wd/hub/session/346d4f1e-c621-4bc0-a119-ffc83ca9b2b7/timeouts &amp#27;[39m&amp#27;[32m200&amp#27;[39m &amp#27;[90m6 ms - 14&amp#27;[39m
&amp#27;[35m[HTTP]&amp#27;[39m &amp#27;[90m&amp#27;[39m
&amp#27;[35m[HTTP]&amp#27;[39m &amp#27;[37m-->&amp#27;[39m &amp#27;[37mGET&amp#27;[39m &amp#27;[37m/wd/hub/session/346d4f1e-c621-4bc0-a119-ffc83ca9b2b7&amp#27;[39m
&amp#27;[35m[HTTP]&amp#27;[39m &amp#27;[90m{}&amp#27;[39m
[debug] &amp#27;[35m[W3C (346d4f1e)]&amp#27;[39m Calling AppiumDriver.getSession() with args: ["346d4f1e-c621-4bc0-a119-ffc83ca9b2b7"]
[debug] &amp#27;[35m[UiAutomator2]&amp#27;[39m Getting session details from server to mix in
[debug] &amp#27;[35m[WD Proxy]&amp#27;[39m Matched '/' to command name 'getSession'
[debug] &amp#27;[35m[WD Proxy]&amp#27;[39m Proxying [GET /] to [GET http://127.0.0.1:8204/wd/hub/session/282f3bb7-b195-4c8a-a389-a2752d774f80] with body: {}
[debug] &amp#27;[35m[WD Proxy]&amp#27;[39m Got response with status 200: {"sessionId":"282f3bb7-b195-4c8a-a389-a2752d774f80","value":{}}
[debug] &amp#27;[35m[W3C (346d4f1e)]&amp#27;[39m Responding to client with driver.getSession() result: {"platform":"LINUX","webStorageEnabled":false,"takesScreenshot":true,"javascriptEnabled":true,"databaseEnabled":false,"networkConnectionEnabled":true,"locationContextEnabled":false,"warnings":{},"desired":{"platformName":"android","app":"C:\\Users\\moham\\Desktop\\Appium\\DemoProject\\src\\Amazon.apk","appActivity":"com.amazon.mShop.home.HomeActivity","appPackage":"in.amazon.mShop.android.shopping","udid":"3300a0bd18c31465"},"platformName":"android","app":"C:\\Users\\moham\\Desktop\\Appium\\DemoProject\\src\\Amazon.apk","appActivity":"com.amazon.mShop.home.HomeActivity","appPackage":"in.amazon.mShop.android.shopping","udid":"3300a0bd18c31465","deviceName":"3300a0bd18c31465","deviceUDID":"3300a0bd18c31465","deviceApiLevel":23,"platformVersion":"6.0.1","deviceScreenSize":"720x1280","deviceScreenDensity":320,"deviceModel":"SM-J700F","deviceManufacturer":"samsung","pixelRatio":2,"statBarHeight":48,"viewportRect":{"left":0,"top":48,"width":720,"height":1232}}
&amp#27;[35m[HTTP]&amp#27;[39m &amp#27;[37m<-- GET /wd/hub/session/346d4f1e-c621-4bc0-a119-ffc83ca9b2b7 &amp#27;[39m&amp#27;[32m200&amp#27;[39m &amp#27;[90m61 ms - 978&amp#27;[39m
&amp#27;[35m[HTTP]&amp#27;[39m &amp#27;[90m&amp#27;[39m
&amp#27;[35m[HTTP]&amp#27;[39m &amp#27;[37m-->&amp#27;[39m &amp#27;[37mGET&amp#27;[39m &amp#27;[37m/wd/hub/session/346d4f1e-c621-4bc0-a119-ffc83ca9b2b7&amp#27;[39m
&amp#27;[35m[HTTP]&amp#27;[39m &amp#27;[90m{}&amp#27;[39m
[debug] &amp#27;[35m[W3C (346d4f1e)]&amp#27;[39m Calling AppiumDriver.getSession() with args: ["346d4f1e-c621-4bc0-a119-ffc83ca9b2b7"]
[debug] &amp#27;[35m[UiAutomator2]&amp#27;[39m Getting session details from server to mix in
[debug] &amp#27;[35m[WD Proxy]&amp#27;[39m Matched '/' to command name 'getSession'
[debug] &amp#27;[35m[WD Proxy]&amp#27;[39m Proxying [GET /] to [GET http://127.0.0.1:8204/wd/hub/session/282f3bb7-b195-4c8a-a389-a2752d774f80] with body: {}
[debug] &amp#27;[35m[WD Proxy]&amp#27;[39m Got response with status 200: {"sessionId":"282f3bb7-b195-4c8a-a389-a2752d774f80","value":{}}
[debug] &amp#27;[35m[W3C (346d4f1e)]&amp#27;[39m Responding to client with driver.getSession() result: {"platform":"LINUX","webStorageEnabled":false,"takesScreenshot":true,"javascriptEnabled":true,"databaseEnabled":false,"networkConnectionEnabled":true,"locationContextEnabled":false,"warnings":{},"desired":{"platformName":"android","app":"C:\\Users\\moham\\Desktop\\Appium\\DemoProject\\src\\Amazon.apk","appActivity":"com.amazon.mShop.home.HomeActivity","appPackage":"in.amazon.mShop.android.shopping","udid":"3300a0bd18c31465"},"platformName":"android","app":"C:\\Users\\moham\\Desktop\\Appium\\DemoProject\\src\\Amazon.apk","appActivity":"com.amazon.mShop.home.HomeActivity","appPackage":"in.amazon.mShop.android.shopping","udid":"3300a0bd18c31465","deviceName":"3300a0bd18c31465","deviceUDID":"3300a0bd18c31465","deviceApiLevel":23,"platformVersion":"6.0.1","deviceScreenSize":"720x1280","deviceScreenDensity":320,"deviceModel":"SM-J700F","deviceManufacturer":"samsung","pixelRatio":2,"statBarHeight":48,"viewportRect":{"left":0,"top":48,"width":720,"height":1232}}
&amp#27;[35m[HTTP]&amp#27;[39m &amp#27;[37m<-- GET /wd/hub/session/346d4f1e-c621-4bc0-a119-ffc83ca9b2b7 &amp#27;[39m&amp#27;[32m200&amp#27;[39m &amp#27;[90m13 ms - 978&amp#27;[39m
&amp#27;[35m[HTTP]&amp#27;[39m &amp#27;[90m&amp#27;[39m
&amp#27;[35m[HTTP]&amp#27;[39m &amp#27;[37m-->&amp#27;[39m &amp#27;[37mGET&amp#27;[39m &amp#27;[37m/wd/hub/session/346d4f1e-c621-4bc0-a119-ffc83ca9b2b7&amp#27;[39m
&amp#27;[35m[HTTP]&amp#27;[39m &amp#27;[90m{}&amp#27;[39m
[debug] &amp#27;[35m[W3C (346d4f1e)]&amp#27;[39m Calling AppiumDriver.getSession() with args: ["346d4f1e-c621-4bc0-a119-ffc83ca9b2b7"]
[debug] &amp#27;[35m[UiAutomator2]&amp#27;[39m Getting session details from server to mix in
[debug] &amp#27;[35m[WD Proxy]&amp#27;[39m Matched '/' to command name 'getSession'
[debug] &amp#27;[35m[WD Proxy]&amp#27;[39m Proxying [GET /] to [GET http://127.0.0.1:8204/wd/hub/session/282f3bb7-b195-4c8a-a389-a2752d774f80] with body: {}
[debug] &amp#27;[35m[WD Proxy]&amp#27;[39m Got response with status 200: {"sessionId":"282f3bb7-b195-4c8a-a389-a2752d774f80","value":{}}
[debug] &amp#27;[35m[W3C (346d4f1e)]&amp#27;[39m Responding to client with driver.getSession() result: {"platform":"LINUX","webStorageEnabled":false,"takesScreenshot":true,"javascriptEnabled":true,"databaseEnabled":false,"networkConnectionEnabled":true,"locationContextEnabled":false,"warnings":{},"desired":{"platformName":"android","app":"C:\\Users\\moham\\Desktop\\Appium\\DemoProject\\src\\Amazon.apk","appActivity":"com.amazon.mShop.home.HomeActivity","appPackage":"in.amazon.mShop.android.shopping","udid":"3300a0bd18c31465"},"platformName":"android","app":"C:\\Users\\moham\\Desktop\\Appium\\DemoProject\\src\\Amazon.apk","appActivity":"com.amazon.mShop.home.HomeActivity","appPackage":"in.amazon.mShop.android.shopping","udid":"3300a0bd18c31465","deviceName":"3300a0bd18c31465","deviceUDID":"3300a0bd18c31465","deviceApiLevel":23,"platformVersion":"6.0.1","deviceScreenSize":"720x1280","deviceScreenDensity":320,"deviceModel":"SM-J700F","deviceManufacturer":"samsung","pixelRatio":2,"statBarHeight":48,"viewportRect":{"left":0,"top":48,"width":720,"height":1232}}
&amp#27;[35m[HTTP]&amp#27;[39m &amp#27;[37m<-- GET /wd/hub/session/346d4f1e-c621-4bc0-a119-ffc83ca9b2b7 &amp#27;[39m&amp#27;[32m200&amp#27;[39m &amp#27;[90m19 ms - 978&amp#27;[39m
&amp#27;[35m[HTTP]&amp#27;[39m &amp#27;[90m&amp#27;[39m
&amp#27;[35m[HTTP]&amp#27;[39m &amp#27;[37m-->&amp#27;[39m &amp#27;[37mGET&amp#27;[39m &amp#27;[37m/wd/hub/session/346d4f1e-c621-4bc0-a119-ffc83ca9b2b7&amp#27;[39m
&amp#27;[35m[HTTP]&amp#27;[39m &amp#27;[90m{}&amp#27;[39m
[debug] &amp#27;[35m[W3C (346d4f1e)]&amp#27;[39m Calling AppiumDriver.getSession() with args: ["346d4f1e-c621-4bc0-a119-ffc83ca9b2b7"]
[debug] &amp#27;[35m[UiAutomator2]&amp#27;[39m Getting session details from server to mix in
[debug] &amp#27;[35m[WD Proxy]&amp#27;[39m Matched '/' to command name 'getSession'
[debug] &amp#27;[35m[WD Proxy]&amp#27;[39m Proxying [GET /] to [GET http://127.0.0.1:8204/wd/hub/session/282f3bb7-b195-4c8a-a389-a2752d774f80] with body: {}
[debug] &amp#27;[35m[WD Proxy]&amp#27;[39m Got response with status 200: {"sessionId":"282f3bb7-b195-4c8a-a389-a2752d774f80","value":{}}
[debug] &amp#27;[35m[W3C (346d4f1e)]&amp#27;[39m Responding to client with driver.getSession() result: {"platform":"LINUX","webStorageEnabled":false,"takesScreenshot":true,"javascriptEnabled":true,"databaseEnabled":false,"networkConnectionEnabled":true,"locationContextEnabled":false,"warnings":{},"desired":{"platformName":"android","app":"C:\\Users\\moham\\Desktop\\Appium\\DemoProject\\src\\Amazon.apk","appActivity":"com.amazon.mShop.home.HomeActivity","appPackage":"in.amazon.mShop.android.shopping","udid":"3300a0bd18c31465"},"platformName":"android","app":"C:\\Users\\moham\\Desktop\\Appium\\DemoProject\\src\\Amazon.apk","appActivity":"com.amazon.mShop.home.HomeActivity","appPackage":"in.amazon.mShop.android.shopping","udid":"3300a0bd18c31465","deviceName":"3300a0bd18c31465","deviceUDID":"3300a0bd18c31465","deviceApiLevel":23,"platformVersion":"6.0.1","deviceScreenSize":"720x1280","deviceScreenDensity":320,"deviceModel":"SM-J700F","deviceManufacturer":"samsung","pixelRatio":2,"statBarHeight":48,"viewportRect":{"left":0,"top":48,"width":720,"height":1232}}
&amp#27;[35m[HTTP]&amp#27;[39m &amp#27;[37m<-- GET /wd/hub/session/346d4f1e-c621-4bc0-a119-ffc83ca9b2b7 &amp#27;[39m&amp#27;[32m200&amp#27;[39m &amp#27;[90m55 ms - 978&amp#27;[39m
&amp#27;[35m[HTTP]&amp#27;[39m &amp#27;[90m&amp#27;[39m
&amp#27;[35m[HTTP]&amp#27;[39m &amp#27;[37m-->&amp#27;[39m &amp#27;[37mGET&amp#27;[39m &amp#27;[37m/wd/hub/session/346d4f1e-c621-4bc0-a119-ffc83ca9b2b7&amp#27;[39m
&amp#27;[35m[HTTP]&amp#27;[39m &amp#27;[90m{}&amp#27;[39m
[debug] &amp#27;[35m[W3C (346d4f1e)]&amp#27;[39m Calling AppiumDriver.getSession() with args: ["346d4f1e-c621-4bc0-a119-ffc83ca9b2b7"]
[debug] &amp#27;[35m[UiAutomator2]&amp#27;[39m Getting session details from server to mix in
[debug] &amp#27;[35m[WD Proxy]&amp#27;[39m Matched '/' to command name 'getSession'
[debug] &amp#27;[35m[WD Proxy]&amp#27;[39m Proxying [GET /] to [GET http://127.0.0.1:8204/wd/hub/session/282f3bb7-b195-4c8a-a389-a2752d774f80] with body: {}
[debug] &amp#27;[35m[WD Proxy]&amp#27;[39m Got response with status 200: {"sessionId":"282f3bb7-b195-4c8a-a389-a2752d774f80","value":{}}
[debug] &amp#27;[35m[W3C (346d4f1e)]&amp#27;[39m Responding to client with driver.getSession() result: {"platform":"LINUX","webStorageEnabled":false,"takesScreenshot":true,"javascriptEnabled":true,"databaseEnabled":false,"networkConnectionEnabled":true,"locationContextEnabled":false,"warnings":{},"desired":{"platformName":"android","app":"C:\\Users\\moham\\Desktop\\Appium\\DemoProject\\src\\Amazon.apk","appActivity":"com.amazon.mShop.home.HomeActivity","appPackage":"in.amazon.mShop.android.shopping","udid":"3300a0bd18c31465"},"platformName":"android","app":"C:\\Users\\moham\\Desktop\\Appium\\DemoProject\\src\\Amazon.apk","appActivity":"com.amazon.mShop.home.HomeActivity","appPackage":"in.amazon.mShop.android.shopping","udid":"3300a0bd18c31465","deviceName":"3300a0bd18c31465","deviceUDID":"3300a0bd18c31465","deviceApiLevel":23,"platformVersion":"6.0.1","deviceScreenSize":"720x1280","deviceScreenDensity":320,"deviceModel":"SM-J700F","deviceManufacturer":"samsung","pixelRatio":2,"statBarHeight":48,"viewportRect":{"left":0,"top":48,"width":720,"height":1232}}
&amp#27;[35m[HTTP]&amp#27;[39m &amp#27;[37m<-- GET /wd/hub/session/346d4f1e-c621-4bc0-a119-ffc83ca9b2b7 &amp#27;[39m&amp#27;[32m200&amp#27;[39m &amp#27;[90m64 ms - 978&amp#27;[39m
&amp#27;[35m[HTTP]&amp#27;[39m &amp#27;[90m&amp#27;[39m
&amp#27;[35m[HTTP]&amp#27;[39m &amp#27;[37m-->&amp#27;[39m &amp#27;[37mGET&amp#27;[39m &amp#27;[37m/wd/hub/session/346d4f1e-c621-4bc0-a119-ffc83ca9b2b7&amp#27;[39m
&amp#27;[35m[HTTP]&amp#27;[39m &amp#27;[90m{}&amp#27;[39m
[debug] &amp#27;[35m[W3C (346d4f1e)]&amp#27;[39m Calling AppiumDriver.getSession() with args: ["346d4f1e-c621-4bc0-a119-ffc83ca9b2b7"]
[debug] &amp#27;[35m[UiAutomator2]&amp#27;[39m Getting session details from server to mix in
[debug] &amp#27;[35m[WD Proxy]&amp#27;[39m Matched '/' to command name 'getSession'
[debug] &amp#27;[35m[WD Proxy]&amp#27;[39m Proxying [GET /] to [GET http://127.0.0.1:8204/wd/hub/session/282f3bb7-b195-4c8a-a389-a2752d774f80] with body: {}
[debug] &amp#27;[35m[WD Proxy]&amp#27;[39m Got response with status 200: {"sessionId":"282f3bb7-b195-4c8a-a389-a2752d774f80","value":{}}
[debug] &amp#27;[35m[W3C (346d4f1e)]&amp#27;[39m Responding to client with driver.getSession() result: {"platform":"LINUX","webStorageEnabled":false,"takesScreenshot":true,"javascriptEnabled":true,"databaseEnabled":false,"networkConnectionEnabled":true,"locationContextEnabled":false,"warnings":{},"desired":{"platformName":"android","app":"C:\\Users\\moham\\Desktop\\Appium\\DemoProject\\src\\Amazon.apk","appActivity":"com.amazon.mShop.home.HomeActivity","appPackage":"in.amazon.mShop.android.shopping","udid":"3300a0bd18c31465"},"platformName":"android","app":"C:\\Users\\moham\\Desktop\\Appium\\DemoProject\\src\\Amazon.apk","appActivity":"com.amazon.mShop.home.HomeActivity","appPackage":"in.amazon.mShop.android.shopping","udid":"3300a0bd18c31465","deviceName":"3300a0bd18c31465","deviceUDID":"3300a0bd18c31465","deviceApiLevel":23,"platformVersion":"6.0.1","deviceScreenSize":"720x1280","deviceScreenDensity":320,"deviceModel":"SM-J700F","deviceManufacturer":"samsung","pixelRatio":2,"statBarHeight":48,"viewportRect":{"left":0,"top":48,"width":720,"height":1232}}
&amp#27;[35m[HTTP]&amp#27;[39m &amp#27;[37m<-- GET /wd/hub/session/346d4f1e-c621-4bc0-a119-ffc83ca9b2b7 &amp#27;[39m&amp#27;[32m200&amp#27;[39m &amp#27;[90m10 ms - 978&amp#27;[39m
&amp#27;[35m[HTTP]&amp#27;[39m &amp#27;[90m&amp#27;[39m
&amp#27;[35m[HTTP]&amp#27;[39m &amp#27;[37m-->&amp#27;[39m &amp#27;[37mGET&amp#27;[39m &amp#27;[37m/wd/hub/session/346d4f1e-c621-4bc0-a119-ffc83ca9b2b7&amp#27;[39m
&amp#27;[35m[HTTP]&amp#27;[39m &amp#27;[90m{}&amp#27;[39m
[debug] &amp#27;[35m[W3C (346d4f1e)]&amp#27;[39m Calling AppiumDriver.getSession() with args: ["346d4f1e-c621-4bc0-a119-ffc83ca9b2b7"]
[debug] &amp#27;[35m[UiAutomator2]&amp#27;[39m Getting session details from server to mix in
[debug] &amp#27;[35m[WD Proxy]&amp#27;[39m Matched '/' to command name 'getSession'
[debug] &amp#27;[35m[WD Proxy]&amp#27;[39m Proxying [GET /] to [GET http://127.0.0.1:8204/wd/hub/session/282f3bb7-b195-4c8a-a389-a2752d774f80] with body: {}
[debug] &amp#27;[35m[WD Proxy]&amp#27;[39m Got response with status 200: {"sessionId":"282f3bb7-b195-4c8a-a389-a2752d774f80","value":{}}
[debug] &amp#27;[35m[W3C (346d4f1e)]&amp#27;[39m Responding to client with driver.getSession() result: {"platform":"LINUX","webStorageEnabled":false,"takesScreenshot":true,"javascriptEnabled":true,"databaseEnabled":false,"networkConnectionEnabled":true,"locationContextEnabled":false,"warnings":{},"desired":{"platformName":"android","app":"C:\\Users\\moham\\Desktop\\Appium\\DemoProject\\src\\Amazon.apk","appActivity":"com.amazon.mShop.home.HomeActivity","appPackage":"in.amazon.mShop.android.shopping","udid":"3300a0bd18c31465"},"platformName":"android","app":"C:\\Users\\moham\\Desktop\\Appium\\DemoProject\\src\\Amazon.apk","appActivity":"com.amazon.mShop.home.HomeActivity","appPackage":"in.amazon.mShop.android.shopping","udid":"3300a0bd18c31465","deviceName":"3300a0bd18c31465","deviceUDID":"3300a0bd18c31465","deviceApiLevel":23,"platformVersion":"6.0.1","deviceScreenSize":"720x1280","deviceScreenDensity":320,"deviceModel":"SM-J700F","deviceManufacturer":"samsung","pixelRatio":2,"statBarHeight":48,"viewportRect":{"left":0,"top":48,"width":720,"height":1232}}
&amp#27;[35m[HTTP]&amp#27;[39m &amp#27;[37m<-- GET /wd/hub/session/346d4f1e-c621-4bc0-a119-ffc83ca9b2b7 &amp#27;[39m&amp#27;[32m200&amp#27;[39m &amp#27;[90m9 ms - 978&amp#27;[39m
&amp#27;[35m[HTTP]&amp#27;[39m &amp#27;[90m&amp#27;[39m
&amp#27;[35m[HTTP]&amp#27;[39m &amp#27;[37m-->&amp#27;[39m &amp#27;[37mGET&amp#27;[39m &amp#27;[37m/wd/hub/session/346d4f1e-c621-4bc0-a119-ffc83ca9b2b7&amp#27;[39m
&amp#27;[35m[HTTP]&amp#27;[39m &amp#27;[90m{}&amp#27;[39m
[debug] &amp#27;[35m[W3C (346d4f1e)]&amp#27;[39m Calling AppiumDriver.getSession() with args: ["346d4f1e-c621-4bc0-a119-ffc83ca9b2b7"]
[debug] &amp#27;[35m[UiAutomator2]&amp#27;[39m Getting session details from server to mix in
[debug] &amp#27;[35m[WD Proxy]&amp#27;[39m Matched '/' to command name 'getSession'
[debug] &amp#27;[35m[WD Proxy]&amp#27;[39m Proxying [GET /] to [GET http://127.0.0.1:8204/wd/hub/session/282f3bb7-b195-4c8a-a389-a2752d774f80] with body: {}
[debug] &amp#27;[35m[WD Proxy]&amp#27;[39m Got response with status 200: {"sessionId":"282f3bb7-b195-4c8a-a389-a2752d774f80","value":{}}
[debug] &amp#27;[35m[W3C (346d4f1e)]&amp#27;[39m Responding to client with driver.getSession() result: {"platform":"LINUX","webStorageEnabled":false,"takesScreenshot":true,"javascriptEnabled":true,"databaseEnabled":false,"networkConnectionEnabled":true,"locationContextEnabled":false,"warnings":{},"desired":{"platformName":"android","app":"C:\\Users\\moham\\Desktop\\Appium\\DemoProject\\src\\Amazon.apk","appActivity":"com.amazon.mShop.home.HomeActivity","appPackage":"in.amazon.mShop.android.shopping","udid":"3300a0bd18c31465"},"platformName":"android","app":"C:\\Users\\moham\\Desktop\\Appium\\DemoProject\\src\\Amazon.apk","appActivity":"com.amazon.mShop.home.HomeActivity","appPackage":"in.amazon.mShop.android.shopping","udid":"3300a0bd18c31465","deviceName":"3300a0bd18c31465","deviceUDID":"3300a0bd18c31465","deviceApiLevel":23,"platformVersion":"6.0.1","deviceScreenSize":"720x1280","deviceScreenDensity":320,"deviceModel":"SM-J700F","deviceManufacturer":"samsung","pixelRatio":2,"statBarHeight":48,"viewportRect":{"left":0,"top":48,"width":720,"height":1232}}
&amp#27;[35m[HTTP]&amp#27;[39m &amp#27;[37m<-- GET /wd/hub/session/346d4f1e-c621-4bc0-a119-ffc83ca9b2b7 &amp#27;[39m&amp#27;[32m200&amp#27;[39m &amp#27;[90m12 ms - 978&amp#27;[39m
&amp#27;[35m[HTTP]&amp#27;[39m &amp#27;[90m&amp#27;[39m
&amp#27;[35m[HTTP]&amp#27;[39m &amp#27;[37m-->&amp#27;[39m &amp#27;[37mGET&amp#27;[39m &amp#27;[37m/wd/hub/session/346d4f1e-c621-4bc0-a119-ffc83ca9b2b7&amp#27;[39m
&amp#27;[35m[HTTP]&amp#27;[39m &amp#27;[90m{}&amp#27;[39m
[debug] &amp#27;[35m[W3C (346d4f1e)]&amp#27;[39m Calling Test productInStockValidation started
AppiumDriver.getSession() with args: ["346d4f1e-c621-4bc0-a119-ffc83ca9b2b7"]
[debug] &amp#27;[35m[UiAutomator2]&amp#27;[39m Getting session details from server to mix in
[debug] &amp#27;[35m[WD Proxy]&amp#27;[39m Matched '/' to command name 'getSession'
[debug] &amp#27;[35m[WD Proxy]&amp#27;[39m Proxying [GET /] to [GET http://127.0.0.1:8204/wd/hub/session/282f3bb7-b195-4c8a-a389-a2752d774f80] with body: {}
[debug] &amp#27;[35m[WD Proxy]&amp#27;[39m Got response with status 200: {"sessionId":"282f3bb7-b195-4c8a-a389-a2752d774f80","value":{}}
[debug] &amp#27;[35m[W3C (346d4f1e)]&amp#27;[39m Responding to client with driver.getSession() result: {"platform":"LINUX","webStorageEnabled":false,"takesScreenshot":true,"javascriptEnabled":true,"databaseEnabled":false,"networkConnectionEnabled":true,"locationContextEnabled":false,"warnings":{},"desired":{"platformName":"android","app":"C:\\Users\\moham\\Desktop\\Appium\\DemoProject\\src\\Amazon.apk","appActivity":"com.amazon.mShop.home.HomeActivity","appPackage":"in.amazon.mShop.android.shopping","udid":"3300a0bd18c31465"},"platformName":"android","app":"C:\\Users\\moham\\Desktop\\Appium\\DemoProject\\src\\Amazon.apk","appActivity":"com.amazon.mShop.home.HomeActivity","appPackage":"in.amazon.mShop.android.shopping","udid":"3300a0bd18c31465","deviceName":"3300a0bd18c31465","deviceUDID":"3300a0bd18c31465","deviceApiLevel":23,"platformVersion":"6.0.1","deviceScreenSize":"720x1280","deviceScreenDensity":320,"deviceModel":"SM-J700F","deviceManufacturer":"samsung","pixelRatio":2,"statBarHeight":48,"viewportRect":{"left":0,"top":48,"width":720,"height":1232}}
&amp#27;[35m[HTTP]&amp#27;[39m &amp#27;[37m<-- GET /wd/hub/session/346d4f1e-c621-4bc0-a119-ffc83ca9b2b7 &amp#27;[39m&amp#27;[32m200&amp#27;[39m &amp#27;[90m183 ms - 978&amp#27;[39m
&amp#27;[35m[HTTP]&amp#27;[39m &amp#27;[90m&amp#27;[39m
&amp#27;[35m[HTTP]&amp#27;[39m &amp#27;[37m-->&amp#27;[39m &amp#27;[37mGET&amp#27;[39m &amp#27;[37m/wd/hub/session/346d4f1e-c621-4bc0-a119-ffc83ca9b2b7&amp#27;[39m
&amp#27;[35m[HTTP]&amp#27;[39m &amp#27;[90m{}&amp#27;[39m
[debug] &amp#27;[35m[W3C (346d4f1e)]&amp#27;[39m Calling AppiumDriver.getSession() with args: ["346d4f1e-c621-4bc0-a119-ffc83ca9b2b7"]
[debug] &amp#27;[35m[UiAutomator2]&amp#27;[39m Getting session details from server to mix in
[debug] &amp#27;[35m[WD Proxy]&amp#27;[39m Matched '/' to command name 'getSession'
[debug] &amp#27;[35m[WD Proxy]&amp#27;[39m Proxying [GET /] to [GET http://127.0.0.1:8204/wd/hub/session/282f3bb7-b195-4c8a-a389-a2752d774f80] with body: {}
[debug] &amp#27;[35m[WD Proxy]&amp#27;[39m Got response with status 200: {"sessionId":"282f3bb7-b195-4c8a-a389-a2752d774f80","value":{}}
[debug] &amp#27;[35m[W3C (346d4f1e)]&amp#27;[39m Responding to client with driver.getSession() result: {"platform":"LINUX","webStorageEnabled":false,"takesScreenshot":true,"javascriptEnabled":true,"databaseEnabled":false,"networkConnectionEnabled":true,"locationContextEnabled":false,"warnings":{},"desired":{"platformName":"android","app":"C:\\Users\\moham\\Desktop\\Appium\\DemoProject\\src\\Amazon.apk","appActivity":"com.amazon.mShop.home.HomeActivity","appPackage":"in.amazon.mShop.android.shopping","udid":"3300a0bd18c31465"},"platformName":"android","app":"C:\\Users\\moham\\Desktop\\Appium\\DemoProject\\src\\Amazon.apk","appActivity":"com.amazon.mShop.home.HomeActivity","appPackage":"in.amazon.mShop.android.shopping","udid":"3300a0bd18c31465","deviceName":"3300a0bd18c31465","deviceUDID":"3300a0bd18c31465","deviceApiLevel":23,"platformVersion":"6.0.1","deviceScreenSize":"720x1280","deviceScreenDensity":320,"deviceModel":"SM-J700F","deviceManufacturer":"samsung","pixelRatio":2,"statBarHeight":48,"viewportRect":{"left":0,"top":48,"width":720,"height":1232}}
&amp#27;[35m[HTTP]&amp#27;[39m &amp#27;[37m<-- GET /wd/hub/session/346d4f1e-c621-4bc0-a119-ffc83ca9b2b7 &amp#27;[39m&amp#27;[32m200&amp#27;[39m &amp#27;[90m29 ms - 978&amp#27;[39m
&amp#27;[35m[HTTP]&amp#27;[39m &amp#27;[90m&amp#27;[39m
&amp#27;[35m[HTTP]&amp#27;[39m &amp#27;[37m-->&amp#27;[39m &amp#27;[37mGET&amp#27;[39m &amp#27;[37m/wd/hub/session/346d4f1e-c621-4bc0-a119-ffc83ca9b2b7&amp#27;[39m
&amp#27;[35m[HTTP]&amp#27;[39m &amp#27;[90m{}&amp#27;[39m
[debug] &amp#27;[35m[W3C (346d4f1e)]&amp#27;[39m Calling AppiumDriver.getSession() with args: ["346d4f1e-c621-4bc0-a119-ffc83ca9b2b7"]
[debug] &amp#27;[35m[UiAutomator2]&amp#27;[39m Getting session details from server to mix in
[debug] &amp#27;[35m[WD Proxy]&amp#27;[39m Matched '/' to command name 'getSession'
[debug] &amp#27;[35m[WD Proxy]&amp#27;[39m Proxying [GET /] to [GET http://127.0.0.1:8204/wd/hub/session/282f3bb7-b195-4c8a-a389-a2752d774f80] with body: {}
[debug] &amp#27;[35m[WD Proxy]&amp#27;[39m Got response with status 200: {"sessionId":"282f3bb7-b195-4c8a-a389-a2752d774f80","value":{}}
[debug] &amp#27;[35m[W3C (346d4f1e)]&amp#27;[39m Responding to client with driver.getSession() result: {"platform":"LINUX","webStorageEnabled":false,"takesScreenshot":true,"javascriptEnabled":true,"databaseEnabled":false,"networkConnectionEnabled":true,"locationContextEnabled":false,"warnings":{},"desired":{"platformName":"android","app":"C:\\Users\\moham\\Desktop\\Appium\\DemoProject\\src\\Amazon.apk","appActivity":"com.amazon.mShop.home.HomeActivity","appPackage":"in.amazon.mShop.android.shopping","udid":"3300a0bd18c31465"},"platformName":"android","app":"C:\\Users\\moham\\Desktop\\Appium\\DemoProject\\src\\Amazon.apk","appActivity":"com.amazon.mShop.home.HomeActivity","appPackage":"in.amazon.mShop.android.shopping","udid":"3300a0bd18c31465","deviceName":"3300a0bd18c31465","deviceUDID":"3300a0bd18c31465","deviceApiLevel":23,"platformVersion":"6.0.1","deviceScreenSize":"720x1280","deviceScreenDensity":320,"deviceModel":"SM-J700F","deviceManufacturer":"samsung","pixelRatio":2,"statBarHeight":48,"viewportRect":{"left":0,"top":48,"width":720,"height":1232}}
&amp#27;[35m[HTTP]&amp#27;[39m &amp#27;[37m<-- GET /wd/hub/session/346d4f1e-c621-4bc0-a119-ffc83ca9b2b7 &amp#27;[39m&amp#27;[32m200&amp#27;[39m &amp#27;[90m327 ms - 978&amp#27;[39m
&amp#27;[35m[HTTP]&amp#27;[39m &amp#27;[90m&amp#27;[39m
&amp#27;[35m[HTTP]&amp#27;[39m &amp#27;[37m-->&amp#27;[39m &amp#27;[37mGET&amp#27;[39m &amp#27;[37m/wd/hub/session/346d4f1e-c621-4bc0-a119-ffc83ca9b2b7&amp#27;[39m
&amp#27;[35m[HTTP]&amp#27;[39m &amp#27;[90m{}&amp#27;[39m
[debug] &amp#27;[35m[W3C (346d4f1e)]&amp#27;[39m Calling AppiumDriver.getSession() with args: ["346d4f1e-c621-4bc0-a119-ffc83ca9b2b7"]
[debug] &amp#27;[35m[UiAutomator2]&amp#27;[39m Getting session details from server to mix in
[debug] &amp#27;[35m[WD Proxy]&amp#27;[39m Matched '/' to command name 'getSession'
[debug] &amp#27;[35m[WD Proxy]&amp#27;[39m Proxying [GET /] to [GET http://127.0.0.1:8204/wd/hub/session/282f3bb7-b195-4c8a-a389-a2752d774f80] with body: {}
[debug] &amp#27;[35m[WD Proxy]&amp#27;[39m Got response with status 200: {"sessionId":"282f3bb7-b195-4c8a-a389-a2752d774f80","value":{}}
[debug] &amp#27;[35m[W3C (346d4f1e)]&amp#27;[39m Responding to client with driver.getSession() result: {"platform":"LINUX","webStorageEnabled":false,"takesScreenshot":true,"javascriptEnabled":true,"databaseEnabled":false,"networkConnectionEnabled":true,"locationContextEnabled":false,"warnings":{},"desired":{"platformName":"android","app":"C:\\Users\\moham\\Desktop\\Appium\\DemoProject\\src\\Amazon.apk","appActivity":"com.amazon.mShop.home.HomeActivity","appPackage":"in.amazon.mShop.android.shopping","udid":"3300a0bd18c31465"},"platformName":"android","app":"C:\\Users\\moham\\Desktop\\Appium\\DemoProject\\src\\Amazon.apk","appActivity":"com.amazon.mShop.home.HomeActivity","appPackage":"in.amazon.mShop.android.shopping","udid":"3300a0bd18c31465","deviceName":"3300a0bd18c31465","deviceUDID":"3300a0bd18c31465","deviceApiLevel":23,"platformVersion":"6.0.1","deviceScreenSize":"720x1280","deviceScreenDensity":320,"deviceModel":"SM-J700F","deviceManufacturer":"samsung","pixelRatio":2,"statBarHeight":48,"viewportRect":{"left":0,"top":48,"width":720,"height":1232}}
&amp#27;[35m[HTTP]&amp#27;[39m &amp#27;[37m<-- GET /wd/hub/session/346d4f1e-c621-4bc0-a119-ffc83ca9b2b7 &amp#27;[39m&amp#27;[32m200&amp#27;[39m &amp#27;[90m10 ms - 978&amp#27;[39m
&amp#27;[35m[HTTP]&amp#27;[39m &amp#27;[90m&amp#27;[39m
&amp#27;[35m[HTTP]&amp#27;[39m &amp#27;[37m-->&amp#27;[39m &amp#27;[37mGET&amp#27;[39m &amp#27;[37m/wd/hub/session/346d4f1e-c621-4bc0-a119-ffc83ca9b2b7&amp#27;[39m
&amp#27;[35m[HTTP]&amp#27;[39m &amp#27;[90m{}&amp#27;[39m
[debug] &amp#27;[35m[W3C (346d4f1e)]&amp#27;[39m Calling AppiumDriver.getSession() with args: ["346d4f1e-c621-4bc0-a119-ffc83ca9b2b7"]
[debug] &amp#27;[35m[UiAutomator2]&amp#27;[39m Getting session details from server to mix in
[debug] &amp#27;[35m[WD Proxy]&amp#27;[39m Matched '/' to command name 'getSession'
[debug] &amp#27;[35m[WD Proxy]&amp#27;[39m Proxying [GET /] to [GET http://127.0.0.1:8204/wd/hub/session/282f3bb7-b195-4c8a-a389-a2752d774f80] with body: {}
[debug] &amp#27;[35m[WD Proxy]&amp#27;[39m Got response with status 200: {"sessionId":"282f3bb7-b195-4c8a-a389-a2752d774f80","value":{}}
[debug] &amp#27;[35m[W3C (346d4f1e)]&amp#27;[39m Responding to client with driver.getSession() result: {"platform":"LINUX","webStorageEnabled":false,"takesScreenshot":true,"javascriptEnabled":true,"databaseEnabled":false,"networkConnectionEnabled":true,"locationContextEnabled":false,"warnings":{},"desired":{"platformName":"android","app":"C:\\Users\\moham\\Desktop\\Appium\\DemoProject\\src\\Amazon.apk","appActivity":"com.amazon.mShop.home.HomeActivity","appPackage":"in.amazon.mShop.android.shopping","udid":"3300a0bd18c31465"},"platformName":"android","app":"C:\\Users\\moham\\Desktop\\Appium\\DemoProject\\src\\Amazon.apk","appActivity":"com.amazon.mShop.home.HomeActivity","appPackage":"in.amazon.mShop.android.shopping","udid":"3300a0bd18c31465","deviceName":"3300a0bd18c31465","deviceUDID":"3300a0bd18c31465","deviceApiLevel":23,"platformVersion":"6.0.1","deviceScreenSize":"720x1280","deviceScreenDensity":320,"deviceModel":"SM-J700F","deviceManufacturer":"samsung","pixelRatio":2,"statBarHeight":48,"viewportRect":{"left":0,"top":48,"width":720,"height":1232}}
&amp#27;[35m[HTTP]&amp#27;[39m &amp#27;[37m<-- GET /wd/hub/session/346d4f1e-c621-4bc0-a119-ffc83ca9b2b7 &amp#27;[39m&amp#27;[32m200&amp#27;[39m &amp#27;[90m285 ms - 978&amp#27;[39m
&amp#27;[35m[HTTP]&amp#27;[39m &amp#27;[90m&amp#27;[39m
&amp#27;[35m[HTTP]&amp#27;[39m &amp#27;[37m-->&amp#27;[39m &amp#27;[37mPOST&amp#27;[39m &amp#27;[37m/wd/hub/session/346d4f1e-c621-4bc0-a119-ffc83ca9b2b7/element&amp#27;[39m
&amp#27;[35m[HTTP]&amp#27;[39m &amp#27;[90m{"using":"xpath","value":"//android.widget.TextView[@text=\"Select Your Language\"]/following-sibling::android.widget.GridLayout/android.widget.ImageView[2]"}&amp#27;[39m
[debug] &amp#27;[35m[W3C (346d4f1e)]&amp#27;[39m Calling AppiumDriver.findElement() with args: ["xpath","//android.widget.TextView[@text=\"Select Your Language\"]/following-sibling::android.widget.GridLayout/android.widget.ImageView[2]","346d4f1e-c621-4bc0-a119-ffc83ca9b2b7"]
[debug] &amp#27;[35m[BaseDriver]&amp#27;[39m Valid locator strategies for this request: xpath, id, class name, accessibility id, -android uiautomator
[debug] &amp#27;[35m[BaseDriver]&amp#27;[39m Waiting up to 10000 ms for condition
[debug] &amp#27;[35m[WD Proxy]&amp#27;[39m Matched '/element' to command name 'findElement'
[debug] &amp#27;[35m[WD Proxy]&amp#27;[39m Proxying [POST /element] to [POST http://127.0.0.1:8204/wd/hub/session/282f3bb7-b195-4c8a-a389-a2752d774f80/element] with body: {"strategy":"xpath","selector":"//android.widget.TextView[@text=\"Select Your Language\"]/following-sibling::android.widget.GridLayout/android.widget.ImageView[2]","context":"","multiple":false}
&amp#27;[35m[WD Proxy]&amp#27;[39m Got response with status 404: {"sessionId":"282f3bb7-b195-4c8a-a389-a2752d774f80","value":{"error":"no such element","message":"An element could not be located on the page using the given search parameters","stacktrace":"io.appium.uiautomator2.common.exceptions.ElementNotFoundException: An element could not be located on the page using the given search parameters\n\tat io.appium.uiautomator2.handler.FindElement.findElement(FindElement.java:102)\n\tat io.appium.uiautomator2.handler.FindElement.safeHandle(FindElement.java:72)\n\tat io.appium.uiautomator2.handler.request.SafeRequestHandler.handle(SafeRequestHandler.java:38)\n\tat io.appium.uiautomator2.server.AppiumServlet.handleRequest(AppiumServlet.java:252)\n\tat io.appium.uiautomator2.server.AppiumServlet.handleHttpRequest(AppiumServlet.java:242)\n\tat io.appium.uiautomator2.http.ServerHandler.channelRead(ServerHandler.java:51)\n\tat io.netty.channel.AbstractChannelHandlerContext.invokeChannelRead(AbstractChannelHandlerContext.java:366)\n\tat io.netty.channel.AbstractChannelHandlerCon...
[debug] &amp#27;[35m[W3C]&amp#27;[39m Matched W3C error code 'no such element' to NoSuchElementError
[debug] &amp#27;[35m[BaseDriver]&amp#27;[39m Waited for 1272 ms so far
[debug] &amp#27;[35m[WD Proxy]&amp#27;[39m Matched '/element' to command name 'findElement'
[debug] &amp#27;[35m[WD Proxy]&amp#27;[39m Proxying [POST /element] to [POST http://127.0.0.1:8204/wd/hub/session/282f3bb7-b195-4c8a-a389-a2752d774f80/element] with body: {"strategy":"xpath","selector":"//android.widget.TextView[@text=\"Select Your Language\"]/following-sibling::android.widget.GridLayout/android.widget.ImageView[2]","context":"","multiple":false}
[debug] &amp#27;[35m[WD Proxy]&amp#27;[39m Got response with status 200: {"sessionId":"282f3bb7-b195-4c8a-a389-a2752d774f80","value":{"ELEMENT":"45bc3f1a-b897-4cfa-a6e3-aecc389593a7","element-6066-11e4-a52e-4f735466cecf":"45bc3f1a-b897-4cfa-a6e3-aecc389593a7"}}
[debug] &amp#27;[35m[W3C (346d4f1e)]&amp#27;[39m Responding to client with driver.findElement() result: {"element-6066-11e4-a52e-4f735466cecf":"45bc3f1a-b897-4cfa-a6e3-aecc389593a7","ELEMENT":"45bc3f1a-b897-4cfa-a6e3-aecc389593a7"}
&amp#27;[35m[HTTP]&amp#27;[39m &amp#27;[37m<-- POST /wd/hub/session/346d4f1e-c621-4bc0-a119-ffc83ca9b2b7/element &amp#27;[39m&amp#27;[32m200&amp#27;[39m &amp#27;[90m2016 ms - 137&amp#27;[39m
&amp#27;[35m[HTTP]&amp#27;[39m &amp#27;[90m&amp#27;[39m
&amp#27;[35m[HTTP]&amp#27;[39m &amp#27;[37m-->&amp#27;[39m &amp#27;[37mGET&amp#27;[39m &amp#27;[37m/wd/hub/session/346d4f1e-c621-4bc0-a119-ffc83ca9b2b7/element/45bc3f1a-b897-4cfa-a6e3-aecc389593a7/displayed&amp#27;[39m
&amp#27;[35m[HTTP]&amp#27;[39m &amp#27;[90m{}&amp#27;[39m
[debug] &amp#27;[35m[W3C (346d4f1e)]&amp#27;[39m Calling AppiumDriver.elementDisplayed() with args: ["45bc3f1a-b897-4cfa-a6e3-aecc389593a7","346d4f1e-c621-4bc0-a119-ffc83ca9b2b7"]
[debug] &amp#27;[35m[WD Proxy]&amp#27;[39m Matched '/element/45bc3f1a-b897-4cfa-a6e3-aecc389593a7/attribute/displayed' to command name 'getAttribute'
[debug] &amp#27;[35m[WD Proxy]&amp#27;[39m Proxying [GET /element/45bc3f1a-b897-4cfa-a6e3-aecc389593a7/attribute/displayed] to [GET http://127.0.0.1:8204/wd/hub/session/282f3bb7-b195-4c8a-a389-a2752d774f80/element/45bc3f1a-b897-4cfa-a6e3-aecc389593a7/attribute/displayed] with body: {}
[debug] &amp#27;[35m[WD Proxy]&amp#27;[39m Got response with status 200: {"sessionId":"282f3bb7-b195-4c8a-a389-a2752d774f80","value":"true"}
[debug] &amp#27;[35m[W3C (346d4f1e)]&amp#27;[39m Responding to client with driver.elementDisplayed() result: true
&amp#27;[35m[HTTP]&amp#27;[39m &amp#27;[37m<-- GET /wd/hub/session/346d4f1e-c621-4bc0-a119-ffc83ca9b2b7/element/45bc3f1a-b897-4cfa-a6e3-aecc389593a7/displayed &amp#27;[39m&amp#27;[32m200&amp#27;[39m &amp#27;[90m93 ms - 14&amp#27;[39m
&amp#27;[35m[HTTP]&amp#27;[39m &amp#27;[90m&amp#27;[39m
&amp#27;[35m[HTTP]&amp#27;[39m &amp#27;[37m-->&amp#27;[39m &amp#27;[37mPOST&amp#27;[39m &amp#27;[37m/wd/hub/session/346d4f1e-c621-4bc0-a119-ffc83ca9b2b7/element/45bc3f1a-b897-4cfa-a6e3-aecc389593a7/click&amp#27;[39m
&amp#27;[35m[HTTP]&amp#27;[39m &amp#27;[90m{"id":"45bc3f1a-b897-4cfa-a6e3-aecc389593a7"}&amp#27;[39m
[debug] &amp#27;[35m[W3C (346d4f1e)]&amp#27;[39m Calling AppiumDriver.click() with args: ["45bc3f1a-b897-4cfa-a6e3-aecc389593a7","346d4f1e-c621-4bc0-a119-ffc83ca9b2b7"]
[debug] &amp#27;[35m[WD Proxy]&amp#27;[39m Matched '/element/45bc3f1a-b897-4cfa-a6e3-aecc389593a7/click' to command name 'click'
[debug] &amp#27;[35m[WD Proxy]&amp#27;[39m Proxying [POST /element/45bc3f1a-b897-4cfa-a6e3-aecc389593a7/click] to [POST http://127.0.0.1:8204/wd/hub/session/282f3bb7-b195-4c8a-a389-a2752d774f80/element/45bc3f1a-b897-4cfa-a6e3-aecc389593a7/click] with body: {"element":"45bc3f1a-b897-4cfa-a6e3-aecc389593a7"}
[debug] &amp#27;[35m[WD Proxy]&amp#27;[39m Got response with status 200: {"sessionId":"282f3bb7-b195-4c8a-a389-a2752d774f80","value":null}
[debug] &amp#27;[35m[W3C (346d4f1e)]&amp#27;[39m Responding to client with driver.click() result: null
&amp#27;[35m[HTTP]&amp#27;[39m &amp#27;[37m<-- POST /wd/hub/session/346d4f1e-c621-4bc0-a119-ffc83ca9b2b7/element/45bc3f1a-b897-4cfa-a6e3-aecc389593a7/click &amp#27;[39m&amp#27;[32m200&amp#27;[39m &amp#27;[90m87 ms - 14&amp#27;[39m
&amp#27;[35m[HTTP]&amp#27;[39m &amp#27;[90m&amp#27;[39m
 INFO [main] (ChooseLanguagePage.java:26)- English language is selected
&amp#27;[35m[HTTP]&amp#27;[39m &amp#27;[37m-->&amp#27;[39m &amp#27;[37mGET&amp#27;[39m &amp#27;[37m/wd/hub/session/346d4f1e-c621-4bc0-a119-ffc83ca9b2b7&amp#27;[39m
&amp#27;[35m[HTTP]&amp#27;[39m &amp#27;[90m{}&amp#27;[39m
[debug] &amp#27;[35m[W3C (346d4f1e)]&amp#27;[39m Calling AppiumDriver.getSession() with args: ["346d4f1e-c621-4bc0-a119-ffc83ca9b2b7"]
[debug] &amp#27;[35m[UiAutomator2]&amp#27;[39m Getting session details from server to mix in
[debug] &amp#27;[35m[WD Proxy]&amp#27;[39m Matched '/' to command name 'getSession'
[debug] &amp#27;[35m[WD Proxy]&amp#27;[39m Proxying [GET /] to [GET http://127.0.0.1:8204/wd/hub/session/282f3bb7-b195-4c8a-a389-a2752d774f80] with body: {}
[debug] &amp#27;[35m[WD Proxy]&amp#27;[39m Got response with status 200: {"sessionId":"282f3bb7-b195-4c8a-a389-a2752d774f80","value":{}}
[debug] &amp#27;[35m[W3C (346d4f1e)]&amp#27;[39m Responding to client with driver.getSession() result: {"platform":"LINUX","webStorageEnabled":false,"takesScreenshot":true,"javascriptEnabled":true,"databaseEnabled":false,"networkConnectionEnabled":true,"locationContextEnabled":false,"warnings":{},"desired":{"platformName":"android","app":"C:\\Users\\moham\\Desktop\\Appium\\DemoProject\\src\\Amazon.apk","appActivity":"com.amazon.mShop.home.HomeActivity","appPackage":"in.amazon.mShop.android.shopping","udid":"3300a0bd18c31465"},"platformName":"android","app":"C:\\Users\\moham\\Desktop\\Appium\\DemoProject\\src\\Amazon.apk","appActivity":"com.amazon.mShop.home.HomeActivity","appPackage":"in.amazon.mShop.android.shopping","udid":"3300a0bd18c31465","deviceName":"3300a0bd18c31465","deviceUDID":"3300a0bd18c31465","deviceApiLevel":23,"platformVersion":"6.0.1","deviceScreenSize":"720x1280","deviceScreenDensity":320,"deviceModel":"SM-J700F","deviceManufacturer":"samsung","pixelRatio":2,"statBarHeight":48,"viewportRect":{"left":0,"top":48,"width":720,"height":1232}}
&amp#27;[35m[HTTP]&amp#27;[39m &amp#27;[37m<-- GET /wd/hub/session/346d4f1e-c621-4bc0-a119-ffc83ca9b2b7 &amp#27;[39m&amp#27;[32m200&amp#27;[39m &amp#27;[90m19 ms - 978&amp#27;[39m
&amp#27;[35m[HTTP]&amp#27;[39m &amp#27;[90m&amp#27;[39m
&amp#27;[35m[HTTP]&amp#27;[39m &amp#27;[37m-->&amp#27;[39m &amp#27;[37mPOST&amp#27;[39m &amp#27;[37m/wd/hub/session/346d4f1e-c621-4bc0-a119-ffc83ca9b2b7/element&amp#27;[39m
&amp#27;[35m[HTTP]&amp#27;[39m &amp#27;[90m{"using":"id","value":"in.amazon.mShop.android.shopping:id/skip_sign_in_button"}&amp#27;[39m
[debug] &amp#27;[35m[W3C (346d4f1e)]&amp#27;[39m Calling AppiumDriver.findElement() with args: ["id","in.amazon.mShop.android.shopping:id/skip_sign_in_button","346d4f1e-c621-4bc0-a119-ffc83ca9b2b7"]
[debug] &amp#27;[35m[BaseDriver]&amp#27;[39m Valid locator strategies for this request: xpath, id, class name, accessibility id, -android uiautomator
[debug] &amp#27;[35m[BaseDriver]&amp#27;[39m Waiting up to 10000 ms for condition
[debug] &amp#27;[35m[WD Proxy]&amp#27;[39m Matched '/element' to command name 'findElement'
[debug] &amp#27;[35m[WD Proxy]&amp#27;[39m Proxying [POST /element] to [POST http://127.0.0.1:8204/wd/hub/session/282f3bb7-b195-4c8a-a389-a2752d774f80/element] with body: {"strategy":"id","selector":"in.amazon.mShop.android.shopping:id/skip_sign_in_button","context":"","multiple":false}
&amp#27;[35m[WD Proxy]&amp#27;[39m Got response with status 404: {"sessionId":"282f3bb7-b195-4c8a-a389-a2752d774f80","value":{"error":"no such element","message":"An element could not be located on the page using the given search parameters","stacktrace":"io.appium.uiautomator2.common.exceptions.ElementNotFoundException: An element could not be located on the page using the given search parameters\n\tat io.appium.uiautomator2.handler.FindElement.safeHandle(FindElement.java:78)\n\tat io.appium.uiautomator2.handler.request.SafeRequestHandler.handle(SafeRequestHandler.java:38)\n\tat io.appium.uiautomator2.server.AppiumServlet.handleRequest(AppiumServlet.java:252)\n\tat io.appium.uiautomator2.server.AppiumServlet.handleHttpRequest(AppiumServlet.java:242)\n\tat io.appium.uiautomator2.http.ServerHandler.channelRead(ServerHandler.java:51)\n\tat io.netty.channel.AbstractChannelHandlerContext.invokeChannelRead(AbstractChannelHandlerContext.java:366)\n\tat io.netty.channel.AbstractChannelHandlerContext.invokeChannelRead(AbstractChannelHandlerContext.java:352)\n\tat io.netty.chann...
[debug] &amp#27;[35m[W3C]&amp#27;[39m Matched W3C error code 'no such element' to NoSuchElementError
[debug] &amp#27;[35m[BaseDriver]&amp#27;[39m Waited for 138 ms so far
[debug] &amp#27;[35m[WD Proxy]&amp#27;[39m Matched '/element' to command name 'findElement'
[debug] &amp#27;[35m[WD Proxy]&amp#27;[39m Proxying [POST /element] to [POST http://127.0.0.1:8204/wd/hub/session/282f3bb7-b195-4c8a-a389-a2752d774f80/element] with body: {"strategy":"id","selector":"in.amazon.mShop.android.shopping:id/skip_sign_in_button","context":"","multiple":false}
[debug] &amp#27;[35m[WD Proxy]&amp#27;[39m Got response with status 200: {"sessionId":"282f3bb7-b195-4c8a-a389-a2752d774f80","value":{"ELEMENT":"77217da6-3d79-4930-ad1b-d1ddfaf6c88e","element-6066-11e4-a52e-4f735466cecf":"77217da6-3d79-4930-ad1b-d1ddfaf6c88e"}}
[debug] &amp#27;[35m[W3C (346d4f1e)]&amp#27;[39m Responding to client with driver.findElement() result: {"element-6066-11e4-a52e-4f735466cecf":"77217da6-3d79-4930-ad1b-d1ddfaf6c88e","ELEMENT":"77217da6-3d79-4930-ad1b-d1ddfaf6c88e"}
&amp#27;[35m[HTTP]&amp#27;[39m &amp#27;[37m<-- POST /wd/hub/session/346d4f1e-c621-4bc0-a119-ffc83ca9b2b7/element &amp#27;[39m&amp#27;[32m200&amp#27;[39m &amp#27;[90m703 ms - 137&amp#27;[39m
&amp#27;[35m[HTTP]&amp#27;[39m &amp#27;[90m&amp#27;[39m
&amp#27;[35m[HTTP]&amp#27;[39m &amp#27;[37m-->&amp#27;[39m &amp#27;[37mGET&amp#27;[39m &amp#27;[37m/wd/hub/session/346d4f1e-c621-4bc0-a119-ffc83ca9b2b7/element/77217da6-3d79-4930-ad1b-d1ddfaf6c88e/displayed&amp#27;[39m
&amp#27;[35m[HTTP]&amp#27;[39m &amp#27;[90m{}&amp#27;[39m
[debug] &amp#27;[35m[W3C (346d4f1e)]&amp#27;[39m Calling AppiumDriver.elementDisplayed() with args: ["77217da6-3d79-4930-ad1b-d1ddfaf6c88e","346d4f1e-c621-4bc0-a119-ffc83ca9b2b7"]
[debug] &amp#27;[35m[WD Proxy]&amp#27;[39m Matched '/element/77217da6-3d79-4930-ad1b-d1ddfaf6c88e/attribute/displayed' to command name 'getAttribute'
[debug] &amp#27;[35m[WD Proxy]&amp#27;[39m Proxying [GET /element/77217da6-3d79-4930-ad1b-d1ddfaf6c88e/attribute/displayed] to [GET http://127.0.0.1:8204/wd/hub/session/282f3bb7-b195-4c8a-a389-a2752d774f80/element/77217da6-3d79-4930-ad1b-d1ddfaf6c88e/attribute/displayed] with body: {}
[debug] &amp#27;[35m[WD Proxy]&amp#27;[39m Got response with status 200: {"sessionId":"282f3bb7-b195-4c8a-a389-a2752d774f80","value":"true"}
[debug] &amp#27;[35m[W3C (346d4f1e)]&amp#27;[39m Responding to client with driver.elementDisplayed() result: true
&amp#27;[35m[HTTP]&amp#27;[39m &amp#27;[37m<-- GET /wd/hub/session/346d4f1e-c621-4bc0-a119-ffc83ca9b2b7/element/77217da6-3d79-4930-ad1b-d1ddfaf6c88e/displayed &amp#27;[39m&amp#27;[32m200&amp#27;[39m &amp#27;[90m47 ms - 14&amp#27;[39m
&amp#27;[35m[HTTP]&amp#27;[39m &amp#27;[90m&amp#27;[39m
&amp#27;[35m[HTTP]&amp#27;[39m &amp#27;[37m-->&amp#27;[39m &amp#27;[37mPOST&amp#27;[39m &amp#27;[37m/wd/hub/session/346d4f1e-c621-4bc0-a119-ffc83ca9b2b7/element/77217da6-3d79-4930-ad1b-d1ddfaf6c88e/click&amp#27;[39m
&amp#27;[35m[HTTP]&amp#27;[39m &amp#27;[90m{"id":"77217da6-3d79-4930-ad1b-d1ddfaf6c88e"}&amp#27;[39m
[debug] &amp#27;[35m[W3C (346d4f1e)]&amp#27;[39m Calling AppiumDriver.click() with args: ["77217da6-3d79-4930-ad1b- INFO [main] (SignInPage.java:27)- Skip button is clicked
d1ddfaf6c88e","346d4f1e-c621-4bc0-a119-ffc83ca9b2b7"]
[debug] &amp#27;[35m[WD Proxy]&amp#27;[39m Matched '/element/77217da6-3d79-4930-ad1b-d1ddfaf6c88e/click' to command name 'click'
[debug] &amp#27;[35m[WD Proxy]&amp#27;[39m Proxying [POST /element/77217da6-3d79-4930-ad1b-d1ddfaf6c88e/click] to [POST http://127.0.0.1:8204/wd/hub/session/282f3bb7-b195-4c8a-a389-a2752d774f80/element/77217da6-3d79-4930-ad1b-d1ddfaf6c88e/click] with body: {"element":"77217da6-3d79-4930-ad1b-d1ddfaf6c88e"}
[debug] &amp#27;[35m[WD Proxy]&amp#27;[39m Got response with status 200: {"sessionId":"282f3bb7-b195-4c8a-a389-a2752d774f80","value":null}
[debug] &amp#27;[35m[W3C (346d4f1e)]&amp#27;[39m Responding to client with driver.click() result: null
&amp#27;[35m[HTTP]&amp#27;[39m &amp#27;[37m<-- POST /wd/hub/session/346d4f1e-c621-4bc0-a119-ffc83ca9b2b7/element/77217da6-3d79-4930-ad1b-d1ddfaf6c88e/click &amp#27;[39m&amp#27;[32m200&amp#27;[39m &amp#27;[90m110 ms - 14&amp#27;[39m
&amp#27;[35m[HTTP]&amp#27;[39m &amp#27;[90m&amp#27;[39m
&amp#27;[35m[HTTP]&amp#27;[39m &amp#27;[37m-->&amp#27;[39m &amp#27;[37mGET&amp#27;[39m &amp#27;[37m/wd/hub/session/346d4f1e-c621-4bc0-a119-ffc83ca9b2b7&amp#27;[39m
&amp#27;[35m[HTTP]&amp#27;[39m &amp#27;[90m{}&amp#27;[39m
[debug] &amp#27;[35m[W3C (346d4f1e)]&amp#27;[39m Calling AppiumDriver.getSession() with args: ["346d4f1e-c621-4bc0-a119-ffc83ca9b2b7"]
[debug] &amp#27;[35m[UiAutomator2]&amp#27;[39m Getting session details from server to mix in
[debug] &amp#27;[35m[WD Proxy]&amp#27;[39m Matched '/' to command name 'getSession'
[debug] &amp#27;[35m[WD Proxy]&amp#27;[39m Proxying [GET /] to [GET http://127.0.0.1:8204/wd/hub/session/282f3bb7-b195-4c8a-a389-a2752d774f80] with body: {}
[debug] &amp#27;[35m[WD Proxy]&amp#27;[39m Got response with status 200: {"sessionId":"282f3bb7-b195-4c8a-a389-a2752d774f80","value":{}}
[debug] &amp#27;[35m[W3C (346d4f1e)]&amp#27;[39m Responding to client with driver.getSession() result: {"platform":"LINUX","webStorageEnabled":false,"takesScreenshot":true,"javascriptEnabled":true,"databaseEnabled":false,"networkConnectionEnabled":true,"locationContextEnabled":false,"warnings":{},"desired":{"platformName":"android","app":"C:\\Users\\moham\\Desktop\\Appium\\DemoProject\\src\\Amazon.apk","appActivity":"com.amazon.mShop.home.HomeActivity","appPackage":"in.amazon.mShop.android.shopping","udid":"3300a0bd18c31465"},"platformName":"android","app":"C:\\Users\\moham\\Desktop\\Appium\\DemoProject\\src\\Amazon.apk","appActivity":"com.amazon.mShop.home.HomeActivity","appPackage":"in.amazon.mShop.android.shopping","udid":"3300a0bd18c31465","deviceName":"3300a0bd18c31465","deviceUDID":"3300a0bd18c31465","deviceApiLevel":23,"platformVersion":"6.0.1","deviceScreenSize":"720x1280","deviceScreenDensity":320,"deviceModel":"SM-J700F","deviceManufacturer":"samsung","pixelRatio":2,"statBarHeight":48,"viewportRect":{"left":0,"top":48,"width":720,"height":1232}}
&amp#27;[35m[HTTP]&amp#27;[39m &amp#27;[37m<-- GET /wd/hub/session/346d4f1e-c621-4bc0-a119-ffc83ca9b2b7 &amp#27;[39m&amp#27;[32m200&amp#27;[39m &amp#27;[90m12 ms - 978&amp#27;[39m
&amp#27;[35m[HTTP]&amp#27;[39m &amp#27;[90m&amp#27;[39m
&amp#27;[35m[HTTP]&amp#27;[39m &amp#27;[37m-->&amp#27;[39m &amp#27;[37mPOST&amp#27;[39m &amp#27;[37m/wd/hub/session/346d4f1e-c621-4bc0-a119-ffc83ca9b2b7/element&amp#27;[39m
&amp#27;[35m[HTTP]&amp#27;[39m &amp#27;[90m{"using":"id","value":"in.amazon.mShop.android.shopping:id/action_bar_burger_icon"}&amp#27;[39m
[debug] &amp#27;[35m[W3C (346d4f1e)]&amp#27;[39m Calling AppiumDriver.findElement() with args: ["id","in.amazon.mShop.android.shopping:id/action_bar_burger_icon","346d4f1e-c621-4bc0-a119-ffc83ca9b2b7"]
[debug] &amp#27;[35m[BaseDriver]&amp#27;[39m Valid locator strategies for this request: xpath, id, class name, accessibility id, -android uiautomator
[debug] &amp#27;[35m[BaseDriver]&amp#27;[39m Waiting up to 10000 ms for condition
[debug] &amp#27;[35m[WD Proxy]&amp#27;[39m Matched '/element' to command name 'findElement'
[debug] &amp#27;[35m[WD Proxy]&amp#27;[39m Proxying [POST /element] to [POST http://127.0.0.1:8204/wd/hub/session/282f3bb7-b195-4c8a-a389-a2752d774f80/element] with body: {"strategy":"id","selector":"in.amazon.mShop.android.shopping:id/action_bar_burger_icon","context":"","multiple":false}
[debug] &amp#27;[35m[WD Proxy]&amp#27;[39m Got response with status 200: {"sessionId":"282f3bb7-b195-4c8a-a389-a2752d774f80","value":{"ELEMENT":"f9d74eb8-dec2-4aeb-95dd-dccdf3216419","element-6066-11e4-a52e-4f735466cecf":"f9d74eb8-dec2-4aeb-95dd-dccdf3216419"}}
[debug] &amp#27;[35m[W3C (346d4f1e)]&amp#27;[39m Responding to client with driver.findElement() result: {"element-6066-11e4-a52e-4f735466cecf":"f9d74eb8-dec2-4aeb-95dd-dccdf3216419","ELEMENT":"f9d74eb8-dec2-4aeb-95dd-dccdf3216419"}
&amp#27;[35m[HTTP]&amp#27;[39m &amp#27;[37m<-- POST /wd/hub/session/346d4f1e-c621-4bc0-a119-ffc83ca9b2b7/element &amp#27;[39m&amp#27;[32m200&amp#27;[39m &amp#27;[90m4711 ms - 137&amp#27;[39m
&amp#27;[35m[HTTP]&amp#27;[39m &amp#27;[90m&amp#27;[39m
&amp#27;[35m[HTTP]&amp#27;[39m &amp#27;[37m-->&amp#27;[39m &amp#27;[37mGET&amp#27;[39m &amp#27;[37m/wd/hub/session/346d4f1e-c621-4bc0-a119-ffc83ca9b2b7/element/f9d74eb8-dec2-4aeb-95dd-dccdf3216419/displayed&amp#27;[39m
&amp#27;[35m[HTTP]&amp#27;[39m &amp#27;[90m{}&amp#27;[39m
[debug] &amp#27;[35m[W3C (346d4f1e)]&amp#27;[39m Calling AppiumDriver.elementDisplayed() with args: ["f9d74eb8-dec2-4aeb-95dd-dccdf3216419","346d4f1e-c621-4bc0-a119-ffc83ca9b2b7"]
[debug] &amp#27;[35m[WD Proxy]&amp#27;[39m Matched '/element/f9d74eb8-dec2-4aeb-95dd-dccdf3216419/attribute/displayed' to command name 'getAttribute'
[debug] &amp#27;[35m[WD Proxy]&amp#27;[39m Proxying [GET /element/f9d74eb8-dec2-4aeb-95dd-dccdf3216419/attribute/displayed] to [GET http://127.0.0.1:8204/wd/hub/session/282f3bb7-b195-4c8a-a389-a2752d774f80/element/f9d74eb8-dec2-4aeb-95dd-dccdf3216419/attribute/displayed] with body: {}
[debug] &amp#27;[35m[WD Proxy]&amp#27;[39m Got response with status 200: {"sessionId":"282f3bb7-b195-4c8a-a389-a2752d774f80","value":"true"}
[debug] &amp#27;[35m[W3C (346d4f1e)]&amp#27;[39m Responding to client with driver.elementDisplayed() result: true
&amp#27;[35m[HTTP]&amp#27;[39m &amp#27;[37m<-- GET /wd/hub/session/346d4f1e-c621-4bc0-a119-ffc83ca9b2b7/element/f9d74eb8-dec2-4aeb-95dd-dccdf3216419/displayed &amp#27;[39m&amp#27;[32m200&amp#27;[39m &amp#27;[90m33 ms - 14&amp#27;[39m
&amp#27;[35m[HTTP]&amp#27;[39m &amp#27;[90m&amp#27;[39m
&amp#27;[35m[HTTP]&amp#27;[39m &amp#27;[37m-->&amp#27;[39m &amp#27;[37mPOST&amp#27;[39m &amp#27;[37m/wd/hub/session/346d4f1e-c621-4bc0-a119-ffc83ca9b2b7/element/f9d74eb8-dec2-4aeb-95dd-dccdf3216419/click&amp#27;[39m
&amp#27;[35m[HTTP]&amp#27;[39m &amp#27;[90m{"id":"f9d74eb8-dec2-4aeb-95dd-dccdf3216419"}&amp#27;[39m
[debug] &amp#27;[35m[W3C (346d4f1e)]&amp#27;[39m Calling AppiumDriver.click() with args: ["f9d74eb8-dec2-4aeb-95dd-dccdf3216419","346d4f1e-c621-4bc0-a119-ffc83ca9b2b7"]
[debug] &amp#27;[35m[WD Proxy]&amp#27;[39m Matched '/element/f9d74eb8-dec2-4aeb-95dd-dccdf3216419/click' to command name 'click'
[debug] &amp#27;[35m[WD Proxy]&amp#27;[39m Proxying [POST /element/f9d74eb8-dec2-4aeb-95dd-dccdf3216419/click] to [POST http://127.0.0.1:8204/wd/hub/session/282f3bb7-b195-4c8a-a389-a2752d774f80/element/f9d74eb8-dec2-4aeb-95dd-dccdf3216419/click] with body: {"element":"f9d74eb8-dec2-4aeb-95dd-dccdf3216419"}
[debug] &amp#27;[35m[WD Proxy]&amp#27;[39m Got response with status 200: {"sessionId":"282f3bb7-b195-4c8a-a389-a2752d774f80","value":null}
[debug] &amp#27;[35m[W3C (346d4f1e)]&amp#27;[39m Responding to client with driver.click() result: null
 INFO [main] (LandingPage.java:33)- Hamburger Menu is clicked
&amp#27;[35m[HTTP]&amp#27;[39m &amp#27;[37m<-- POST /wd/hub/session/346d4f1e-c621-4bc0-a119-ffc83ca9b2b7/element/f9d74eb8-dec2-4aeb-95dd-dccdf3216419/click &amp#27;[39m&amp#27;[32m200&amp#27;[39m &amp#27;[90m45 ms - 14&amp#27;[39m
&amp#27;[35m[HTTP]&amp#27;[39m &amp#27;[90m&amp#27;[39m
&amp#27;[35m[HTTP]&amp#27;[39m &amp#27;[37m-->&amp#27;[39m &amp#27;[37mGET&amp#27;[39m &amp#27;[37m/wd/hub/session/346d4f1e-c621-4bc0-a119-ffc83ca9b2b7&amp#27;[39m
&amp#27;[35m[HTTP]&amp#27;[39m &amp#27;[90m{}&amp#27;[39m
[debug] &amp#27;[35m[W3C (346d4f1e)]&amp#27;[39m Calling AppiumDriver.getSession() with args: ["346d4f1e-c621-4bc0-a119-ffc83ca9b2b7"]
[debug] &amp#27;[35m[UiAutomator2]&amp#27;[39m Getting session details from server to mix in
[debug] &amp#27;[35m[WD Proxy]&amp#27;[39m Matched '/' to command name 'getSession'
[debug] &amp#27;[35m[WD Proxy]&amp#27;[39m Proxying [GET /] to [GET http://127.0.0.1:8204/wd/hub/session/282f3bb7-b195-4c8a-a389-a2752d774f80] with body: {}
[debug] &amp#27;[35m[WD Proxy]&amp#27;[39m Got response with status 200: {"sessionId":"282f3bb7-b195-4c8a-a389-a2752d774f80","value":{}}
[debug] &amp#27;[35m[W3C (346d4f1e)]&amp#27;[39m Responding to client with driver.getSession() result: {"platform":"LINUX","webStorageEnabled":false,"takesScreenshot":true,"javascriptEnabled":true,"databaseEnabled":false,"networkConnectionEnabled":true,"locationContextEnabled":false,"warnings":{},"desired":{"platformName":"android","app":"C:\\Users\\moham\\Desktop\\Appium\\DemoProject\\src\\Amazon.apk","appActivity":"com.amazon.mShop.home.HomeActivity","appPackage":"in.amazon.mShop.android.shopping","udid":"3300a0bd18c31465"},"platformName":"android","app":"C:\\Users\\moham\\Desktop\\Appium\\DemoProject\\src\\Amazon.apk","appActivity":"com.amazon.mShop.home.HomeActivity","appPackage":"in.amazon.mShop.android.shopping","udid":"3300a0bd18c31465","deviceName":"3300a0bd18c31465","deviceUDID":"3300a0bd18c31465","deviceApiLevel":23,"platformVersion":"6.0.1","deviceScreenSize":"720x1280","deviceScreenDensity":320,"deviceModel":"SM-J700F","deviceManufacturer":"samsung","pixelRatio":2,"statBarHeight":48,"viewportRect":{"left":0,"top":48,"width":720,"height":1232}}
&amp#27;[35m[HTTP]&amp#27;[39m &amp#27;[37m<-- GET /wd/hub/session/346d4f1e-c621-4bc0-a119-ffc83ca9b2b7 &amp#27;[39m&amp#27;[32m200&amp#27;[39m &amp#27;[90m9 ms - 978&amp#27;[39m
&amp#27;[35m[HTTP]&amp#27;[39m &amp#27;[90m&amp#27;[39m
&amp#27;[35m[HTTP]&amp#27;[39m &amp#27;[37m-->&amp#27;[39m &amp#27;[37mPOST&amp#27;[39m &amp#27;[37m/wd/hub/session/346d4f1e-c621-4bc0-a119-ffc83ca9b2b7/elements&amp#27;[39m
&amp#27;[35m[HTTP]&amp#27;[39m &amp#27;[90m{"using":"class name","value":"android.widget.TextView"}&amp#27;[39m
[debug] &amp#27;[35m[W3C (346d4f1e)]&amp#27;[39m Calling AppiumDriver.findElements() with args: ["class name","android.widget.TextView","346d4f1e-c621-4bc0-a119-ffc83ca9b2b7"]
[debug] &amp#27;[35m[BaseDriver]&amp#27;[39m Valid locator strategies for this request: xpath, id, class name, accessibility id, -android uiautomator
[debug] &amp#27;[35m[BaseDriver]&amp#27;[39m Waiting up to 10000 ms for condition
[debug] &amp#27;[35m[WD Proxy]&amp#27;[39m Matched '/elements' to command name 'findElements'
[debug] &amp#27;[35m[WD Proxy]&amp#27;[39m Proxying [POST /elements] to [POST http://127.0.0.1:8204/wd/hub/session/282f3bb7-b195-4c8a-a389-a2752d774f80/elements] with body: {"strategy":"class name","selector":"android.widget.TextView","context":"","multiple":true}
[debug] &amp#27;[35m[WD Proxy]&amp#27;[39m Got response with status 200: {"sessionId":"282f3bb7-b195-4c8a-a389-a2752d774f80","value":[{"ELEMENT":"bc3adcb6-5eee-4d04-ad51-3bfeaee14982","element-6066-11e4-a52e-4f735466cecf":"bc3adcb6-5eee-4d04-ad51-3bfeaee14982"},{"ELEMENT":"103d37f0-46d5-4fe7-a7f4-8363f3df481b","element-6066-11e4-a52e-4f735466cecf":"103d37f0-46d5-4fe7-a7f4-8363f3df481b"},{"ELEMENT":"de887f0d-2f10-47d7-8b1f-973d67db7a04","element-6066-11e4-a52e-4f735466cecf":"de887f0d-2f10-47d7-8b1f-973d67db7a04"},{"ELEMENT":"5b26a2dd-e7bb-4825-9d44-07b639816272","element-6066-11e4-a52e-4f735466cecf":"5b26a2dd-e7bb-4825-9d44-07b639816272"},{"ELEMENT":"f28e4183-4ad4-45c9-af5f-ea8add98fd4b","element-6066-11e4-a52e-4f735466cecf":"f28e4183-4ad4-45c9-af5f-ea8add98fd4b"},{"ELEMENT":"dde4b0fc-b2a5-4151-9eea-6527ac299286","element-6066-11e4-a52e-4f735466cecf":"dde4b0fc-b2a5-4151-9eea-6527ac299286"},{"ELEMENT":"5b45d94c-3982-48ed-b639-0bbbc1435cc0","element-6066-11e4-a52e-4f735466cecf":"5b45d94c-3982-48ed-b639-0bbbc1435cc0"},{"ELEMENT":"f0e2a3f2-5fa4-4313-9214-344a9fae8631","element-6066-...
[debug] &amp#27;[35m[W3C (346d4f1e)]&amp#27;[39m Responding to client with driver.findElements() result: [{"element-6066-11e4-a52e-4f735466cecf":"bc3adcb6-5eee-4d04-ad51-3bfeaee14982","ELEMENT":"bc3adcb6-5eee-4d04-ad51-3bfeaee14982"},{"element-6066-11e4-a52e-4f735466cecf":"103d37f0-46d5-4fe7-a7f4-8363f3df481b","ELEMENT":"103d37f0-46d5-4fe7-a7f4-8363f3df481b"},{"element-6066-11e4-a52e-4f735466cecf":"de887f0d-2f10-47d7-8b1f-973d67db7a04","ELEMENT":"de887f0d-2f10-47d7-8b1f-973d67db7a04"},{"element-6066-11e4-a52e-4f735466cecf":"5b26a2dd-e7bb-4825-9d44-07b639816272","ELEMENT":"5b26a2dd-e7bb-4825-9d44-07b639816272"},{"element-6066-11e4-a52e-4f735466cecf":"f28e4183-4ad4-45c9-af5f-ea8add98fd4b","ELEMENT":"f28e4183-4ad4-45c9-af5f-ea8add98fd4b"},{"element-6066-11e4-a52e-4f735466cecf":"dde4b0fc-b2a5-4151-9eea-6527ac299286","ELEMENT":"dde4b0fc-b2a5-4151-9eea-6527ac299286"},{"element-6066-11e4-a52e-4f735466cecf":"5b45d94c-3982-48ed-b639-0bbbc1435cc0","ELEMENT":"5b45d94c-3982-48ed-b639-0bbbc1435cc0"},{"element-6066-11e4-a52e-4f735466cecf":"f0e2a3f2-5fa4-4313-9214-344a9fae8631","ELEMENT":"f0e2a3f2-5fa4-4313-9214-344a9fae863...
&amp#27;[35m[HTTP]&amp#27;[39m &amp#27;[37m<-- POST /wd/hub/session/346d4f1e-c621-4bc0-a119-ffc83ca9b2b7/elements &amp#27;[39m&amp#27;[32m200&amp#27;[39m &amp#27;[90m1854 ms - 1675&amp#27;[39m
&amp#27;[35m[HTTP]&amp#27;[39m &amp#27;[90m&amp#27;[39m
&amp#27;[35m[HTTP]&amp#27;[39m &amp#27;[37m-->&amp#27;[39m &amp#27;[37mGET&amp#27;[39m &amp#27;[37m/wd/hub/session/346d4f1e-c621-4bc0-a119-ffc83ca9b2b7/element/bc3adcb6-5eee-4d04-ad51-3bfeaee14982/text&amp#27;[39m
&amp#27;[35m[HTTP]&amp#27;[39m &amp#27;[90m{}&amp#27;[39m
&amp#27;[35m[W3C (346d4f1e)]&amp#27;[39m Driver proxy active, passing request on via HTTP proxy
[debug] &amp#27;[35m[WD Proxy]&amp#27;[39m Matched '/wd/hub/session/346d4f1e-c621-4bc0-a119-ffc83ca9b2b7/element/bc3adcb6-5eee-4d04-ad51-3bfeaee14982/text' to command name 'getText'
[debug] &amp#27;[35m[WD Proxy]&amp#27;[39m Proxying [GET /wd/hub/session/346d4f1e-c621-4bc0-a119-ffc83ca9b2b7/element/bc3adcb6-5eee-4d04-ad51-3bfeaee14982/text] to [GET http://127.0.0.1:8204/wd/hub/session/282f3bb7-b195-4c8a-a389-a2752d774f80/element/bc3adcb6-5eee-4d04-ad51-3bfeaee14982/text] with body: {}
[debug] &amp#27;[35m[WD Proxy]&amp#27;[39m Got response with status 200: {"sessionId":"282f3bb7-b195-4c8a-a389-a2752d774f80","value":"0"}
&amp#27;[35m[WD Proxy]&amp#27;[39m Replacing sessionId 282f3bb7-b195-4c8a-a389-a2752d774f80 with 346d4f1e-c621-4bc0-a119-ffc83ca9b2b7
&amp#27;[35m[HTTP]&amp#27;[39m &amp#27;[37m<-- GET /wd/hub/session/346d4f1e-c621-4bc0-a119-ffc83ca9b2b7/element/bc3adcb6-5eee-4d04-ad51-3bfeaee14982/text &amp#27;[39m&amp#27;[32m200&amp#27;[39m &amp#27;[90m38 ms - 64&amp#27;[39m
&amp#27;[35m[HTTP]&amp#27;[39m &amp#27;[90m&amp#27;[39m
&amp#27;[35m[HTTP]&amp#27;[39m &amp#27;[37m-->&amp#27;[39m &amp#27;[37mGET&amp#27;[39m &amp#27;[37m/wd/hub/session/346d4f1e-c621-4bc0-a119-ffc83ca9b2b7/element/103d37f0-46d5-4fe7-a7f4-8363f3df481b/text&amp#27;[39m
&amp#27;[35m[HTTP]&amp#27;[39m &amp#27;[90m{}&amp#27;[39m
&amp#27;[35m[W3C (346d4f1e)]&amp#27;[39m Driver proxy active, passing request on via HTTP proxy
[debug] &amp#27;[35m[WD Proxy]&amp#27;[39m Matched '/wd/hub/session/346d4f1e-c621-4bc0-a119-ffc83ca9b2b7/element/103d37f0-46d5-4fe7-a7f4-8363f3df481b/text' to command name 'getText'
[debug] &amp#27;[35m[WD Proxy]&amp#27;[39m Proxying [GET /wd/hub/session/346d4f1e-c621-4bc0-a119-ffc83ca9b2b7/element/103d37f0-46d5-4fe7-a7f4-8363f3df481b/text] to [GET http://127.0.0.1:8204/wd/hub/session/282f3bb7-b195-4c8a-a389-a2752d774f80/element/103d37f0-46d5-4fe7-a7f4-8363f3df481b/text] with body: {}
[debug] &amp#27;[35m[WD Proxy]&amp#27;[39m Got response with status 200: {"sessionId":"282f3bb7-b195-4c8a-a389-a2752d774f80","value":"Hello. Sign In"}
&amp#27;[35m[WD Proxy]&amp#27;[39m Replacing sessionId 282f3bb7-b195-4c8a-a389-a2752d774f80 with 346d4f1e-c621-4bc0-a119-ffc83ca9b2b7
&amp#27;[35m[HTTP]&amp#27;[39m &amp#27;[37m<-- GET /wd/hub/session/346d4f1e-c621-4bc0-a119-ffc83ca9b2b7/element/103d37f0-46d5-4fe7-a7f4-8363f3df481b/text &amp#27;[39m&amp#27;[32m200&amp#27;[39m &amp#27;[90m37 ms - 77&amp#27;[39m
&amp#27;[35m[HTTP]&amp#27;[39m &amp#27;[90m&amp#27;[39m
&amp#27;[35m[HTTP]&amp#27;[39m &amp#27;[37m-->&amp#27;[39m &amp#27;[37mGET&amp#27;[39m &amp#27;[37m/wd/hub/session/346d4f1e-c621-4bc0-a119-ffc83ca9b2b7/element/de887f0d-2f10-47d7-8b1f-973d67db7a04/text&amp#27;[39m
&amp#27;[35m[HTTP]&amp#27;[39m &amp#27;[90m{}&amp#27;[39m
&amp#27;[35m[W3C (346d4f1e)]&amp#27;[39m Driver proxy active, passing request on via HTTP proxy
[debug] &amp#27;[35m[WD Proxy]&amp#27;[39m Matched '/wd/hub/session/346d4f1e-c621-4bc0-a119-ffc83ca9b2b7/element/de887f0d-2f10-47d7-8b1f-973d67db7a04/text' to command name 'getText'
[debug] &amp#27;[35m[WD Proxy]&amp#27;[39m Proxying [GET /wd/hub/session/346d4f1e-c621-4bc0-a119-ffc83ca9b2b7/element/de887f0d-2f10-47d7-8b1f-973d67db7a04/text] to [GET http://127.0.0.1:8204/wd/hub/session/282f3bb7-b195-4c8a-a389-a2752d774f80/element/de887f0d-2f10-47d7-8b1f-973d67db7a04/text] with body: {}
[debug] &amp#27;[35m[WD Proxy]&amp#27;[39m Got response with status 200: {"sessionId":"282f3bb7-b195-4c8a-a389-a2752d774f80","value":"Home"}
&amp#27;[35m[WD Proxy]&amp#27;[39m Replacing sessionId 282f3bb7-b195-4c8a-a389-a2752d774f80 with 346d4f1e-c621-4bc0-a119-ffc83ca9b2b7
&amp#27;[35m[HTTP]&amp#27;[39m &amp#27;[37m<-- GET /wd/hub/session/346d4f1e-c621-4bc0-a119-ffc83ca9b2b7/element/de887f0d-2f10-47d7-8b1f-973d67db7a04/text &amp#27;[39m&amp#27;[32m200&amp#27;[39m &amp#27;[90m21 ms - 67&amp#27;[39m
&amp#27;[35m[HTTP]&amp#27;[39m &amp#27;[90m&amp#27;[39m
&amp#27;[35m[HTTP]&amp#27;[39m &amp#27;[37m-->&amp#27;[39m &amp#27;[37mGET&amp#27;[39m &amp#27;[37m/wd/hub/session/346d4f1e-c621-4bc0-a119-ffc83ca9b2b7/element/5b26a2dd-e7bb-4825-9d44-07b639816272/text&amp#27;[39m
&amp#27;[35m[HTTP]&amp#27;[39m &amp#27;[90m{}&amp#27;[39m
&amp#27;[35m[W3C (346d4f1e)]&amp#27;[39m Driver proxy active, passing request on via HTTP proxy
[debug] &amp#27;[35m[WD Proxy]&amp#27;[39m Matched '/wd/hub/session/346d4f1e-c621-4bc0-a119-ffc83ca9b2b7/element/5b26a2dd-e7bb-4825-9d44-07b639816272/text' to command name 'getText'
[debug] &amp#27;[35m[WD Proxy]&amp#27;[39m Proxying [GET /wd/hub/session/346d4f1e-c621-4bc0-a119-ffc83ca9b2b7/element/5b26a2dd-e7bb-4825-9d44-07b639816272/text] to [GET http://127.0.0.1:8204/wd/hub/session/282f3bb7-b195-4c8a-a389-a2752d774f80/element/5b26a2dd-e7bb-4825-9d44-07b639816272/text] with body: {}
[debug] &amp#27;[35m[WD Proxy]&amp#27;[39m Got response with status 200: {"sessionId":"282f3bb7-b195-4c8a-a389-a2752d774f80","value":"Your Orders"}
&amp#27;[35m[WD Proxy]&amp#27;[39m Replacing sessionId 282f3bb7-b195-4c8a-a389-a2752d774f80 with 346d4f1e-c621-4bc0-a119-ffc83ca9b2b7
&amp#27;[35m[HTTP]&amp#27;[39m &amp#27;[37m<-- GET /wd/hub/session/346d4f1e-c621-4bc0-a119-ffc83ca9b2b7/element/5b26a2dd-e7bb-4825-9d44-07b639816272/text &amp#27;[39m&amp#27;[32m200&amp#27;[39m &amp#27;[90m20 ms - 74&amp#27;[39m
&amp#27;[35m[HTTP]&amp#27;[39m &amp#27;[90m&amp#27;[39m
&amp#27;[35m[HTTP]&amp#27;[39m &amp#27;[37m-->&amp#27;[39m &amp#27;[37mGET&amp#27;[39m &amp#27;[37m/wd/hub/session/346d4f1e-c621-4bc0-a119-ffc83ca9b2b7/element/f28e4183-4ad4-45c9-af5f-ea8add98fd4b/text&amp#27;[39m
&amp#27;[35m[HTTP]&amp#27;[39m &amp#27;[90m{}&amp#27;[39m
&amp#27;[35m[W3C (346d4f1e)]&amp#27;[39m Driver proxy active, passing request on via HTTP proxy
[debug] &amp#27;[35m[WD Proxy]&amp#27;[39m Matched '/wd/hub/session/346d4f1e-c621-4bc0-a119-ffc83ca9b2b7/element/f28e4183-4ad4-45c9-af5f-ea8add98fd4b/text' to command name 'getText'
[debug] &amp#27;[35m[WD Proxy]&amp#27;[39m Proxying [GET /wd/hub/session/346d4f1e-c621-4bc0-a119-ffc83ca9b2b7/element/f28e4183-4ad4-45c9-af5f-ea8add98fd4b/text] to [GET http://127.0.0.1:8204/wd/hub/session/282f3bb7-b195-4c8a-a389-a2752d774f80/element/f28e4183-4ad4-45c9-af5f-ea8add98fd4b/text] with body: {}
[debug] &amp#27;[35m[WD Proxy]&amp#27;[39m Got response with status 200: {"sessionId":"282f3bb7-b195-4c8a-a389-a2752d774f80","value":"Fashion"}
&amp#27;[35m[WD Proxy]&amp#27;[39m Replacing sessionId 282f3bb7-b195-4c8a-a389-a2752d774f80 with 346d4f1e-c621-4bc0-a119-ffc83ca9b2b7
&amp#27;[35m[HTTP]&amp#27;[39m &amp#27;[37m<-- GET /wd/hub/session/346d4f1e-c621-4bc0-a119-ffc83ca9b2b7/element/f28e4183-4ad4-45c9-af5f-ea8add98fd4b/text &amp#27;[39m&amp#27;[32m200&amp#27;[39m &amp#27;[90m18 ms - 70&amp#27;[39m
&amp#27;[35m[HTTP]&amp#27;[39m &amp#27;[90m&amp#27;[39m
&amp#27;[35m[HTTP]&amp#27;[39m &amp#27;[37m-->&amp#27;[39m &amp#27;[37mGET&amp#27;[39m &amp#27;[37m/wd/hub/session/346d4f1e-c621-4bc0-a119-ffc83ca9b2b7/element/dde4b0fc-b2a5-4151-9eea-6527ac299286/text&amp#27;[39m
&amp#27;[35m[HTTP]&amp#27;[39m &amp#27;[90m{}&amp#27;[39m
&amp#27;[35m[W3C (346d4f1e)]&amp#27;[39m Driver proxy active, passing request on via HTTP proxy
[debug] &amp#27;[35m[WD Proxy]&amp#27;[39m Matched '/wd/hub/session/346d4f1e-c621-4bc0-a119-ffc83ca9b2b7/element/dde4b0fc-b2a5-4151-9eea-6527ac299286/text' to command name 'getText'
[debug] &amp#27;[35m[WD Proxy]&amp#27;[39m Proxying [GET /wd/hub/session/346d4f1e-c621-4bc0-a119-ffc83ca9b2b7/element/dde4b0fc-b2a5-4151-9eea-6527ac299286/text] to [GET http://127.0.0.1:8204/wd/hub/session/282f3bb7-b195-4c8a-a389-a2752d774f80/element/dde4b0fc-b2a5-4151-9eea-6527ac299286/text] with body: {}
[debug] &amp#27;[35m[WD Proxy]&amp#27;[39m Got response with status 200: {"sessionId":"282f3bb7-b195-4c8a-a389-a2752d774f80","value":"Mobiles"}
&amp#27;[35m[WD Proxy]&amp#27;[39m Replacing sessionId 282f3bb7-b195-4c8a-a389-a2752d774f80 with 346d4f1e-c621-4bc0-a119-ffc83ca9b2b7
&amp#27;[35m[HTTP]&amp#27;[39m &amp#27;[37m<-- GET /wd/hub/session/346d4f1e-c621-4bc0-a119-ffc83ca9b2b7/element/dde4b0fc-b2a5-4151-9eea-6527ac299286/text &amp#27;[39m&amp#27;[32m200&amp#27;[39m &amp#27;[90m37 ms - 70&amp#27;[39m
&amp#27;[35m[HTTP]&amp#27;[39m &amp#27;[90m&amp#27;[39m
&amp#27;[35m[HTTP]&amp#27;[39m &amp#27;[37m-->&amp#27;[39m &amp#27;[37mGET&amp#27;[39m &amp#27;[37m/wd/hub/session/346d4f1e-c621-4bc0-a119-ffc83ca9b2b7/element/5b45d94c-3982-48ed-b639-0bbbc1435cc0/text&amp#27;[39m
&amp#27;[35m[HTTP]&amp#27;[39m &amp#27;[90m{}&amp#27;[39m
&amp#27;[35m[W3C (346d4f1e)]&amp#27;[39m Driver proxy active, passing request on via HTTP proxy
[debug] &amp#27;[35m[WD Proxy]&amp#27;[39m Matched '/wd/hub/session/346d4f1e-c621-4bc0-a119-ffc83ca9b2b7/element/5b45d94c-3982-48ed-b639-0bbbc1435cc0/text' to command name 'getText'
[debug] &amp#27;[35m[WD Proxy]&amp#27;[39m Proxying [GET /wd/hub/session/346d4f1e-c621-4bc0-a119-ffc83ca9b2b7/element/5b45d94c-3982-48ed-b639-0bbbc1435cc0/text] to [GET http://127.0.0.1:8204/wd/hub/session/282f3bb7-b195-4c8a-a389-a2752d774f80/element/5b45d94c-3982-48ed-b639-0bbbc1435cc0/text] with body: {}
[debug] &amp#27;[35m[WD Proxy]&amp#27;[39m Got response with status 200: {"sessionId":"282f3bb7-b195-4c8a-a389-a2752d774f80","value":"Explore all categories"}
&amp#27;[35m[WD Proxy]&amp#27;[39m Replacing sessionId 282f3bb7-b195-4c8a-a389-a2752d774f80 with 346d4f1e-c621-4bc0-a119-ffc83ca9b2b7
&amp#27;[35m[HTTP]&amp#27;[39m &amp#27;[37m<-- GET /wd/hub/session/346d4f1e-c621-4bc0-a119-ffc83ca9b2b7/element/5b45d94c-3982-48ed-b639-0bbbc1435cc0/text &amp#27;[39m&amp#27;[32m200&amp#27;[39m &amp#27;[90m20 ms - 85&amp#27;[39m
&amp#27;[35m[HTTP]&amp#27;[39m &amp#27;[90m&amp#27;[39m
&amp#27;[35m[HTTP]&amp#27;[39m &amp#27;[37m-->&amp#27;[39m &amp#27;[37mGET&amp#27;[39m &amp#27;[37m/wd/hub/session/346d4f1e-c621-4bc0-a119-ffc83ca9b2b7/element/5b45d94c-3982-48ed-b639-0bbbc1435cc0/displayed&amp#27;[39m
&amp#27;[35m[HTTP]&amp#27;[39m &amp#27;[90m{}&amp#27;[39m
[debug] &amp#27;[35m[W3C (346d4f1e)]&amp#27;[39m Calling AppiumDriver.elementDisplayed() with args: ["5b45d94c-3982-48ed-b639-0bbbc1435cc0","346d4f1e-c621-4bc0-a119-ffc83ca9b2b7"]
[debug] &amp#27;[35m[WD Proxy]&amp#27;[39m Matched '/element/5b45d94c-3982-48ed-b639-0bbbc1435cc0/attribute/displayed' to command name 'getAttribute'
[debug] &amp#27;[35m[WD Proxy]&amp#27;[39m Proxying [GET /element/5b45d94c-3982-48ed-b639-0bbbc1435cc0/attribute/displayed] to [GET http://127.0.0.1:8204/wd/hub/session/282f3bb7-b195-4c8a-a389-a2752d774f80/element/5b45d94c-3982-48ed-b639-0bbbc1435cc0/attribute/displayed] with body: {}
[debug] &amp#27;[35m[WD Proxy]&amp#27;[39m Got response with status 200: {"sessionId":"282f3bb7-b195-4c8a-a389-a2752d774f80","value":"true"}
[debug] &amp#27;[35m[W3C (346d4f1e)]&amp#27;[39m Responding to client with driver.elementDisplayed() result: true
&amp#27;[35m[HTTP]&amp#27;[39m &amp#27;[37m<-- GET /wd/hub/session/346d4f1e-c621-4bc0-a119-ffc83ca9b2b7/element/5b45d94c-3982-48ed-b639-0bbbc1435cc0/displayed &amp#27;[39m&amp#27;[32m200&amp#27;[39m &amp#27;[90m20 ms - 14&amp#27;[39m
&amp#27;[35m[HTTP]&amp#27;[39m &amp#27;[90m&amp#27;[39m
&amp#27;[35m[HTTP]&amp#27;[39m &amp#27;[37m-->&amp#27;[39m &amp#27;[37mPOST&amp#27;[39m &amp#27;[37m/wd/hub/session/346d4f1e-c621-4bc0-a119-ffc83ca9b2b7/element/5b45d94c-3982-48ed-b639-0bbbc1435cc0/click&amp#27;[39m
&amp#27;[35m[HTTP]&amp#27;[39m &amp#27;[90m{"id":"5b45d94c-3982-48ed-b639-0bbbc1435cc0"}&amp#27;[39m
[debug] &amp#27;[35m[W3C (346d4f1e)]&amp#27;[39m Calling AppiumDriver.click() with args: ["5b45d94c-3982-48ed-b639-0bbbc1435cc0","346d4f1e-c621-4bc0-a119-ffc83ca9b2b7"]
[debug] &amp#27;[35m[WD Proxy]&amp#27;[39m Matched '/element/5b45d94c-3982-48ed-b639-0bbbc1435cc0/click' to command name 'click'
[debug] &amp#27;[35m[WD Proxy]&amp#27;[39m Proxying [POST /element/5b45d94c-3982-48ed-b639-0bbbc1435cc0/click] to [POST http://127.0.0.1:8204/wd/hub/session/282f3bb7-b195-4c8a-a389-a2752d774f80/element/5b45d94c-3982-48ed-b639-0bbbc1435cc0/click] with body: {"element":"5b45d94c-3982-48ed-b639-0bbbc1435cc0"}
[debug] &amp#27;[35m[WD Proxy]&amp#27;[39m Got response with status 200: {"sessionId":"282f3bb7-b195-4c8a-a389-a2752d774f80","value":null}
[debug] &amp#27;[35m[W3C (346d4f1e)]&amp#27;[39m Responding to client with driver.click() result: null
&amp#27;[35m[HTTP]&amp#27;[39m &amp#27;[37m<-- POST /wd/hub/session/346d4f1e-c621-4bc0-a119-ffc83ca9b2b7/element/5b45d94c-3982-48ed-b639-0bbbc1435cc0/click &amp#27;[39m&amp#27;[32m200&amp#27;[39m &amp#27;[90m3283 ms - 14&amp#27;[39m
&amp#27;[35m[HTTP]&amp#27;[39m &amp#27;[90m&amp#27;[39m
 INFO [main] (LandingPage.java:40)- Shop based on category is clicked
&amp#27;[35m[HTTP]&amp#27;[39m &amp#27;[37m-->&amp#27;[39m &amp#27;[37mGET&amp#27;[39m &amp#27;[37m/wd/hub/session/346d4f1e-c621-4bc0-a119-ffc83ca9b2b7&amp#27;[39m
&amp#27;[35m[HTTP]&amp#27;[39m &amp#27;[90m{}&amp#27;[39m
[debug] &amp#27;[35m[W3C (346d4f1e)]&amp#27;[39m Calling AppiumDriver.getSession() with args: ["346d4f1e-c621-4bc0-a119-ffc83ca9b2b7"]
[debug] &amp#27;[35m[UiAutomator2]&amp#27;[39m Getting session details from server to mix in
[debug] &amp#27;[35m[WD Proxy]&amp#27;[39m Matched '/' to command name 'getSession'
[debug] &amp#27;[35m[WD Proxy]&amp#27;[39m Proxying [GET /] to [GET http://127.0.0.1:8204/wd/hub/session/282f3bb7-b195-4c8a-a389-a2752d774f80] with body: {}
[debug] &amp#27;[35m[WD Proxy]&amp#27;[39m Got response with status 200: {"sessionId":"282f3bb7-b195-4c8a-a389-a2752d774f80","value":{}}
[debug] &amp#27;[35m[W3C (346d4f1e)]&amp#27;[39m Responding to client with driver.getSession() result: {"platform":"LINUX","webStorageEnabled":false,"takesScreenshot":true,"javascriptEnabled":true,"databaseEnabled":false,"networkConnectionEnabled":true,"locationContextEnabled":false,"warnings":{},"desired":{"platformName":"android","app":"C:\\Users\\moham\\Desktop\\Appium\\DemoProject\\src\\Amazon.apk","appActivity":"com.amazon.mShop.home.HomeActivity","appPackage":"in.amazon.mShop.android.shopping","udid":"3300a0bd18c31465"},"platformName":"android","app":"C:\\Users\\moham\\Desktop\\Appium\\DemoProject\\src\\Amazon.apk","appActivity":"com.amazon.mShop.home.HomeActivity","appPackage":"in.amazon.mShop.android.shopping","udid":"3300a0bd18c31465","deviceName":"3300a0bd18c31465","deviceUDID":"3300a0bd18c31465","deviceApiLevel":23,"platformVersion":"6.0.1","deviceScreenSize":"720x1280","deviceScreenDensity":320,"deviceModel":"SM-J700F","deviceManufacturer":"samsung","pixelRatio":2,"statBarHeight":48,"viewportRect":{"left":0,"top":48,"width":720,"height":1232}}
&amp#27;[35m[HTTP]&amp#27;[39m &amp#27;[37m<-- GET /wd/hub/session/346d4f1e-c621-4bc0-a119-ffc83ca9b2b7 &amp#27;[39m&amp#27;[32m200&amp#27;[39m &amp#27;[90m11 ms - 978&amp#27;[39m
&amp#27;[35m[HTTP]&amp#27;[39m &amp#27;[90m&amp#27;[39m
&amp#27;[35m[HTTP]&amp#27;[39m &amp#27;[37m-->&amp#27;[39m &amp#27;[37mPOST&amp#27;[39m &amp#27;[37m/wd/hub/session/346d4f1e-c621-4bc0-a119-ffc83ca9b2b7/element&amp#27;[39m
&amp#27;[35m[HTTP]&amp#27;[39m &amp#27;[90m{"using":"xpath","value":"//android.view.View[@text='TV, Appliances, Electronics']/following-sibling::android.view.View/android.widget.Image"}&amp#27;[39m
[debug] &amp#27;[35m[W3C (346d4f1e)]&amp#27;[39m Calling AppiumDriver.findElement() with args: ["xpath","//android.view.View[@text='TV, Appliances, Electronics']/following-sibling::android.view.View/android.widget.Image","346d4f1e-c621-4bc0-a119-ffc83ca9b2b7"]
[debug] &amp#27;[35m[BaseDriver]&amp#27;[39m Valid locator strategies for this request: xpath, id, class name, accessibility id, -android uiautomator
[debug] &amp#27;[35m[BaseDriver]&amp#27;[39m Waiting up to 10000 ms for condition
[debug] &amp#27;[35m[WD Proxy]&amp#27;[39m Matched '/element' to command name 'findElement'
[debug] &amp#27;[35m[WD Proxy]&amp#27;[39m Proxying [POST /element] to [POST http://127.0.0.1:8204/wd/hub/session/282f3bb7-b195-4c8a-a389-a2752d774f80/element] with body: {"strategy":"xpath","selector":"//android.view.View[@text='TV, Appliances, Electronics']/following-sibling::android.view.View/android.widget.Image","context":"","multiple":false}
&amp#27;[35m[WD Proxy]&amp#27;[39m Got response with status 404: {"sessionId":"282f3bb7-b195-4c8a-a389-a2752d774f80","value":{"error":"no such element","message":"An element could not be located on the page using the given search parameters","stacktrace":"io.appium.uiautomator2.common.exceptions.ElementNotFoundException: An element could not be located on the page using the given search parameters\n\tat io.appium.uiautomator2.handler.FindElement.findElement(FindElement.java:102)\n\tat io.appium.uiautomator2.handler.FindElement.safeHandle(FindElement.java:72)\n\tat io.appium.uiautomator2.handler.request.SafeRequestHandler.handle(SafeRequestHandler.java:38)\n\tat io.appium.uiautomator2.server.AppiumServlet.handleRequest(AppiumServlet.java:252)\n\tat io.appium.uiautomator2.server.AppiumServlet.handleHttpRequest(AppiumServlet.java:242)\n\tat io.appium.uiautomator2.http.ServerHandler.channelRead(ServerHandler.java:51)\n\tat io.netty.channel.AbstractChannelHandlerContext.invokeChannelRead(AbstractChannelHandlerContext.java:366)\n\tat io.netty.channel.AbstractChannelHandlerCon...
[debug] &amp#27;[35m[W3C]&amp#27;[39m Matched W3C error code 'no such element' to NoSuchElementError
[debug] &amp#27;[35m[BaseDriver]&amp#27;[39m Waited for 576 ms so far
[debug] &amp#27;[35m[WD Proxy]&amp#27;[39m Matched '/element' to command name 'findElement'
[debug] &amp#27;[35m[WD Proxy]&amp#27;[39m Proxying [POST /element] to [POST http://127.0.0.1:8204/wd/hub/session/282f3bb7-b195-4c8a-a389-a2752d774f80/element] with body: {"strategy":"xpath","selector":"//android.view.View[@text='TV, Appliances, Electronics']/following-sibling::android.view.View/android.widget.Image","context":"","multiple":false}
[debug] &amp#27;[35m[WD Proxy]&amp#27;[39m Got response with status 200: {"sessionId":"282f3bb7-b195-4c8a-a389-a2752d774f80","value":{"ELEMENT":"a4983576-076d-4ce6-af53-94e3665013fe","element-6066-11e4-a52e-4f735466cecf":"a4983576-076d-4ce6-af53-94e3665013fe"}}
[debug] &amp#27;[35m[W3C (346d4f1e)]&amp#27;[39m Responding to client with driver.findElement() result: {"element-6066-11e4-a52e-4f735466cecf":"a4983576-076d-4ce6-af53-94e3665013fe","ELEMENT":"a4983576-076d-4ce6-af53-94e3665013fe"}
&amp#27;[35m[HTTP]&amp#27;[39m &amp#27;[37m<-- POST /wd/hub/session/346d4f1e-c621-4bc0-a119-ffc83ca9b2b7/element &amp#27;[39m&amp#27;[32m200&amp#27;[39m &amp#27;[90m1842 ms - 137&amp#27;[39m
&amp#27;[35m[HTTP]&amp#27;[39m &amp#27;[90m&amp#27;[39m
&amp#27;[35m[HTTP]&amp#27;[39m &amp#27;[37m-->&amp#27;[39m &amp#27;[37mGET&amp#27;[39m &amp#27;[37m/wd/hub/session/346d4f1e-c621-4bc0-a119-ffc83ca9b2b7/element/a4983576-076d-4ce6-af53-94e3665013fe/displayed&amp#27;[39m
&amp#27;[35m[HTTP]&amp#27;[39m &amp#27;[90m{}&amp#27;[39m
[debug] &amp#27;[35m[W3C (346d4f1e)]&amp#27;[39m Calling AppiumDriver.elementDisplayed() with args: ["a4983576-076d-4ce6-af53-94e3665013fe","346d4f1e-c621-4bc0-a119-ffc83ca9b2b7"]
[debug] &amp#27;[35m[WD Proxy]&amp#27;[39m Matched '/element/a4983576-076d-4ce6-af53-94e3665013fe/attribute/displayed' to command name 'getAttribute'
[debug] &amp#27;[35m[WD Proxy]&amp#27;[39m Proxying [GET /element/a4983576-076d-4ce6-af53-94e3665013fe/attribute/displayed] to [GET http://127.0.0.1:8204/wd/hub/session/282f3bb7-b195-4c8a-a389-a2752d774f80/element/a4983576-076d-4ce6-af53-94e3665013fe/attribute/displayed] with body: {}
[debug] &amp#27;[35m[WD Proxy]&amp#27;[39m Got response with status 200: {"sessionId":"282f3bb7-b195-4c8a-a389-a2752d774f80","value":"true"}
[debug] &amp#27;[35m[W3C (346d4f1e)]&amp#27;[39m Responding to client with driver.elementDisplayed() result: true
&amp#27;[35m[HTTP]&amp#27;[39m &amp#27;[37m<-- GET /wd/hub/session/346d4f1e-c621-4bc0-a119-ffc83ca9b2b7/element/a4983576-076d-4ce6-af53-94e3665013fe/displayed &amp#27;[39m&amp#27;[32m200&amp#27;[39m &amp#27;[90m110 ms - 14&amp#27;[39m
&amp#27;[35m[HTTP]&amp#27;[39m &amp#27;[90m&amp#27;[39m
&amp#27;[35m[HTTP]&amp#27;[39m &amp#27;[37m-->&amp#27;[39m &amp#27;[37mPOST&amp#27;[39m &amp#27;[37m/wd/hub/session/346d4f1e-c621-4bc0-a119-ffc83ca9b2b7/element/a4983576-076d-4ce6-af53-94e3665013fe/click&amp#27;[39m
&amp#27;[35m[HTTP]&amp#27;[39m &amp#27;[90m{"id":"a4983576-076d-4ce6-af53-94e3665013fe"}&amp#27;[39m
[debug] &amp#27;[35m[W3C (346d4f1e)]&amp#27;[39m Calling AppiumDriver.click() with args: ["a4983576-076d-4ce6-af53-94e3665013fe","346d4f1e-c621-4bc0-a119-ffc83ca9b2b7"]
[debug] &amp#27;[35m[WD Proxy]&amp#27;[39m Matched '/element/a4983576-076d-4ce6-af53-94e3665013fe/click' to command name 'click'
[debug] &amp#27;[35m[WD Proxy]&amp#27;[39m Proxying [POST /element/a4983576-076d-4ce6-af53-94e3665013fe/click] to [POST http://127.0.0.1:8204/wd/hub/session/282f3bb7-b195-4c8a-a389-a2752d774f80/element/a4983576-076d-4ce6-af53-94e3665013fe/click] with body: {"element":"a4983576-076d-4ce6-af53-94e3665013fe"}
[debug] &amp#27;[35m[WD Proxy]&amp#27;[39m Got response with status 200: {"sessionId":"282f3bb7-b195-4c8a-a389-a2752d774f80","value":null}
[debug] &amp#27;[35m[W3C (346d4f1e)]&amp#27;[39m Responding to client with driver.click() result: null
&amp#27;[35m[HTTP]&amp#27;[39m &amp#27;[37m<-- POST /wd/hub/session/346d4f1e-c621-4bc0-a119-ffc83ca9b2b7/element/a4983576-076d-4ce6-af53-94e3665013fe/click &amp#27;[39m&amp#27;[32m200&amp#27;[39m &amp#27;[90m75 ms - 14&amp#27;[39m
&amp#27;[35m[HTTP]&amp#27;[39m &amp#27;[90m&amp#27;[39m
 INFO [main] (CategoryPage.java:30)- Electronics category is selected
 INFO [main] (CategoryPage.java:34)- Scrolling until cameras option is viewed on page
&amp#27;[35m[HTTP]&amp#27;[39m &amp#27;[37m-->&amp#27;[39m &amp#27;[37mPOST&amp#27;[39m &amp#27;[37m/wd/hub/session/346d4f1e-c621-4bc0-a119-ffc83ca9b2b7/element&amp#27;[39m
&amp#27;[35m[HTTP]&amp#27;[39m &amp#27;[90m{"using":"-android uiautomator","value":"new UiScrollable(new UiSelector()).scrollIntoView(text(\"Cameras\"));"}&amp#27;[39m
[debug] &amp#27;[35m[W3C (346d4f1e)]&amp#27;[39m Calling AppiumDriver.findElement() with args: ["-android uiautomator","new UiScrollable(new UiSelector()).scrollIntoView(text(\"Cameras\"));","346d4f1e-c621-4bc0-a119-ffc83ca9b2b7"]
[debug] &amp#27;[35m[BaseDriver]&amp#27;[39m Valid locator strategies for this request: xpath, id, class name, accessibility id, -android uiautomator
[debug] &amp#27;[35m[BaseDriver]&amp#27;[39m Waiting up to 10000 ms for condition
[debug] &amp#27;[35m[WD Proxy]&amp#27;[39m Matched '/element' to command name 'findElement'
[debug] &amp#27;[35m[WD Proxy]&amp#27;[39m Proxying [POST /element] to [POST http://127.0.0.1:8204/wd/hub/session/282f3bb7-b195-4c8a-a389-a2752d774f80/element] with body: {"strategy":"-android uiautomator","selector":"new UiScrollable(new UiSelector()).scrollIntoView(text(\"Cameras\"));","context":"","multiple":false}
[debug] &amp#27;[35m[WD Proxy]&amp#27;[39m Got response with status 200: {"sessionId":"282f3bb7-b195-4c8a-a389-a2752d774f80","value":{"ELEMENT":"b422ab90-a782-4192-a287-813d82ead618","element-6066-11e4-a52e-4f735466cecf":"b422ab90-a782-4192-a287-813d82ead618"}}
[debug] &amp#27;[35m[W3C (346d4f1e)]&amp#27;[39m Responding to client with driver.findElement() result: {"element-6066-11e4-a52e-4f735466cecf":"b422ab90-a782-4192-a287-813d82ead618","ELEMENT":"b422ab90-a782-4192-a287-813d82ead618"}
&amp#27;[35m[HTTP]&amp#27;[39m &amp#27;[37m<-- POST /wd/hub/session/346d4f1e-c621-4bc0-a119-ffc83ca9b2b7/element &amp#27;[39m&amp#27;[32m200&amp#27;[39m &amp#27;[90m5031 ms - 137&amp#27;[39m
&amp#27;[35m[HTTP]&amp#27;[39m &amp#27;[90m&amp#27;[39m
&amp#27;[35m[HTTP]&amp#27;[39m &amp#27;[37m-->&amp#27;[39m &amp#27;[37mGET&amp#27;[39m &amp#27;[37m/wd/hub/session/346d4f1e-c621-4bc0-a119-ffc83ca9b2b7&amp#27;[39m
&amp#27;[35m[HTTP]&amp#27;[39m &amp#27;[90m{}&amp#27;[39m
[debug] &amp#27;[35m[W3C (346d4f1e)]&amp#27;[39m Calling AppiumDriver.getSession() with args: ["346d4f1e-c621-4bc0-a119-ffc83ca9b2b7"]
[debug] &amp#27;[35m[UiAutomator2]&amp#27;[39m Getting session details from server to mix in
[debug] &amp#27;[35m[WD Proxy]&amp#27;[39m Matched '/' to command name 'getSession'
[debug] &amp#27;[35m[WD Proxy]&amp#27;[39m Proxying [GET /] to [GET http://127.0.0.1:8204/wd/hub/session/282f3bb7-b195-4c8a-a389-a2752d774f80] with body: {}
[debug] &amp#27;[35m[WD Proxy]&amp#27;[39m Got response with status 200: {"sessionId":"282f3bb7-b195-4c8a-a389-a2752d774f80","value":{}}
[debug] &amp#27;[35m[W3C (346d4f1e)]&amp#27;[39m Responding to client with driver.getSession() result: {"platform":"LINUX","webStorageEnabled":false,"takesScreenshot":true,"javascriptEnabled":true,"databaseEnabled":false,"networkConnectionEnabled":true,"locationContextEnabled":false,"warnings":{},"desired":{"platformName":"android","app":"C:\\Users\\moham\\Desktop\\Appium\\DemoProject\\src\\Amazon.apk","appActivity":"com.amazon.mShop.home.HomeActivity","appPackage":"in.amazon.mShop.android.shopping","udid":"3300a0bd18c31465"},"platformName":"android","app":"C:\\Users\\moham\\Desktop\\Appium\\DemoProject\\src\\Amazon.apk","appActivity":"com.amazon.mShop.home.HomeActivity","appPackage":"in.amazon.mShop.android.shopping","udid":"3300a0bd18c31465","deviceName":"3300a0bd18c31465","deviceUDID":"3300a0bd18c31465","deviceApiLevel":23,"platformVersion":"6.0.1","deviceScreenSize":"720x1280","deviceScreenDensity":320,"deviceModel":"SM-J700F","deviceManufacturer":"samsung","pixelRatio":2,"statBarHeight":48,"viewportRect":{"left":0,"top":48,"width":720,"height":1232}}
&amp#27;[35m[HTTP]&amp#27;[39m &amp#27;[37m<-- GET /wd/hub/session/346d4f1e-c621-4bc0-a119-ffc83ca9b2b7 &amp#27;[39m&amp#27;[32m200&amp#27;[39m &amp#27;[90m9 ms - 978&amp#27;[39m
&amp#27;[35m[HTTP]&amp#27;[39m &amp#27;[90m&amp#27;[39m
&amp#27;[35m[HTTP]&amp#27;[39m &amp#27;[37m-->&amp#27;[39m &amp#27;[37mPOST&amp#27;[39m &amp#27;[37m/wd/hub/session/346d4f1e-c621-4bc0-a119-ffc83ca9b2b7/element&amp#27;[39m
&amp#27;[35m[HTTP]&amp#27;[39m &amp#27;[90m{"using":"xpath","value":"//android.view.View[@text='Cameras']"}&amp#27;[39m
[debug] &amp#27;[35m[W3C (346d4f1e)]&amp#27;[39m Calling AppiumDriver.findElement() with args: ["xpath","//android.view.View[@text='Cameras']","346d4f1e-c621-4bc0-a119-ffc83ca9b2b7"]
[debug] &amp#27;[35m[BaseDriver]&amp#27;[39m Valid locator strategies for this request: xpath, id, class name, accessibility id, -android uiautomator
[debug] &amp#27;[35m[BaseDriver]&amp#27;[39m Waiting up to 10000 ms for condition
[debug] &amp#27;[35m[WD Proxy]&amp#27;[39m Matched '/element' to command name 'findElement'
[debug] &amp#27;[35m[WD Proxy]&amp#27;[39m Proxying [POST /element] to [POST http://127.0.0.1:8204/wd/hub/session/282f3bb7-b195-4c8a-a389-a2752d774f80/element] with body: {"strategy":"xpath","selector":"//android.view.View[@text='Cameras']","context":"","multiple":false}
[debug] &amp#27;[35m[WD Proxy]&amp#27;[39m Got response with status 200: {"sessionId":"282f3bb7-b195-4c8a-a389-a2752d774f80","value":{"ELEMENT":"a91f6ebb-e8c8-4f58-9be3-e6badba3677f","element-6066-11e4-a52e-4f735466cecf":"a91f6ebb-e8c8-4f58-9be3-e6badba3677f"}}
[debug] &amp#27;[35m[W3C (346d4f1e)]&amp#27;[39m Responding to client with driver.findElement() result: {"element-6066-11e4-a52e-4f735466cecf":"a91f6ebb-e8c8-4f58-9be3-e6badba3677f","ELEMENT":"a91f6ebb-e8c8-4f58-9be3-e6badba3677f"}
&amp#27;[35m[HTTP]&amp#27;[39m &amp#27;[37m<-- POST /wd/hub/session/346d4f1e-c621-4bc0-a119-ffc83ca9b2b7/element &amp#27;[39m&amp#27;[32m200&amp#27;[39m &amp#27;[90m951 ms - 137&amp#27;[39m
&amp#27;[35m[HTTP]&amp#27;[39m &amp#27;[90m&amp#27;[39m
&amp#27;[35m[HTTP]&amp#27;[39m &amp#27;[37m-->&amp#27;[39m &amp#27;[37mGET&amp#27;[39m &amp#27;[37m/wd/hub/session/346d4f1e-c621-4bc0-a119-ffc83ca9b2b7/element/a91f6ebb-e8c8-4f58-9be3-e6badba3677f/displayed&amp#27;[39m
&amp#27;[35m[HTTP]&amp#27;[39m &amp#27;[90m{}&amp#27;[39m
[debug] &amp#27;[35m[W3C (346d4f1e)]&amp#27;[39m Calling AppiumDriver.elementDisplayed() with args: ["a91f6ebb-e8c8-4f58-9be3-e6badba3677f","346d4f1e-c621-4bc0-a119-ffc83ca9b2b7"]
[debug] &amp#27;[35m[WD Proxy]&amp#27;[39m Matched '/element/a91f6ebb-e8c8-4f58-9be3-e6badba3677f/attribute/displayed' to command name 'getAttribute'
[debug] &amp#27;[35m[WD Proxy]&amp#27;[39m Proxying [GET /element/a91f6ebb-e8c8-4f58-9be3-e6badba3677f/attribute/displayed] to [GET http://127.0.0.1:8204/wd/hub/session/282f3bb7-b195-4c8a-a389-a2752d774f80/element/a91f6ebb-e8c8-4f58-9be3-e6badba3677f/attribute/displayed] with body: {}
[debug] &amp#27;[35m[WD Proxy]&amp#27;[39m Got response with status 200: {"sessionId":"282f3bb7-b195-4c8a-a389-a2752d774f80","value":"true"}
[debug] &amp#27;[35m[W3C (346d4f1e)]&amp#27;[39m Responding to client with driver.elementDisplayed() result: true
&amp#27;[35m[HTTP]&amp#27;[39m &amp#27;[37m<-- GET /wd/hub/session/346d4f1e-c621-4bc0-a119-ffc83ca9b2b7/element/a91f6ebb-e8c8-4f58-9be3-e6badba3677f/displayed &amp#27;[39m&amp#27;[32m200&amp#27;[39m &amp#27;[90m18 ms - 14&amp#27;[39m
&amp#27;[35m[HTTP]&amp#27;[39m &amp#27;[90m&amp#27;[39m
&amp#27;[35m[HTTP]&amp#27;[39m &amp#27;[37m-->&amp#27;[39m &amp#27;[37mPOST&amp#27;[39m &amp#27;[37m/wd/hub/session/346d4f1e-c621-4bc0-a119-ffc83ca9b2b7/element/a91f6ebb-e8c8-4f58-9be3-e6badba3677f/click&amp#27;[39m
&amp#27;[35m[HTTP]&amp#27;[39m &amp#27;[90m{"id":"a91f6ebb-e8c8-4f58-9be3-e6badba3677f"}&amp#27;[39m
[debug] &amp#27;[35m[W3C (346d4f1e)]&amp#27;[39m Calling AppiumDriver.click() with args: ["a91f6ebb-e8c8-4f58-9be3-e6badba3677f","346d4f1e-c621-4bc0-a119-ffc83ca9b2b7"]
[debug] &amp#27;[35m[WD Proxy]&amp#27;[39m Matched '/element/a91f6ebb-e8c8-4f58-9be3-e6badba3677f/click' to command name 'click'
[debug] &amp#27;[35m[WD Proxy]&amp#27;[39m Proxying [POST /element/a91f6ebb-e8c8-4f58-9be3-e6badba3677f/click] to [POST http://127.0.0.1:8204/wd/hub/session/282f3bb7-b195-4c8a-a389-a2752d774f80/element/a91f6ebb-e8c8-4f58-9be3-e6badba3677f/click] with body: {"element":"a91f6ebb-e8c8-4f58-9be3-e6badba3677f"}
[debug] &amp#27;[35m[WD Proxy]&amp#27;[39m Got response with status 200: {"sessionId":"282f3bb7-b195-4c8a-a389-a2752d774f80","value":null}
[debug] &amp#27;[35m[W3C (346d4f1e)]&amp#27;[39m Responding to client with driver.click() result: null
&amp#27;[35m[HTTP]&amp#27;[39m &amp#27;[37m<-- POST /wd/hub/session/346d4f1e-c621-4bc0-a119-ffc83ca9b2b7/element/a91f6ebb-e8c8-4f58-9be3-e6badba3677f/click &amp#27;[39m&amp#27;[32m200&amp#27;[39m &amp#27;[90m39 ms - 14&amp#27;[39m
&amp#27;[35m[HTTP]&amp#27;[39m &amp#27;[90m&amp#27;[39m
 INFO [main] (CategoryPage.java:37)- Cameras option is clicked
&amp#27;[35m[HTTP]&amp#27;[39m &amp#27;[37m-->&amp#27;[39m &amp#27;[37mGET&amp#27;[39m &amp#27;[37m/wd/hub/session/346d4f1e-c621-4bc0-a119-ffc83ca9b2b7&amp#27;[39m
&amp#27;[35m[HTTP]&amp#27;[39m &amp#27;[90m{}&amp#27;[39m
[debug] &amp#27;[35m[W3C (346d4f1e)]&amp#27;[39m Calling AppiumDriver.getSession() with args: ["346d4f1e-c621-4bc0-a119-ffc83ca9b2b7"]
[debug] &amp#27;[35m[UiAutomator2]&amp#27;[39m Getting session details from server to mix in
[debug] &amp#27;[35m[WD Proxy]&amp#27;[39m Matched '/' to command name 'getSession'
[debug] &amp#27;[35m[WD Proxy]&amp#27;[39m Proxying [GET /] to [GET http://127.0.0.1:8204/wd/hub/session/282f3bb7-b195-4c8a-a389-a2752d774f80] with body: {}
[debug] &amp#27;[35m[WD Proxy]&amp#27;[39m Got response with status 200: {"sessionId":"282f3bb7-b195-4c8a-a389-a2752d774f80","value":{}}
[debug] &amp#27;[35m[W3C (346d4f1e)]&amp#27;[39m Responding to client with driver.getSession() result: {"platform":"LINUX","webStorageEnabled":false,"takesScreenshot":true,"javascriptEnabled":true,"databaseEnabled":false,"networkConnectionEnabled":true,"locationContextEnabled":false,"warnings":{},"desired":{"platformName":"android","app":"C:\\Users\\moham\\Desktop\\Appium\\DemoProject\\src\\Amazon.apk","appActivity":"com.amazon.mShop.home.HomeActivity","appPackage":"in.amazon.mShop.android.shopping","udid":"3300a0bd18c31465"},"platformName":"android","app":"C:\\Users\\moham\\Desktop\\Appium\\DemoProject\\src\\Amazon.apk","appActivity":"com.amazon.mShop.home.HomeActivity","appPackage":"in.amazon.mShop.android.shopping","udid":"3300a0bd18c31465","deviceName":"3300a0bd18c31465","deviceUDID":"3300a0bd18c31465","deviceApiLevel":23,"platformVersion":"6.0.1","deviceScreenSize":"720x1280","deviceScreenDensity":320,"deviceModel":"SM-J700F","deviceManufacturer":"samsung","pixelRatio":2,"statBarHeight":48,"viewportRect":{"left":0,"top":48,"width":720,"height":1232}}
&amp#27;[35m[HTTP]&amp#27;[39m &amp#27;[37m<-- GET /wd/hub/session/346d4f1e-c621-4bc0-a119-ffc83ca9b2b7 &amp#27;[39m&amp#27;[32m200&amp#27;[39m &amp#27;[90m25 ms - 978&amp#27;[39m
&amp#27;[35m[HTTP]&amp#27;[39m &amp#27;[90m&amp#27;[39m
&amp#27;[35m[HTTP]&amp#27;[39m &amp#27;[37m-->&amp#27;[39m &amp#27;[37mPOST&amp#27;[39m &amp#27;[37m/wd/hub/session/346d4f1e-c621-4bc0-a119-ffc83ca9b2b7/elements&amp#27;[39m
&amp#27;[35m[HTTP]&amp#27;[39m &amp#27;[90m{"using":"class name","value":"android.widget.Image"}&amp#27;[39m
[debug] &amp#27;[35m[W3C (346d4f1e)]&amp#27;[39m Calling AppiumDriver.findElements() with args: ["class name","android.widget.Image","346d4f1e-c621-4bc0-a119-ffc83ca9b2b7"]
[debug] &amp#27;[35m[BaseDriver]&amp#27;[39m Valid locator strategies for this request: xpath, id, class name, accessibility id, -android uiautomator
[debug] &amp#27;[35m[BaseDriver]&amp#27;[39m Waiting up to 10000 ms for condition
[debug] &amp#27;[35m[WD Proxy]&amp#27;[39m Matched '/elements' to command name 'findElements'
[debug] &amp#27;[35m[WD Proxy]&amp#27;[39m Proxying [POST /elements] to [POST http://127.0.0.1:8204/wd/hub/session/282f3bb7-b195-4c8a-a389-a2752d774f80/elements] with body: {"strategy":"class name","selector":"android.widget.Image","context":"","multiple":true}
[debug] &amp#27;[35m[WD Proxy]&amp#27;[39m Got response with status 200: {"sessionId":"282f3bb7-b195-4c8a-a389-a2752d774f80","value":[]}
[debug] &amp#27;[35m[BaseDriver]&amp#27;[39m Waited for 611 ms so far
[debug] &amp#27;[35m[WD Proxy]&amp#27;[39m Matched '/elements' to command name 'findElements'
[debug] &amp#27;[35m[WD Proxy]&amp#27;[39m Proxying [POST /elements] to [POST http://127.0.0.1:8204/wd/hub/session/282f3bb7-b195-4c8a-a389-a2752d774f80/elements] with body: {"strategy":"class name","selector":"android.widget.Image","context":"","multiple":true}
[debug] &amp#27;[35m[WD Proxy]&amp#27;[39m Got response with status 200: {"sessionId":"282f3bb7-b195-4c8a-a389-a2752d774f80","value":[]}
[debug] &amp#27;[35m[BaseDriver]&amp#27;[39m Waited for 2083 ms so far
[debug] &amp#27;[35m[WD Proxy]&amp#27;[39m Matched '/elements' to command name 'findElements'
[debug] &amp#27;[35m[WD Proxy]&amp#27;[39m Proxying [POST /elements] to [POST http://127.0.0.1:8204/wd/hub/session/282f3bb7-b195-4c8a-a389-a2752d774f80/elements] with body: {"strategy":"class name","selector":"android.widget.Image","context":"","multiple":true}
[debug] &amp#27;[35m[WD Proxy]&amp#27;[39m Got response with status 200: {"sessionId":"282f3bb7-b195-4c8a-a389-a2752d774f80","value":[{"ELEMENT":"b70a01cc-b2c0-4591-be1f-7d34c48abec5","element-6066-11e4-a52e-4f735466cecf":"b70a01cc-b2c0-4591-be1f-7d34c48abec5"},{"ELEMENT":"2bdd1ce4-6b29-4faf-86f7-148620bc7a14","element-6066-11e4-a52e-4f735466cecf":"2bdd1ce4-6b29-4faf-86f7-148620bc7a14"},{"ELEMENT":"00d94b03-da34-427d-9b5b-4865428a5cda","element-6066-11e4-a52e-4f735466cecf":"00d94b03-da34-427d-9b5b-4865428a5cda"},{"ELEMENT":"06407d86-7e98-4000-8926-4f6ee2351878","element-6066-11e4-a52e-4f735466cecf":"06407d86-7e98-4000-8926-4f6ee2351878"},{"ELEMENT":"bfd9757c-a404-4195-ac45-8cc40570c079","element-6066-11e4-a52e-4f735466cecf":"bfd9757c-a404-4195-ac45-8cc40570c079"},{"ELEMENT":"64cdeac6-ac1e-4ba5-a564-cccf80a6a68a","element-6066-11e4-a52e-4f735466cecf":"64cdeac6-ac1e-4ba5-a564-cccf80a6a68a"},{"ELEMENT":"bc212e67-cc35-471c-8323-6b5a27e16a64","element-6066-11e4-a52e-4f735466cecf":"bc212e67-cc35-471c-8323-6b5a27e16a64"}]}
[debug] &amp#27;[35m[W3C (346d4f1e)]&amp#27;[39m Responding to client with driver.findElements() result: [{"element-6066-11e4-a52e-4f735466cecf":"b70a01cc-b2c0-4591-be1f-7d34c48abec5","ELEMENT":"b70a01cc-b2c0-4591-be1f-7d34c48abec5"},{"element-6066-11e4-a52e-4f735466cecf":"2bdd1ce4-6b29-4faf-86f7-148620bc7a14","ELEMENT":"2bdd1ce4-6b29-4faf-86f7-148620bc7a14"},{"element-6066-11e4-a52e-4f735466cecf":"00d94b03-da34-427d-9b5b-4865428a5cda","ELEMENT":"00d94b03-da34-427d-9b5b-4865428a5cda"},{"element-6066-11e4-a52e-4f735466cecf":"06407d86-7e98-4000-8926-4f6ee2351878","ELEMENT":"06407d86-7e98-4000-8926-4f6ee2351878"},{"element-6066-11e4-a52e-4f735466cecf":"bfd9757c-a404-4195-ac45-8cc40570c079","ELEMENT":"bfd9757c-a404-4195-ac45-8cc40570c079"},{"element-6066-11e4-a52e-4f735466cecf":"64cdeac6-ac1e-4ba5-a564-cccf80a6a68a","ELEMENT":"64cdeac6-ac1e-4ba5-a564-cccf80a6a68a"},{"element-6066-11e4-a52e-4f735466cecf":"bc212e67-cc35-471c-8323-6b5a27e16a64","ELEMENT":"bc212e67-cc35-471c-8323-6b5a27e16a64"}]
&amp#27;[35m[HTTP]&amp#27;[39m &amp#27;[37m<-- POST /wd/hub/session/346d4f1e-c621-4bc0-a119-ffc83ca9b2b7/elements &amp#27;[39m&amp#27;[32m200&amp#27;[39m &amp#27;[90m3500 ms - 907&amp#27;[39m
&amp#27;[35m[HTTP]&amp#27;[39m &amp#27;[90m&amp#27;[39m
&amp#27;[35m[HTTP]&amp#27;[39m &amp#27;[37m-->&amp#27;[39m &amp#27;[37mGET&amp#27;[39m &amp#27;[37m/wd/hub/session/346d4f1e-c621-4bc0-a119-ffc83ca9b2b7/element/b70a01cc-b2c0-4591-be1f-7d34c48abec5/displayed&amp#27;[39m
&amp#27;[35m[HTTP]&amp#27;[39m &amp#27;[90m{}&amp#27;[39m
[debug] &amp#27;[35m[W3C (346d4f1e)]&amp#27;[39m Calling AppiumDriver.elementDisplayed() with args: ["b70a01cc-b2c0-4591-be1f-7d34c48abec5","346d4f1e-c621-4bc0-a119-ffc83ca9b2b7"]
[debug] &amp#27;[35m[WD Proxy]&amp#27;[39m Matched '/element/b70a01cc-b2c0-4591-be1f-7d34c48abec5/attribute/displayed' to command name 'getAttribute'
[debug] &amp#27;[35m[WD Proxy]&amp#27;[39m Proxying [GET /element/b70a01cc-b2c0-4591-be1f-7d34c48abec5/attribute/displayed] to [GET http://127.0.0.1:8204/wd/hub/session/282f3bb7-b195-4c8a-a389-a2752d774f80/element/b70a01cc-b2c0-4591-be1f-7d34c48abec5/attribute/displayed] with body: {}
[debug] &amp#27;[35m[WD Proxy]&amp#27;[39m Got response with status 200: {"sessionId":"282f3bb7-b195-4c8a-a389-a2752d774f80","value":"true"}
[debug] &amp#27;[35m[W3C (346d4f1e)]&amp#27;[39m Responding to client with driver.elementDisplayed() result: true
&amp#27;[35m[HTTP]&amp#27;[39m &amp#27;[37m<-- GET /wd/hub/session/346d4f1e-c621-4bc0-a119-ffc83ca9b2b7/element/b70a01cc-b2c0-4591-be1f-7d34c48abec5/displayed &amp#27;[39m&amp#27;[32m200&amp#27;[39m &amp#27;[90m2149 ms - 14&amp#27;[39m
&amp#27;[35m[HTTP]&amp#27;[39m &amp#27;[90m&amp#27;[39m
&amp#27;[35m[HTTP]&amp#27;[39m &amp#27;[37m-->&amp#27;[39m &amp#27;[37mPOST&amp#27;[39m &amp#27;[37m/wd/hub/session/346d4f1e-c621-4bc0-a119-ffc83ca9b2b7/element/b70a01cc-b2c0-4591-be1f-7d34c48abec5/click&amp#27;[39m
&amp#27;[35m[HTTP]&amp#27;[39m &amp#27;[90m{"id":"b70a01cc-b2c0-4591-be1f-7d34c48abec5"}&amp#27;[39m
[debug] &amp#27;[35m[W3C (346d4f1e)]&amp#27;[39m Calling AppiumDriver.click() with args: ["b70a01cc-b2c0-4591-be1f-7d34c48abec5","346d4f1e-c621-4bc0-a119-ffc83ca9b2b7"]
[debug] &amp#27;[35m[WD Proxy]&amp#27;[39m Matched '/element/b70a01cc-b2c0-4591-be1f-7d34c48abec5/click' to command name 'click'
[debug] &amp#27;[35m[WD Proxy]&amp#27;[39m Proxying [POST /element/b70a01cc-b2c0-4591-be1f-7d34c48abec5/click] to [POST http://127.0.0.1:8204/wd/hub/session/282f3bb7-b195-4c8a-a389-a2752d774f80/element/b70a01cc-b2c0-4591-be1f-7d34c48abec5/click] with body: {"element":"b70a01cc-b2c0-4591-be1f-7d34c48abec5"}
[debug] &amp#27;[35m[WD Proxy]&amp#27;[39m Got response with status 200: {"sessionId":"282f3bb7-b195-4c8a-a389-a2752d774f80","value":null}
[debug] &amp#27;[35m[W3C (346d4f1e)]&amp#27;[39m Responding to client with driver.click() result: null
 INFO [main] (CamerasAndPhotographyPage.java:30)- Top Listed Product Clicked
 INFO [main] (ProductPage.java:26)- Validating whether top listed item available in stock
&amp#27;[35m[HTTP]&amp#27;[39m &amp#27;[37m<-- POST /wd/hub/session/346d4f1e-c621-4bc0-a119-ffc83ca9b2b7/element/b70a01cc-b2c0-4591-be1f-7d34c48abec5/click &amp#27;[39m&amp#27;[32m200&amp#27;[39m &amp#27;[90m4208 ms - 14&amp#27;[39m
&amp#27;[35m[HTTP]&amp#27;[39m &amp#27;[90m&amp#27;[39m
&amp#27;[35m[HTTP]&amp#27;[39m &amp#27;[37m-->&amp#27;[39m &amp#27;[37mPOST&amp#27;[39m &amp#27;[37m/wd/hub/session/346d4f1e-c621-4bc0-a119-ffc83ca9b2b7/element&amp#27;[39m
&amp#27;[35m[HTTP]&amp#27;[39m &amp#27;[90m{"using":"-android uiautomator","value":"new UiScrollable(new UiSelector()).scrollIntoView(text(\"In stock.\"));"}&amp#27;[39m
[debug] &amp#27;[35m[W3C (346d4f1e)]&amp#27;[39m Calling AppiumDriver.findElement() with args: ["-android uiautomator","new UiScrollable(new UiSelector()).scrollIntoView(text(\"In stock.\"));","346d4f1e-c621-4bc0-a119-ffc83ca9b2b7"]
[debug] &amp#27;[35m[BaseDriver]&amp#27;[39m Valid locator strategies for this request: xpath, id, class name, accessibility id, -android uiautomator
[debug] &amp#27;[35m[BaseDriver]&amp#27;[39m Waiting up to 10000 ms for condition
[debug] &amp#27;[35m[WD Proxy]&amp#27;[39m Matched '/element' to command name 'findElement'
[debug] &amp#27;[35m[WD Proxy]&amp#27;[39m Proxying [POST /element] to [POST http://127.0.0.1:8204/wd/hub/session/282f3bb7-b195-4c8a-a389-a2752d774f80/element] with body: {"strategy":"-android uiautomator","selector":"new UiScrollable(new UiSelector()).scrollIntoView(text(\"In stock.\"));","context":"","multiple":false}
[debug] &amp#27;[35m[WD Proxy]&amp#27;[39m Got response with status 200: {"sessionId":"282f3bb7-b195-4c8a-a389-a2752d774f80","value":{"ELEMENT":"150aeca4-e64d-4151-ad89-67aacdf674c7","element-6066-11e4-a52e-4f735466cecf":"150aeca4-e64d-4151-ad89-67aacdf674c7"}}
[debug] &amp#27;[35m[W3C (346d4f1e)]&amp#27;[39m Responding to client with driver.findElement() result: {"element-6066-11e4-a52e-4f735466cecf":"150aeca4-e64d-4151-ad89-67aacdf674c7","ELEMENT":"150aeca4-e64d-4151-ad89-67aacdf674c7"}
&amp#27;[35m[HTTP]&amp#27;[39m &amp#27;[37m<-- POST /wd/hub/session/346d4f1e-c621-4bc0-a119-ffc83ca9b2b7/element &amp#27;[39m&amp#27;[32m200&amp#27;[39m &amp#27;[90m11454 ms - 137&amp#27;[39m
&amp#27;[35m[HTTP]&amp#27;[39m &amp#27;[90m&amp#27;[39m
&amp#27;[35m[HTTP]&amp#27;[39m &amp#27;[37m-->&amp#27;[39m &amp#27;[37mGET&amp#27;[39m &amp#27;[37m/wd/hub/session/346d4f1e-c621-4bc0-a119-ffc83ca9b2b7&amp#27;[39m
&amp#27;[35m[HTTP]&amp#27;[39m &amp#27;[90m{}&amp#27;[39m
[debug] &amp#27;[35m[W3C (346d4f1e)]&amp#27;[39m Calling AppiumDriver.getSession() with args: ["346d4f1e-c621-4bc0-a119-ffc83ca9b2b7"]
[debug] &amp#27;[35m[UiAutomator2]&amp#27;[39m Getting session details from server to mix in
[debug] &amp#27;[35m[WD Proxy]&amp#27;[39m Matched '/' to command name 'getSession'
[debug] &amp#27;[35m[WD Proxy]&amp#27;[39m Proxying [GET /] to [GET http://127.0.0.1:8204/wd/hub/session/282f3bb7-b195-4c8a-a389-a2752d774f80] with body: {}
[debug] &amp#27;[35m[WD Proxy]&amp#27;[39m Got response with status 200: {"sessionId":"282f3bb7-b195-4c8a-a389-a2752d774f80","value":{}}
[debug] &amp#27;[35m[W3C (346d4f1e)]&amp#27;[39m Responding to client with driver.getSession() result: {"platform":"LINUX","webStorageEnabled":false,"takesScreenshot":true,"javascriptEnabled":true,"databaseEnabled":false,"networkConnectionEnabled":true,"locationContextEnabled":false,"warnings":{},"desired":{"platformName":"android","app":"C:\\Users\\moham\\Desktop\\Appium\\DemoProject\\src\\Amazon.apk","appActivity":"com.amazon.mShop.home.HomeActivity","appPackage":"in.amazon.mShop.android.shopping","udid":"3300a0bd18c31465"},"platformName":"android","app":"C:\\Users\\moham\\Desktop\\Appium\\DemoProject\\src\\Amazon.apk","appActivity":"com.amazon.mShop.home.HomeActivity","appPackage":"in.amazon.mShop.android.shopping","udid":"3300a0bd18c31465","deviceName":"3300a0bd18c31465","deviceUDID":"3300a0bd18c31465","deviceApiLevel":23,"platformVersion":"6.0.1","deviceScreenSize":"720x1280","deviceScreenDensity":320,"deviceModel":"SM-J700F","deviceManufacturer":"samsung","pixelRatio":2,"statBarHeight":48,"viewportRect":{"left":0,"top":48,"width":720,"height":1232}}
&amp#27;[35m[HTTP]&amp#27;[39m &amp#27;[37m<-- GET /wd/hub/session/346d4f1e-c621-4bc0-a119-ffc83ca9b2b7 &amp#27;[39m&amp#27;[32m200&amp#27;[39m &amp#27;[90m11 ms - 978&amp#27;[39m
&amp#27;[35m[HTTP]&amp#27;[39m &amp#27;[90m&amp#27;[39m
&amp#27;[35m[HTTP]&amp#27;[39m &amp#27;[37m-->&amp#27;[39m &amp#27;[37mPOST&amp#27;[39m &amp#27;[37m/wd/hub/session/346d4f1e-c621-4bc0-a119-ffc83ca9b2b7/element&amp#27;[39m
&amp#27;[35m[HTTP]&amp#27;[39m &amp#27;[90m{"using":"xpath","value":"//android.widget.TextView[@text='In stock.']"}&amp#27;[39m
[debug] &amp#27;[35m[W3C (346d4f1e)]&amp#27;[39m Calling AppiumDriver.findElement() with args: ["xpath","//android.widget.TextView[@text='In stock.']","346d4f1e-c621-4bc0-a119-ffc83ca9b2b7"]
[debug] &amp#27;[35m[BaseDriver]&amp#27;[39m Valid locator strategies for this request: xpath, id, class name, accessibility id, -android uiautomator
[debug] &amp#27;[35m[BaseDriver]&amp#27;[39m Waiting up to 10000 ms for condition
[debug] &amp#27;[35m[WD Proxy]&amp#27;[39m Matched '/element' to command name 'findElement'
[debug] &amp#27;[35m[WD Proxy]&amp#27;[39m Proxying [POST /element] to [POST http://127.0.0.1:8204/wd/hub/session/282f3bb7-b195-4c8a-a389-a2752d774f80/element] with body: {"strategy":"xpath","selector":"//android.widget.TextView[@text='In stock.']","context":"","multiple":false}
[debug] &amp#27;[35m[WD Proxy]&amp#27;[39m Got response with status 200: {"sessionId":"282f3bb7-b195-4c8a-a389-a2752d774f80","value":{"ELEMENT":"e8fec728-f2c0-4112-9869-fdb79cadaaf8","element-6066-11e4-a52e-4f735466cecf":"e8fec728-f2c0-4112-9869-fdb79cadaaf8"}}
[debug] &amp#27;[35m[W3C (346d4f1e)]&amp#27;[39m Responding to client with driver.findElement() result: {"element-6066-11e4-a52e-4f735466cecf":"e8fec728-f2c0-4112-9869-fdb79cadaaf8","ELEMENT":"e8fec728-f2c0-4112-9869-fdb79cadaaf8"}
&amp#27;[35m[HTTP]&amp#27;[39m &amp#27;[37m<-- POST /wd/hub/session/346d4f1e-c621-4bc0-a119-ffc83ca9b2b7/element &amp#27;[39m&amp#27;[32m200&amp#27;[39m &amp#27;[90m573 ms - 137&amp#27;[39m
&amp#27;[35m[HTTP]&amp#27;[39m &amp#27;[90m&amp#27;[39m
&amp#27;[35m[HTTP]&amp#27;[39m &amp#27;[37m-->&amp#27;[39m &amp#27;[37mGET&amp#27;[39m &amp#27;[37m/wd/hub/session/346d4f1e-c621-4bc0-a119-ffc83ca9b2b7/element/e8fec728-f2c0-4112-9869-fdb79cadaaf8/text&amp#27;[39m
&amp#27;[35m[HTTP]&amp#27;[39m &amp#27;[90m{}&amp#27;[39m
&amp#27;[35m[W3C (346d4f1e)]&amp#27;[39m Driver proxy active, passing request on via HTTP proxy
[debug] &amp#27;[35m[WD Proxy]&amp#27;[39m Matched '/wd/hub/session/346d4f1e-c621-4bc0-a119-ffc83ca9b2b7/element/e8fec728-f2c0-4112-9869-fdb79cadaaf8/text' to command name 'getText'
[debug] &amp#27;[35m[WD Proxy]&amp#27;[39m Proxying [GET /wd/hub/session/346d4f1e-c621-4bc0-a119-ffc83ca9b2b7/element/e8fec728-f2c0-4112-9869-fdb79cadaaf8/text] to [GET http://127.0.0.1:8204/wd/hub/session/282f3bb7-b195-4c8a-a389-a2752d774f80/element/e8fec728-f2c0-4112-9869-fdb79cadaaf8/text] with body: {}
[debug] &amp#27;[35m[WD Proxy]&amp#27;[39m Got response with status 200: {"sessionId":"282f3bb7-b195-4c8a-a389-a2752d774f80","value":"In stock."}
&amp#27;[35m[WD Proxy]&amp#27;[39m Replacing sessionId 282f3bb7-b195-4c8a-a389-a2752d774f80 with 346d4f1e-c621-4bc0-a119-ffc83ca9b2b7
&amp#27;[35m[HTTP]&amp#27;[39m &amp#27;[37m<-- GET /wd/hub/session/346d4f1e-c621-4bc0-a119-ffc83ca9b2b7/element/e8fec728-f2c0-4112-9869-fdb79cadaaf8/text &amp#27;[39m&amp#27;[32m200&amp#27;[39m &amp#27;[90m23 ms - 72&amp#27;[39m
&amp#27;[35m[HTTP]&amp#27;[39m &amp#27;[90m&amp#27;[39m
Test productInStockValidation successfully executed
]]></system-out>
    <system-err><![CDATA[Jul 06, 2020 9:42:27 AM io.appium.java_client.remote.AppiumCommandExecutor$1 lambda$0
INFO: Detected dialect: W3C
]]></system-err>
  </testcase>
</testsuite>