<?xml version="1.0" encoding="UTF-8"?>
<!-- Generated by org.testng.reporters.JUnitReportReporter -->
<testsuite skipped="0" hostname="DESKTOP-HK24OL8" name="com.amazon.DempProject.TC_ProductInStockValidation" tests="1" failures="0" timestamp="06 Jul 2020 08:15:56 GMT" time="69.454" errors="0">
  <testcase name="productInStockValidation" time="69.454" classname="com.amazon.DempProject.TC_ProductInStockValidation"/>
</testsuite> <!-- com.amazon.DempProject.TC_ProductInStockValidation -->
