<?xml version="1.0" encoding="UTF-8"?>
<!-- Generated by org.testng.reporters.JUnitReportReporter -->
<testsuite skipped="0" hostname="DESKTOP-HK24OL8" name="com.amazon.DempProject.TC_ProductInStockValidation" tests="1" failures="0" timestamp="06 Jul 2020 04:13:14 GMT" time="46.107" errors="0">
  <testcase name="productInStockValidation" time="46.107" classname="com.amazon.DempProject.TC_ProductInStockValidation"/>
</testsuite> <!-- com.amazon.DempProject.TC_ProductInStockValidation -->
